*** Starting uWSGI 2.0.23 (64bit) on [Tue Nov  7 21:05:52 2023] ***
compiled with version: 9.4.0 on 05 November 2023 01:15:10
os: Linux-5.4.0-136-generic #153-Ubuntu SMP Thu Nov 24 15:56:58 UTC 2022
nodename: studentlearn1
machine: x86_64
clock source: unix
pcre jit disabled
detected number of CPU cores: 4
current working directory: /var/www/html/LivingArchiveOfAboriginalLanguages
detected binary path: /var/www/html/LivingArchiveOfAboriginalLanguages/env/bin/uwsgi
setuid() to 8
chdir() to ./
your processes number limit is 31476
your memory page size is 4096 bytes
detected max file descriptor number: 1024
lock engine: pthread robust mutexes
thunder lock: disabled (you can enable it with --thunder-lock)
uwsgi socket 0 bound to TCP address 127.0.0.1:8006 fd 3
Python version: 3.11.5 (main, Aug 25 2023, 13:19:53) [GCC 9.4.0]
*** Python threads support is disabled. You can enable it with --enable-threads ***
Python main interpreter initialized at 0x7f6407878478
your server socket listen backlog is limited to 100 connections
your mercy for graceful operations on workers is 60 seconds
mapped 145840 bytes (142 KB) for 1 cores
*** Operational MODE: single process ***
Traceback (most recent call last):
  File "/var/www/html/LivingArchiveOfAboriginalLanguages/env/lib/python3.11/site-packages/django/core/handlers/wsgi.py", line 125, in __init__
    self.load_middleware()
  File "/var/www/html/LivingArchiveOfAboriginalLanguages/env/lib/python3.11/site-packages/django/core/handlers/base.py", line 40, in load_middleware
    middleware = import_string(middleware_path)
                 ^^^^^^^^^^^^^^^^^^^^^^^^^^^^^^
  File "/var/www/html/LivingArchiveOfAboriginalLanguages/env/lib/python3.11/site-packages/django/utils/module_loading.py", line 30, in import_string
    return cached_import(module_path, class_name)
           ^^^^^^^^^^^^^^^^^^^^^^^^^^^^^^^^^^^^^^
  File "/var/www/html/LivingArchiveOfAboriginalLanguages/env/lib/python3.11/site-packages/django/utils/module_loading.py", line 15, in cached_import
    module = import_module(module_path)
             ^^^^^^^^^^^^^^^^^^^^^^^^^^
  File "/usr/lib/python3.11/importlib/__init__.py", line 126, in import_module
    return _bootstrap._gcd_import(name[level:], package, level)
           ^^^^^^^^^^^^^^^^^^^^^^^^^^^^^^^^^^^^^^^^^^^^^^^^^^^^
  File "<frozen importlib._bootstrap>", line 1204, in _gcd_import
  File "<frozen importlib._bootstrap>", line 1176, in _find_and_load
  File "<frozen importlib._bootstrap>", line 1147, in _find_and_load_unlocked
  File "<frozen importlib._bootstrap>", line 690, in _load_unlocked
  File "<frozen importlib._bootstrap_external>", line 940, in exec_module
  File "<frozen importlib._bootstrap>", line 241, in _call_with_frames_removed
  File "/var/www/html/LivingArchiveOfAboriginalLanguages/env/lib/python3.11/site-packages/wagtail/contrib/redirects/middleware.py", line 7, in <module>
    from wagtail.contrib.redirects import models
  File "/var/www/html/LivingArchiveOfAboriginalLanguages/env/lib/python3.11/site-packages/wagtail/contrib/redirects/models.py", line 7, in <module>
    from wagtail.models import Page
  File "/var/www/html/LivingArchiveOfAboriginalLanguages/env/lib/python3.11/site-packages/wagtail/models/__init__.py", line 22, in <module>
    from django.contrib.auth.models import Group, Permission
  File "/var/www/html/LivingArchiveOfAboriginalLanguages/env/lib/python3.11/site-packages/django/contrib/auth/models.py", line 3, in <module>
    from django.contrib.auth.base_user import AbstractBaseUser, BaseUserManager
  File "/var/www/html/LivingArchiveOfAboriginalLanguages/env/lib/python3.11/site-packages/django/contrib/auth/base_user.py", line 50, in <module>
    class AbstractBaseUser(models.Model):
  File "/var/www/html/LivingArchiveOfAboriginalLanguages/env/lib/python3.11/site-packages/django/db/models/base.py", line 127, in __new__
    app_config = apps.get_containing_app_config(module)
                 ^^^^^^^^^^^^^^^^^^^^^^^^^^^^^^^^^^^^^^
  File "/var/www/html/LivingArchiveOfAboriginalLanguages/env/lib/python3.11/site-packages/django/apps/registry.py", line 260, in get_containing_app_config
    self.check_apps_ready()
  File "/var/www/html/LivingArchiveOfAboriginalLanguages/env/lib/python3.11/site-packages/django/apps/registry.py", line 138, in check_apps_ready
    raise AppRegistryNotReady("Apps aren't loaded yet.")
django.core.exceptions.AppRegistryNotReady: Apps aren't loaded yet.
unable to load app 0 (mountpoint='') (callable not found or import error)
Traceback (most recent call last):
  File "./livingarchive/wsgi.py", line 16, in <module>
    application = get_wsgi_application()
                  ^^^^^^^^^^^^^^^^^^^^^^
  File "/var/www/html/LivingArchiveOfAboriginalLanguages/env/lib/python3.11/site-packages/django/core/wsgi.py", line 12, in get_wsgi_application
    django.setup(set_prefix=False)
  File "/var/www/html/LivingArchiveOfAboriginalLanguages/env/lib/python3.11/site-packages/django/__init__.py", line 24, in setup
    apps.populate(settings.INSTALLED_APPS)
  File "/var/www/html/LivingArchiveOfAboriginalLanguages/env/lib/python3.11/site-packages/django/apps/registry.py", line 91, in populate
    app_config = AppConfig.create(entry)
                 ^^^^^^^^^^^^^^^^^^^^^^^
  File "/var/www/html/LivingArchiveOfAboriginalLanguages/env/lib/python3.11/site-packages/django/apps/config.py", line 193, in create
    import_module(entry)
  File "/usr/lib/python3.11/importlib/__init__.py", line 126, in import_module
    return _bootstrap._gcd_import(name[level:], package, level)
           ^^^^^^^^^^^^^^^^^^^^^^^^^^^^^^^^^^^^^^^^^^^^^^^^^^^^
  File "<frozen importlib._bootstrap>", line 1204, in _gcd_import
  File "<frozen importlib._bootstrap>", line 1176, in _find_and_load
  File "<frozen importlib._bootstrap>", line 1140, in _find_and_load_unlocked
ModuleNotFoundError: No module named 'wagtailmedia'
unable to load app 0 (mountpoint='') (callable not found or import error)
*** no app loaded. going in full dynamic mode ***
*** uWSGI is running in multiple interpreter mode ***
spawned uWSGI master process (pid: 2637953)
spawned uWSGI worker 1 (pid: 2637954, cores: 1)
SIGINT/SIGTERM received...killing workers...
worker 1 buried after 1 seconds
goodbye to uWSGI.
*** Starting uWSGI 2.0.23 (64bit) on [Tue Nov  7 21:10:26 2023] ***
compiled with version: 9.4.0 on 05 November 2023 01:15:10
os: Linux-5.4.0-136-generic #153-Ubuntu SMP Thu Nov 24 15:56:58 UTC 2022
nodename: studentlearn1
machine: x86_64
clock source: unix
pcre jit disabled
detected number of CPU cores: 4
current working directory: /var/www/html/LivingArchiveOfAboriginalLanguages
detected binary path: /var/www/html/LivingArchiveOfAboriginalLanguages/env/bin/uwsgi
setuid() to 8
chdir() to ./
your processes number limit is 31476
your memory page size is 4096 bytes
detected max file descriptor number: 1024
lock engine: pthread robust mutexes
thunder lock: disabled (you can enable it with --thunder-lock)
uwsgi socket 0 bound to TCP address 127.0.0.1:8006 fd 3
Python version: 3.11.5 (main, Aug 25 2023, 13:19:53) [GCC 9.4.0]
*** Python threads support is disabled. You can enable it with --enable-threads ***
Python main interpreter initialized at 0x7f032c087478
your server socket listen backlog is limited to 100 connections
your mercy for graceful operations on workers is 60 seconds
mapped 145840 bytes (142 KB) for 1 cores
*** Operational MODE: single process ***
Traceback (most recent call last):
  File "/var/www/html/LivingArchiveOfAboriginalLanguages/env/lib/python3.11/site-packages/django/core/handlers/wsgi.py", line 125, in __init__
    self.load_middleware()
  File "/var/www/html/LivingArchiveOfAboriginalLanguages/env/lib/python3.11/site-packages/django/core/handlers/base.py", line 40, in load_middleware
    middleware = import_string(middleware_path)
                 ^^^^^^^^^^^^^^^^^^^^^^^^^^^^^^
  File "/var/www/html/LivingArchiveOfAboriginalLanguages/env/lib/python3.11/site-packages/django/utils/module_loading.py", line 30, in import_string
    return cached_import(module_path, class_name)
           ^^^^^^^^^^^^^^^^^^^^^^^^^^^^^^^^^^^^^^
  File "/var/www/html/LivingArchiveOfAboriginalLanguages/env/lib/python3.11/site-packages/django/utils/module_loading.py", line 15, in cached_import
    module = import_module(module_path)
             ^^^^^^^^^^^^^^^^^^^^^^^^^^
  File "/usr/lib/python3.11/importlib/__init__.py", line 126, in import_module
    return _bootstrap._gcd_import(name[level:], package, level)
           ^^^^^^^^^^^^^^^^^^^^^^^^^^^^^^^^^^^^^^^^^^^^^^^^^^^^
  File "<frozen importlib._bootstrap>", line 1204, in _gcd_import
  File "<frozen importlib._bootstrap>", line 1176, in _find_and_load
  File "<frozen importlib._bootstrap>", line 1147, in _find_and_load_unlocked
  File "<frozen importlib._bootstrap>", line 690, in _load_unlocked
  File "<frozen importlib._bootstrap_external>", line 940, in exec_module
  File "<frozen importlib._bootstrap>", line 241, in _call_with_frames_removed
  File "/var/www/html/LivingArchiveOfAboriginalLanguages/env/lib/python3.11/site-packages/wagtail/contrib/redirects/middleware.py", line 7, in <module>
    from wagtail.contrib.redirects import models
  File "/var/www/html/LivingArchiveOfAboriginalLanguages/env/lib/python3.11/site-packages/wagtail/contrib/redirects/models.py", line 7, in <module>
    from wagtail.models import Page
  File "/var/www/html/LivingArchiveOfAboriginalLanguages/env/lib/python3.11/site-packages/wagtail/models/__init__.py", line 22, in <module>
    from django.contrib.auth.models import Group, Permission
  File "/var/www/html/LivingArchiveOfAboriginalLanguages/env/lib/python3.11/site-packages/django/contrib/auth/models.py", line 3, in <module>
    from django.contrib.auth.base_user import AbstractBaseUser, BaseUserManager
  File "/var/www/html/LivingArchiveOfAboriginalLanguages/env/lib/python3.11/site-packages/django/contrib/auth/base_user.py", line 50, in <module>
    class AbstractBaseUser(models.Model):
  File "/var/www/html/LivingArchiveOfAboriginalLanguages/env/lib/python3.11/site-packages/django/db/models/base.py", line 127, in __new__
    app_config = apps.get_containing_app_config(module)
                 ^^^^^^^^^^^^^^^^^^^^^^^^^^^^^^^^^^^^^^
  File "/var/www/html/LivingArchiveOfAboriginalLanguages/env/lib/python3.11/site-packages/django/apps/registry.py", line 260, in get_containing_app_config
    self.check_apps_ready()
  File "/var/www/html/LivingArchiveOfAboriginalLanguages/env/lib/python3.11/site-packages/django/apps/registry.py", line 138, in check_apps_ready
    raise AppRegistryNotReady("Apps aren't loaded yet.")
django.core.exceptions.AppRegistryNotReady: Apps aren't loaded yet.
unable to load app 0 (mountpoint='') (callable not found or import error)
Traceback (most recent call last):
  File "./livingarchive/wsgi.py", line 16, in <module>
    application = get_wsgi_application()
                  ^^^^^^^^^^^^^^^^^^^^^^
  File "/var/www/html/LivingArchiveOfAboriginalLanguages/env/lib/python3.11/site-packages/django/core/wsgi.py", line 12, in get_wsgi_application
    django.setup(set_prefix=False)
  File "/var/www/html/LivingArchiveOfAboriginalLanguages/env/lib/python3.11/site-packages/django/__init__.py", line 24, in setup
    apps.populate(settings.INSTALLED_APPS)
  File "/var/www/html/LivingArchiveOfAboriginalLanguages/env/lib/python3.11/site-packages/django/apps/registry.py", line 91, in populate
    app_config = AppConfig.create(entry)
                 ^^^^^^^^^^^^^^^^^^^^^^^
  File "/var/www/html/LivingArchiveOfAboriginalLanguages/env/lib/python3.11/site-packages/django/apps/config.py", line 193, in create
    import_module(entry)
  File "/usr/lib/python3.11/importlib/__init__.py", line 126, in import_module
    return _bootstrap._gcd_import(name[level:], package, level)
           ^^^^^^^^^^^^^^^^^^^^^^^^^^^^^^^^^^^^^^^^^^^^^^^^^^^^
  File "<frozen importlib._bootstrap>", line 1204, in _gcd_import
  File "<frozen importlib._bootstrap>", line 1176, in _find_and_load
  File "<frozen importlib._bootstrap>", line 1140, in _find_and_load_unlocked
ModuleNotFoundError: No module named 'wagtailmedia'
unable to load app 0 (mountpoint='') (callable not found or import error)
*** no app loaded. going in full dynamic mode ***
*** uWSGI is running in multiple interpreter mode ***
spawned uWSGI master process (pid: 2638189)
spawned uWSGI worker 1 (pid: 2638190, cores: 1)
SIGINT/SIGTERM received...killing workers...
worker 1 buried after 1 seconds
goodbye to uWSGI.
*** Starting uWSGI 2.0.23 (64bit) on [Tue Nov  7 21:12:19 2023] ***
compiled with version: 9.4.0 on 05 November 2023 01:15:10
os: Linux-5.4.0-136-generic #153-Ubuntu SMP Thu Nov 24 15:56:58 UTC 2022
nodename: studentlearn1
machine: x86_64
clock source: unix
pcre jit disabled
detected number of CPU cores: 4
current working directory: /var/www/html/LivingArchiveOfAboriginalLanguages
detected binary path: /var/www/html/LivingArchiveOfAboriginalLanguages/env/bin/uwsgi
setuid() to 8
chdir() to ./
your processes number limit is 31476
your memory page size is 4096 bytes
detected max file descriptor number: 1024
lock engine: pthread robust mutexes
thunder lock: disabled (you can enable it with --thunder-lock)
uwsgi socket 0 bound to TCP address 127.0.0.1:8006 fd 3
Python version: 3.11.5 (main, Aug 25 2023, 13:19:53) [GCC 9.4.0]
*** Python threads support is disabled. You can enable it with --enable-threads ***
Python main interpreter initialized at 0x7f0ceeb0a478
your server socket listen backlog is limited to 100 connections
your mercy for graceful operations on workers is 60 seconds
mapped 145840 bytes (142 KB) for 1 cores
*** Operational MODE: single process ***
Traceback (most recent call last):
  File "/var/www/html/LivingArchiveOfAboriginalLanguages/env/lib/python3.11/site-packages/django/core/handlers/wsgi.py", line 125, in __init__
    self.load_middleware()
  File "/var/www/html/LivingArchiveOfAboriginalLanguages/env/lib/python3.11/site-packages/django/core/handlers/base.py", line 40, in load_middleware
    middleware = import_string(middleware_path)
                 ^^^^^^^^^^^^^^^^^^^^^^^^^^^^^^
  File "/var/www/html/LivingArchiveOfAboriginalLanguages/env/lib/python3.11/site-packages/django/utils/module_loading.py", line 30, in import_string
    return cached_import(module_path, class_name)
           ^^^^^^^^^^^^^^^^^^^^^^^^^^^^^^^^^^^^^^
  File "/var/www/html/LivingArchiveOfAboriginalLanguages/env/lib/python3.11/site-packages/django/utils/module_loading.py", line 15, in cached_import
    module = import_module(module_path)
             ^^^^^^^^^^^^^^^^^^^^^^^^^^
  File "/usr/lib/python3.11/importlib/__init__.py", line 126, in import_module
    return _bootstrap._gcd_import(name[level:], package, level)
           ^^^^^^^^^^^^^^^^^^^^^^^^^^^^^^^^^^^^^^^^^^^^^^^^^^^^
  File "<frozen importlib._bootstrap>", line 1204, in _gcd_import
  File "<frozen importlib._bootstrap>", line 1176, in _find_and_load
  File "<frozen importlib._bootstrap>", line 1147, in _find_and_load_unlocked
  File "<frozen importlib._bootstrap>", line 690, in _load_unlocked
  File "<frozen importlib._bootstrap_external>", line 940, in exec_module
  File "<frozen importlib._bootstrap>", line 241, in _call_with_frames_removed
  File "/var/www/html/LivingArchiveOfAboriginalLanguages/env/lib/python3.11/site-packages/wagtail/contrib/redirects/middleware.py", line 7, in <module>
    from wagtail.contrib.redirects import models
  File "/var/www/html/LivingArchiveOfAboriginalLanguages/env/lib/python3.11/site-packages/wagtail/contrib/redirects/models.py", line 7, in <module>
    from wagtail.models import Page
  File "/var/www/html/LivingArchiveOfAboriginalLanguages/env/lib/python3.11/site-packages/wagtail/models/__init__.py", line 22, in <module>
    from django.contrib.auth.models import Group, Permission
  File "/var/www/html/LivingArchiveOfAboriginalLanguages/env/lib/python3.11/site-packages/django/contrib/auth/models.py", line 3, in <module>
    from django.contrib.auth.base_user import AbstractBaseUser, BaseUserManager
  File "/var/www/html/LivingArchiveOfAboriginalLanguages/env/lib/python3.11/site-packages/django/contrib/auth/base_user.py", line 50, in <module>
    class AbstractBaseUser(models.Model):
  File "/var/www/html/LivingArchiveOfAboriginalLanguages/env/lib/python3.11/site-packages/django/db/models/base.py", line 127, in __new__
    app_config = apps.get_containing_app_config(module)
                 ^^^^^^^^^^^^^^^^^^^^^^^^^^^^^^^^^^^^^^
  File "/var/www/html/LivingArchiveOfAboriginalLanguages/env/lib/python3.11/site-packages/django/apps/registry.py", line 260, in get_containing_app_config
    self.check_apps_ready()
  File "/var/www/html/LivingArchiveOfAboriginalLanguages/env/lib/python3.11/site-packages/django/apps/registry.py", line 138, in check_apps_ready
    raise AppRegistryNotReady("Apps aren't loaded yet.")
django.core.exceptions.AppRegistryNotReady: Apps aren't loaded yet.
unable to load app 0 (mountpoint='') (callable not found or import error)
Traceback (most recent call last):
  File "./livingarchive/wsgi.py", line 16, in <module>
    application = get_wsgi_application()
                  ^^^^^^^^^^^^^^^^^^^^^^
  File "/var/www/html/LivingArchiveOfAboriginalLanguages/env/lib/python3.11/site-packages/django/core/wsgi.py", line 12, in get_wsgi_application
    django.setup(set_prefix=False)
  File "/var/www/html/LivingArchiveOfAboriginalLanguages/env/lib/python3.11/site-packages/django/__init__.py", line 24, in setup
    apps.populate(settings.INSTALLED_APPS)
  File "/var/www/html/LivingArchiveOfAboriginalLanguages/env/lib/python3.11/site-packages/django/apps/registry.py", line 116, in populate
    app_config.import_models()
  File "/var/www/html/LivingArchiveOfAboriginalLanguages/env/lib/python3.11/site-packages/django/apps/config.py", line 269, in import_models
    self.models_module = import_module(models_module_name)
                         ^^^^^^^^^^^^^^^^^^^^^^^^^^^^^^^^^
  File "/usr/lib/python3.11/importlib/__init__.py", line 126, in import_module
    return _bootstrap._gcd_import(name[level:], package, level)
           ^^^^^^^^^^^^^^^^^^^^^^^^^^^^^^^^^^^^^^^^^^^^^^^^^^^^
  File "<frozen importlib._bootstrap>", line 1204, in _gcd_import
  File "<frozen importlib._bootstrap>", line 1176, in _find_and_load
  File "<frozen importlib._bootstrap>", line 1147, in _find_and_load_unlocked
  File "<frozen importlib._bootstrap>", line 690, in _load_unlocked
  File "<frozen importlib._bootstrap_external>", line 940, in exec_module
  File "<frozen importlib._bootstrap>", line 241, in _call_with_frames_removed
  File "/var/www/html/LivingArchiveOfAboriginalLanguages/home/models.py", line 5, in <module>
    from blog.models import BlogDetailPage
  File "/var/www/html/LivingArchiveOfAboriginalLanguages/blog/models.py", line 11, in <module>
    from wagtail.admin.panels import FieldPanel
  File "/var/www/html/LivingArchiveOfAboriginalLanguages/env/lib/python3.11/site-packages/wagtail/admin/panels/__init__.py", line 4, in <module>
    from wagtail.admin.forms.models import (  # NOQA: F401
  File "/var/www/html/LivingArchiveOfAboriginalLanguages/env/lib/python3.11/site-packages/wagtail/admin/forms/__init__.py", line 2, in <module>
    from .models import (  # NOQA: F401
  File "/var/www/html/LivingArchiveOfAboriginalLanguages/env/lib/python3.11/site-packages/wagtail/admin/forms/models.py", line 17, in <module>
    from wagtail.admin import widgets
  File "/var/www/html/LivingArchiveOfAboriginalLanguages/env/lib/python3.11/site-packages/wagtail/admin/widgets/__init__.py", line 4, in <module>
    from wagtail.admin.widgets.chooser import *  # NOQA: F403
    ^^^^^^^^^^^^^^^^^^^^^^^^^^^^^^^^^^^^^^^^^^^
  File "/var/www/html/LivingArchiveOfAboriginalLanguages/env/lib/python3.11/site-packages/wagtail/admin/widgets/chooser.py", line 15, in <module>
    from wagtail.models import Page
  File "/var/www/html/LivingArchiveOfAboriginalLanguages/env/lib/python3.11/site-packages/wagtail/models/__init__.py", line 97, in <module>
    from .audit_log import (  # noqa: F401
  File "<frozen importlib._bootstrap>", line 1176, in _find_and_load
  File "<frozen importlib._bootstrap>", line 1147, in _find_and_load_unlocked
  File "<frozen importlib._bootstrap>", line 690, in _load_unlocked
  File "<frozen importlib._bootstrap_external>", line 936, in exec_module
  File "<frozen importlib._bootstrap_external>", line 1057, in get_code
  File "<frozen importlib._bootstrap_external>", line 697, in _validate_timestamp_pyc
KeyboardInterrupt
unable to load app 0 (mountpoint='') (callable not found or import error)
*** no app loaded. going in full dynamic mode ***
*** uWSGI is running in multiple interpreter mode ***
spawned uWSGI master process (pid: 2638212)
spawned uWSGI worker 1 (pid: 2638213, cores: 1)
SIGINT/SIGTERM received...killing workers...
worker 1 buried after 1 seconds
goodbye to uWSGI.
*** Starting uWSGI 2.0.23 (64bit) on [Tue Nov  7 21:12:48 2023] ***
compiled with version: 9.4.0 on 05 November 2023 01:15:10
os: Linux-5.4.0-136-generic #153-Ubuntu SMP Thu Nov 24 15:56:58 UTC 2022
nodename: studentlearn1
machine: x86_64
clock source: unix
pcre jit disabled
detected number of CPU cores: 4
current working directory: /var/www/html/LivingArchiveOfAboriginalLanguages
detected binary path: /var/www/html/LivingArchiveOfAboriginalLanguages/env/bin/uwsgi
setuid() to 8
chdir() to ./
your processes number limit is 31476
your memory page size is 4096 bytes
detected max file descriptor number: 1024
lock engine: pthread robust mutexes
thunder lock: disabled (you can enable it with --thunder-lock)
uwsgi socket 0 bound to TCP address 127.0.0.1:8006 fd 3
Python version: 3.11.5 (main, Aug 25 2023, 13:19:53) [GCC 9.4.0]
*** Python threads support is disabled. You can enable it with --enable-threads ***
Python main interpreter initialized at 0x7f7b7d632478
your server socket listen backlog is limited to 100 connections
your mercy for graceful operations on workers is 60 seconds
mapped 145840 bytes (142 KB) for 1 cores
*** Operational MODE: single process ***
Traceback (most recent call last):
  File "/var/www/html/LivingArchiveOfAboriginalLanguages/env/lib/python3.11/site-packages/django/core/handlers/wsgi.py", line 125, in __init__
    self.load_middleware()
  File "/var/www/html/LivingArchiveOfAboriginalLanguages/env/lib/python3.11/site-packages/django/core/handlers/base.py", line 40, in load_middleware
    middleware = import_string(middleware_path)
                 ^^^^^^^^^^^^^^^^^^^^^^^^^^^^^^
  File "/var/www/html/LivingArchiveOfAboriginalLanguages/env/lib/python3.11/site-packages/django/utils/module_loading.py", line 30, in import_string
    return cached_import(module_path, class_name)
           ^^^^^^^^^^^^^^^^^^^^^^^^^^^^^^^^^^^^^^
  File "/var/www/html/LivingArchiveOfAboriginalLanguages/env/lib/python3.11/site-packages/django/utils/module_loading.py", line 15, in cached_import
    module = import_module(module_path)
             ^^^^^^^^^^^^^^^^^^^^^^^^^^
  File "/usr/lib/python3.11/importlib/__init__.py", line 126, in import_module
    return _bootstrap._gcd_import(name[level:], package, level)
           ^^^^^^^^^^^^^^^^^^^^^^^^^^^^^^^^^^^^^^^^^^^^^^^^^^^^
  File "<frozen importlib._bootstrap>", line 1204, in _gcd_import
  File "<frozen importlib._bootstrap>", line 1176, in _find_and_load
  File "<frozen importlib._bootstrap>", line 1147, in _find_and_load_unlocked
  File "<frozen importlib._bootstrap>", line 690, in _load_unlocked
  File "<frozen importlib._bootstrap_external>", line 940, in exec_module
  File "<frozen importlib._bootstrap>", line 241, in _call_with_frames_removed
  File "/var/www/html/LivingArchiveOfAboriginalLanguages/env/lib/python3.11/site-packages/wagtail/contrib/redirects/middleware.py", line 7, in <module>
    from wagtail.contrib.redirects import models
  File "/var/www/html/LivingArchiveOfAboriginalLanguages/env/lib/python3.11/site-packages/wagtail/contrib/redirects/models.py", line 7, in <module>
    from wagtail.models import Page
  File "/var/www/html/LivingArchiveOfAboriginalLanguages/env/lib/python3.11/site-packages/wagtail/models/__init__.py", line 22, in <module>
    from django.contrib.auth.models import Group, Permission
  File "/var/www/html/LivingArchiveOfAboriginalLanguages/env/lib/python3.11/site-packages/django/contrib/auth/models.py", line 3, in <module>
    from django.contrib.auth.base_user import AbstractBaseUser, BaseUserManager
  File "/var/www/html/LivingArchiveOfAboriginalLanguages/env/lib/python3.11/site-packages/django/contrib/auth/base_user.py", line 50, in <module>
    class AbstractBaseUser(models.Model):
  File "/var/www/html/LivingArchiveOfAboriginalLanguages/env/lib/python3.11/site-packages/django/db/models/base.py", line 127, in __new__
    app_config = apps.get_containing_app_config(module)
                 ^^^^^^^^^^^^^^^^^^^^^^^^^^^^^^^^^^^^^^
  File "/var/www/html/LivingArchiveOfAboriginalLanguages/env/lib/python3.11/site-packages/django/apps/registry.py", line 260, in get_containing_app_config
    self.check_apps_ready()
  File "/var/www/html/LivingArchiveOfAboriginalLanguages/env/lib/python3.11/site-packages/django/apps/registry.py", line 138, in check_apps_ready
    raise AppRegistryNotReady("Apps aren't loaded yet.")
django.core.exceptions.AppRegistryNotReady: Apps aren't loaded yet.
unable to load app 0 (mountpoint='') (callable not found or import error)
Traceback (most recent call last):
  File "./livingarchive/wsgi.py", line 16, in <module>
    application = get_wsgi_application()
                  ^^^^^^^^^^^^^^^^^^^^^^
  File "/var/www/html/LivingArchiveOfAboriginalLanguages/env/lib/python3.11/site-packages/django/core/wsgi.py", line 12, in get_wsgi_application
    django.setup(set_prefix=False)
  File "/var/www/html/LivingArchiveOfAboriginalLanguages/env/lib/python3.11/site-packages/django/__init__.py", line 24, in setup
    apps.populate(settings.INSTALLED_APPS)
  File "/var/www/html/LivingArchiveOfAboriginalLanguages/env/lib/python3.11/site-packages/django/apps/registry.py", line 116, in populate
    app_config.import_models()
  File "/var/www/html/LivingArchiveOfAboriginalLanguages/env/lib/python3.11/site-packages/django/apps/config.py", line 269, in import_models
    self.models_module = import_module(models_module_name)
                         ^^^^^^^^^^^^^^^^^^^^^^^^^^^^^^^^^
  File "/usr/lib/python3.11/importlib/__init__.py", line 126, in import_module
    return _bootstrap._gcd_import(name[level:], package, level)
           ^^^^^^^^^^^^^^^^^^^^^^^^^^^^^^^^^^^^^^^^^^^^^^^^^^^^
  File "<frozen importlib._bootstrap>", line 1204, in _gcd_import
  File "<frozen importlib._bootstrap>", line 1176, in _find_and_load
  File "<frozen importlib._bootstrap>", line 1147, in _find_and_load_unlocked
  File "<frozen importlib._bootstrap>", line 690, in _load_unlocked
  File "<frozen importlib._bootstrap_external>", line 940, in exec_module
  File "<frozen importlib._bootstrap>", line 241, in _call_with_frames_removed
  File "/var/www/html/LivingArchiveOfAboriginalLanguages/home/models.py", line 5, in <module>
    from blog.models import BlogDetailPage
  File "/var/www/html/LivingArchiveOfAboriginalLanguages/blog/models.py", line 21, in <module>
    from wagtail_pdf_view.mixins import PdfViewPageMixin
  File "/var/www/html/LivingArchiveOfAboriginalLanguages/env/lib/python3.11/site-packages/wagtail_pdf_view/mixins.py", line 19, in <module>
    from wagtail.core.models import Page
ModuleNotFoundError: No module named 'wagtail.core'
unable to load app 0 (mountpoint='') (callable not found or import error)
*** no app loaded. going in full dynamic mode ***
*** uWSGI is running in multiple interpreter mode ***
spawned uWSGI master process (pid: 2638215)
spawned uWSGI worker 1 (pid: 2638216, cores: 1)
--- no python application found, check your startup logs for errors ---
[pid: 2638216|app: -1|req: -1/1] 150.203.2.65 () {58 vars in 1073 bytes} [Tue Nov  7 21:13:11 2023] GET / => generated 21 bytes in 0 msecs (HTTP/1.1 500) 2 headers in 83 bytes (0 switches on core 0)
--- no python application found, check your startup logs for errors ---
[pid: 2638216|app: -1|req: -1/2] 150.203.2.65 () {56 vars in 1010 bytes} [Tue Nov  7 21:13:11 2023] GET /favicon.ico => generated 21 bytes in 0 msecs (HTTP/1.1 500) 2 headers in 83 bytes (0 switches on core 0)
--- no python application found, check your startup logs for errors ---
[pid: 2638216|app: -1|req: -1/3] 65.154.226.168 () {36 vars in 518 bytes} [Tue Nov  7 21:13:20 2023] GET / => generated 21 bytes in 0 msecs (HTTP/1.1 500) 2 headers in 83 bytes (0 switches on core 0)
SIGINT/SIGTERM received...killing workers...
worker 1 buried after 1 seconds
goodbye to uWSGI.
*** Starting uWSGI 2.0.23 (64bit) on [Tue Nov  7 21:14:07 2023] ***
compiled with version: 9.4.0 on 05 November 2023 01:15:10
os: Linux-5.4.0-136-generic #153-Ubuntu SMP Thu Nov 24 15:56:58 UTC 2022
nodename: studentlearn1
machine: x86_64
clock source: unix
pcre jit disabled
detected number of CPU cores: 4
current working directory: /var/www/html/LivingArchiveOfAboriginalLanguages
detected binary path: /var/www/html/LivingArchiveOfAboriginalLanguages/env/bin/uwsgi
setuid() to 8
chdir() to ./
your processes number limit is 31476
your memory page size is 4096 bytes
detected max file descriptor number: 1024
lock engine: pthread robust mutexes
thunder lock: disabled (you can enable it with --thunder-lock)
uwsgi socket 0 bound to TCP address 127.0.0.1:8006 fd 3
Python version: 3.11.5 (main, Aug 25 2023, 13:19:53) [GCC 9.4.0]
*** Python threads support is disabled. You can enable it with --enable-threads ***
Python main interpreter initialized at 0x7f82c76ce478
your server socket listen backlog is limited to 100 connections
your mercy for graceful operations on workers is 60 seconds
mapped 145840 bytes (142 KB) for 1 cores
*** Operational MODE: single process ***
Traceback (most recent call last):
  File "/var/www/html/LivingArchiveOfAboriginalLanguages/env/lib/python3.11/site-packages/django/core/handlers/wsgi.py", line 125, in __init__
    self.load_middleware()
  File "/var/www/html/LivingArchiveOfAboriginalLanguages/env/lib/python3.11/site-packages/django/core/handlers/base.py", line 40, in load_middleware
    middleware = import_string(middleware_path)
                 ^^^^^^^^^^^^^^^^^^^^^^^^^^^^^^
  File "/var/www/html/LivingArchiveOfAboriginalLanguages/env/lib/python3.11/site-packages/django/utils/module_loading.py", line 30, in import_string
    return cached_import(module_path, class_name)
           ^^^^^^^^^^^^^^^^^^^^^^^^^^^^^^^^^^^^^^
  File "/var/www/html/LivingArchiveOfAboriginalLanguages/env/lib/python3.11/site-packages/django/utils/module_loading.py", line 15, in cached_import
    module = import_module(module_path)
             ^^^^^^^^^^^^^^^^^^^^^^^^^^
  File "/usr/lib/python3.11/importlib/__init__.py", line 126, in import_module
    return _bootstrap._gcd_import(name[level:], package, level)
           ^^^^^^^^^^^^^^^^^^^^^^^^^^^^^^^^^^^^^^^^^^^^^^^^^^^^
  File "<frozen importlib._bootstrap>", line 1204, in _gcd_import
  File "<frozen importlib._bootstrap>", line 1176, in _find_and_load
  File "<frozen importlib._bootstrap>", line 1147, in _find_and_load_unlocked
  File "<frozen importlib._bootstrap>", line 690, in _load_unlocked
  File "<frozen importlib._bootstrap_external>", line 940, in exec_module
  File "<frozen importlib._bootstrap>", line 241, in _call_with_frames_removed
  File "/var/www/html/LivingArchiveOfAboriginalLanguages/env/lib/python3.11/site-packages/wagtail/contrib/redirects/middleware.py", line 7, in <module>
    from wagtail.contrib.redirects import models
  File "/var/www/html/LivingArchiveOfAboriginalLanguages/env/lib/python3.11/site-packages/wagtail/contrib/redirects/models.py", line 7, in <module>
    from wagtail.models import Page
  File "/var/www/html/LivingArchiveOfAboriginalLanguages/env/lib/python3.11/site-packages/wagtail/models/__init__.py", line 22, in <module>
    from django.contrib.auth.models import Group, Permission
  File "/var/www/html/LivingArchiveOfAboriginalLanguages/env/lib/python3.11/site-packages/django/contrib/auth/models.py", line 3, in <module>
    from django.contrib.auth.base_user import AbstractBaseUser, BaseUserManager
  File "/var/www/html/LivingArchiveOfAboriginalLanguages/env/lib/python3.11/site-packages/django/contrib/auth/base_user.py", line 50, in <module>
    class AbstractBaseUser(models.Model):
  File "/var/www/html/LivingArchiveOfAboriginalLanguages/env/lib/python3.11/site-packages/django/db/models/base.py", line 127, in __new__
    app_config = apps.get_containing_app_config(module)
                 ^^^^^^^^^^^^^^^^^^^^^^^^^^^^^^^^^^^^^^
  File "/var/www/html/LivingArchiveOfAboriginalLanguages/env/lib/python3.11/site-packages/django/apps/registry.py", line 260, in get_containing_app_config
    self.check_apps_ready()
  File "/var/www/html/LivingArchiveOfAboriginalLanguages/env/lib/python3.11/site-packages/django/apps/registry.py", line 138, in check_apps_ready
    raise AppRegistryNotReady("Apps aren't loaded yet.")
django.core.exceptions.AppRegistryNotReady: Apps aren't loaded yet.
unable to load app 0 (mountpoint='') (callable not found or import error)
Traceback (most recent call last):
  File "./livingarchive/wsgi.py", line 16, in <module>
    application = get_wsgi_application()
                  ^^^^^^^^^^^^^^^^^^^^^^
  File "/var/www/html/LivingArchiveOfAboriginalLanguages/env/lib/python3.11/site-packages/django/core/wsgi.py", line 12, in get_wsgi_application
    django.setup(set_prefix=False)
  File "/var/www/html/LivingArchiveOfAboriginalLanguages/env/lib/python3.11/site-packages/django/__init__.py", line 24, in setup
    apps.populate(settings.INSTALLED_APPS)
  File "/var/www/html/LivingArchiveOfAboriginalLanguages/env/lib/python3.11/site-packages/django/apps/registry.py", line 116, in populate
    app_config.import_models()
  File "/var/www/html/LivingArchiveOfAboriginalLanguages/env/lib/python3.11/site-packages/django/apps/config.py", line 269, in import_models
    self.models_module = import_module(models_module_name)
                         ^^^^^^^^^^^^^^^^^^^^^^^^^^^^^^^^^
  File "/usr/lib/python3.11/importlib/__init__.py", line 126, in import_module
    return _bootstrap._gcd_import(name[level:], package, level)
           ^^^^^^^^^^^^^^^^^^^^^^^^^^^^^^^^^^^^^^^^^^^^^^^^^^^^
  File "<frozen importlib._bootstrap>", line 1204, in _gcd_import
  File "<frozen importlib._bootstrap>", line 1176, in _find_and_load
  File "<frozen importlib._bootstrap>", line 1147, in _find_and_load_unlocked
  File "<frozen importlib._bootstrap>", line 690, in _load_unlocked
  File "<frozen importlib._bootstrap_external>", line 940, in exec_module
  File "<frozen importlib._bootstrap>", line 241, in _call_with_frames_removed
  File "/var/www/html/LivingArchiveOfAboriginalLanguages/home/models.py", line 5, in <module>
    from blog.models import BlogDetailPage
  File "/var/www/html/LivingArchiveOfAboriginalLanguages/blog/models.py", line 21, in <module>
    from wagtail_pdf_view.mixins import PdfViewPageMixin
  File "/var/www/html/LivingArchiveOfAboriginalLanguages/env/lib/python3.11/site-packages/wagtail_pdf_view/mixins.py", line 21, in <module>
    from .views import AdminViewMixin
  File "/var/www/html/LivingArchiveOfAboriginalLanguages/env/lib/python3.11/site-packages/wagtail_pdf_view/views.py", line 16, in <module>
    from wagtail.core.permission_policies import ModelPermissionPolicy
ModuleNotFoundError: No module named 'wagtail.core'
unable to load app 0 (mountpoint='') (callable not found or import error)
*** no app loaded. going in full dynamic mode ***
*** uWSGI is running in multiple interpreter mode ***
spawned uWSGI master process (pid: 2638302)
spawned uWSGI worker 1 (pid: 2638303, cores: 1)
SIGINT/SIGTERM received...killing workers...
worker 1 buried after 1 seconds
goodbye to uWSGI.
*** Starting uWSGI 2.0.23 (64bit) on [Tue Nov  7 21:14:44 2023] ***
compiled with version: 9.4.0 on 05 November 2023 01:15:10
os: Linux-5.4.0-136-generic #153-Ubuntu SMP Thu Nov 24 15:56:58 UTC 2022
nodename: studentlearn1
machine: x86_64
clock source: unix
pcre jit disabled
detected number of CPU cores: 4
current working directory: /var/www/html/LivingArchiveOfAboriginalLanguages
detected binary path: /var/www/html/LivingArchiveOfAboriginalLanguages/env/bin/uwsgi
setuid() to 8
chdir() to ./
your processes number limit is 31476
your memory page size is 4096 bytes
detected max file descriptor number: 1024
lock engine: pthread robust mutexes
thunder lock: disabled (you can enable it with --thunder-lock)
uwsgi socket 0 bound to TCP address 127.0.0.1:8006 fd 3
Python version: 3.11.5 (main, Aug 25 2023, 13:19:53) [GCC 9.4.0]
*** Python threads support is disabled. You can enable it with --enable-threads ***
Python main interpreter initialized at 0x7fe00f59c478
your server socket listen backlog is limited to 100 connections
your mercy for graceful operations on workers is 60 seconds
mapped 145840 bytes (142 KB) for 1 cores
*** Operational MODE: single process ***
Traceback (most recent call last):
  File "/var/www/html/LivingArchiveOfAboriginalLanguages/env/lib/python3.11/site-packages/django/core/handlers/wsgi.py", line 125, in __init__
    self.load_middleware()
  File "/var/www/html/LivingArchiveOfAboriginalLanguages/env/lib/python3.11/site-packages/django/core/handlers/base.py", line 40, in load_middleware
    middleware = import_string(middleware_path)
                 ^^^^^^^^^^^^^^^^^^^^^^^^^^^^^^
  File "/var/www/html/LivingArchiveOfAboriginalLanguages/env/lib/python3.11/site-packages/django/utils/module_loading.py", line 30, in import_string
    return cached_import(module_path, class_name)
           ^^^^^^^^^^^^^^^^^^^^^^^^^^^^^^^^^^^^^^
  File "/var/www/html/LivingArchiveOfAboriginalLanguages/env/lib/python3.11/site-packages/django/utils/module_loading.py", line 15, in cached_import
    module = import_module(module_path)
             ^^^^^^^^^^^^^^^^^^^^^^^^^^
  File "/usr/lib/python3.11/importlib/__init__.py", line 126, in import_module
    return _bootstrap._gcd_import(name[level:], package, level)
           ^^^^^^^^^^^^^^^^^^^^^^^^^^^^^^^^^^^^^^^^^^^^^^^^^^^^
  File "<frozen importlib._bootstrap>", line 1204, in _gcd_import
  File "<frozen importlib._bootstrap>", line 1176, in _find_and_load
  File "<frozen importlib._bootstrap>", line 1147, in _find_and_load_unlocked
  File "<frozen importlib._bootstrap>", line 690, in _load_unlocked
  File "<frozen importlib._bootstrap_external>", line 940, in exec_module
  File "<frozen importlib._bootstrap>", line 241, in _call_with_frames_removed
  File "/var/www/html/LivingArchiveOfAboriginalLanguages/env/lib/python3.11/site-packages/wagtail/contrib/redirects/middleware.py", line 7, in <module>
    from wagtail.contrib.redirects import models
  File "/var/www/html/LivingArchiveOfAboriginalLanguages/env/lib/python3.11/site-packages/wagtail/contrib/redirects/models.py", line 7, in <module>
    from wagtail.models import Page
  File "/var/www/html/LivingArchiveOfAboriginalLanguages/env/lib/python3.11/site-packages/wagtail/models/__init__.py", line 22, in <module>
    from django.contrib.auth.models import Group, Permission
  File "/var/www/html/LivingArchiveOfAboriginalLanguages/env/lib/python3.11/site-packages/django/contrib/auth/models.py", line 3, in <module>
    from django.contrib.auth.base_user import AbstractBaseUser, BaseUserManager
  File "/var/www/html/LivingArchiveOfAboriginalLanguages/env/lib/python3.11/site-packages/django/contrib/auth/base_user.py", line 50, in <module>
    class AbstractBaseUser(models.Model):
  File "/var/www/html/LivingArchiveOfAboriginalLanguages/env/lib/python3.11/site-packages/django/db/models/base.py", line 127, in __new__
    app_config = apps.get_containing_app_config(module)
                 ^^^^^^^^^^^^^^^^^^^^^^^^^^^^^^^^^^^^^^
  File "/var/www/html/LivingArchiveOfAboriginalLanguages/env/lib/python3.11/site-packages/django/apps/registry.py", line 260, in get_containing_app_config
    self.check_apps_ready()
  File "/var/www/html/LivingArchiveOfAboriginalLanguages/env/lib/python3.11/site-packages/django/apps/registry.py", line 138, in check_apps_ready
    raise AppRegistryNotReady("Apps aren't loaded yet.")
django.core.exceptions.AppRegistryNotReady: Apps aren't loaded yet.
unable to load app 0 (mountpoint='') (callable not found or import error)
Warning: DEFAULT_PDF_VIEW_PROVIDER unspecified.Make sure you have either django-weasyprint or django-tex installed, or provide a default.
Traceback (most recent call last):
  File "./livingarchive/wsgi.py", line 16, in <module>
    application = get_wsgi_application()
                  ^^^^^^^^^^^^^^^^^^^^^^
  File "/var/www/html/LivingArchiveOfAboriginalLanguages/env/lib/python3.11/site-packages/django/core/wsgi.py", line 12, in get_wsgi_application
    django.setup(set_prefix=False)
  File "/var/www/html/LivingArchiveOfAboriginalLanguages/env/lib/python3.11/site-packages/django/__init__.py", line 24, in setup
    apps.populate(settings.INSTALLED_APPS)
  File "/var/www/html/LivingArchiveOfAboriginalLanguages/env/lib/python3.11/site-packages/django/apps/registry.py", line 116, in populate
    app_config.import_models()
  File "/var/www/html/LivingArchiveOfAboriginalLanguages/env/lib/python3.11/site-packages/django/apps/config.py", line 269, in import_models
    self.models_module = import_module(models_module_name)
                         ^^^^^^^^^^^^^^^^^^^^^^^^^^^^^^^^^
  File "/usr/lib/python3.11/importlib/__init__.py", line 126, in import_module
    return _bootstrap._gcd_import(name[level:], package, level)
           ^^^^^^^^^^^^^^^^^^^^^^^^^^^^^^^^^^^^^^^^^^^^^^^^^^^^
  File "<frozen importlib._bootstrap>", line 1204, in _gcd_import
  File "<frozen importlib._bootstrap>", line 1176, in _find_and_load
  File "<frozen importlib._bootstrap>", line 1147, in _find_and_load_unlocked
  File "<frozen importlib._bootstrap>", line 690, in _load_unlocked
  File "<frozen importlib._bootstrap_external>", line 940, in exec_module
  File "<frozen importlib._bootstrap>", line 241, in _call_with_frames_removed
  File "/var/www/html/LivingArchiveOfAboriginalLanguages/home/models.py", line 5, in <module>
    from blog.models import BlogDetailPage
  File "/var/www/html/LivingArchiveOfAboriginalLanguages/blog/models.py", line 60, in <module>
    class BlogDetailPage(Page, PdfViewPageMixin):
  File "/var/www/html/LivingArchiveOfAboriginalLanguages/env/lib/python3.11/site-packages/django/db/models/base.py", line 192, in __new__
    new_class.add_to_class(obj_name, obj)
  File "/var/www/html/LivingArchiveOfAboriginalLanguages/env/lib/python3.11/site-packages/django/db/models/base.py", line 369, in add_to_class
    value.contribute_to_class(cls, name)
  File "/var/www/html/LivingArchiveOfAboriginalLanguages/env/lib/python3.11/site-packages/wagtail/fields.py", line 260, in contribute_to_class
    self._check_json_field()
  File "/var/www/html/LivingArchiveOfAboriginalLanguages/env/lib/python3.11/site-packages/wagtail/fields.py", line 121, in _check_json_field
    raise ImproperlyConfigured(
django.core.exceptions.ImproperlyConfigured: StreamField must explicitly set use_json_field=True
unable to load app 0 (mountpoint='') (callable not found or import error)
*** no app loaded. going in full dynamic mode ***
*** uWSGI is running in multiple interpreter mode ***
spawned uWSGI master process (pid: 2638306)
spawned uWSGI worker 1 (pid: 2638307, cores: 1)
SIGINT/SIGTERM received...killing workers...
worker 1 buried after 1 seconds
goodbye to uWSGI.
*** Starting uWSGI 2.0.23 (64bit) on [Tue Nov  7 21:15:05 2023] ***
compiled with version: 9.4.0 on 05 November 2023 01:15:10
os: Linux-5.4.0-136-generic #153-Ubuntu SMP Thu Nov 24 15:56:58 UTC 2022
nodename: studentlearn1
machine: x86_64
clock source: unix
pcre jit disabled
detected number of CPU cores: 4
current working directory: /var/www/html/LivingArchiveOfAboriginalLanguages
detected binary path: /var/www/html/LivingArchiveOfAboriginalLanguages/env/bin/uwsgi
setuid() to 8
chdir() to ./
your processes number limit is 31476
your memory page size is 4096 bytes
detected max file descriptor number: 1024
lock engine: pthread robust mutexes
thunder lock: disabled (you can enable it with --thunder-lock)
uwsgi socket 0 bound to TCP address 127.0.0.1:8006 fd 3
Python version: 3.11.5 (main, Aug 25 2023, 13:19:53) [GCC 9.4.0]
*** Python threads support is disabled. You can enable it with --enable-threads ***
Python main interpreter initialized at 0x7f7b42114478
your server socket listen backlog is limited to 100 connections
your mercy for graceful operations on workers is 60 seconds
mapped 145840 bytes (142 KB) for 1 cores
*** Operational MODE: single process ***
Traceback (most recent call last):
  File "/var/www/html/LivingArchiveOfAboriginalLanguages/env/lib/python3.11/site-packages/django/core/handlers/wsgi.py", line 125, in __init__
    self.load_middleware()
  File "/var/www/html/LivingArchiveOfAboriginalLanguages/env/lib/python3.11/site-packages/django/core/handlers/base.py", line 40, in load_middleware
    middleware = import_string(middleware_path)
                 ^^^^^^^^^^^^^^^^^^^^^^^^^^^^^^
  File "/var/www/html/LivingArchiveOfAboriginalLanguages/env/lib/python3.11/site-packages/django/utils/module_loading.py", line 30, in import_string
    return cached_import(module_path, class_name)
           ^^^^^^^^^^^^^^^^^^^^^^^^^^^^^^^^^^^^^^
  File "/var/www/html/LivingArchiveOfAboriginalLanguages/env/lib/python3.11/site-packages/django/utils/module_loading.py", line 15, in cached_import
    module = import_module(module_path)
             ^^^^^^^^^^^^^^^^^^^^^^^^^^
  File "/usr/lib/python3.11/importlib/__init__.py", line 126, in import_module
    return _bootstrap._gcd_import(name[level:], package, level)
           ^^^^^^^^^^^^^^^^^^^^^^^^^^^^^^^^^^^^^^^^^^^^^^^^^^^^
  File "<frozen importlib._bootstrap>", line 1204, in _gcd_import
  File "<frozen importlib._bootstrap>", line 1176, in _find_and_load
  File "<frozen importlib._bootstrap>", line 1147, in _find_and_load_unlocked
  File "<frozen importlib._bootstrap>", line 690, in _load_unlocked
  File "<frozen importlib._bootstrap_external>", line 940, in exec_module
  File "<frozen importlib._bootstrap>", line 241, in _call_with_frames_removed
  File "/var/www/html/LivingArchiveOfAboriginalLanguages/env/lib/python3.11/site-packages/wagtail/contrib/redirects/middleware.py", line 7, in <module>
    from wagtail.contrib.redirects import models
  File "/var/www/html/LivingArchiveOfAboriginalLanguages/env/lib/python3.11/site-packages/wagtail/contrib/redirects/models.py", line 7, in <module>
    from wagtail.models import Page
  File "/var/www/html/LivingArchiveOfAboriginalLanguages/env/lib/python3.11/site-packages/wagtail/models/__init__.py", line 22, in <module>
    from django.contrib.auth.models import Group, Permission
  File "/var/www/html/LivingArchiveOfAboriginalLanguages/env/lib/python3.11/site-packages/django/contrib/auth/models.py", line 3, in <module>
    from django.contrib.auth.base_user import AbstractBaseUser, BaseUserManager
  File "/var/www/html/LivingArchiveOfAboriginalLanguages/env/lib/python3.11/site-packages/django/contrib/auth/base_user.py", line 50, in <module>
    class AbstractBaseUser(models.Model):
  File "/var/www/html/LivingArchiveOfAboriginalLanguages/env/lib/python3.11/site-packages/django/db/models/base.py", line 127, in __new__
    app_config = apps.get_containing_app_config(module)
                 ^^^^^^^^^^^^^^^^^^^^^^^^^^^^^^^^^^^^^^
  File "/var/www/html/LivingArchiveOfAboriginalLanguages/env/lib/python3.11/site-packages/django/apps/registry.py", line 260, in get_containing_app_config
    self.check_apps_ready()
  File "/var/www/html/LivingArchiveOfAboriginalLanguages/env/lib/python3.11/site-packages/django/apps/registry.py", line 138, in check_apps_ready
    raise AppRegistryNotReady("Apps aren't loaded yet.")
django.core.exceptions.AppRegistryNotReady: Apps aren't loaded yet.
unable to load app 0 (mountpoint='') (callable not found or import error)
Warning: DEFAULT_PDF_VIEW_PROVIDER unspecified.Make sure you have either django-weasyprint or django-tex installed, or provide a default.
Traceback (most recent call last):
  File "./livingarchive/wsgi.py", line 16, in <module>
    application = get_wsgi_application()
                  ^^^^^^^^^^^^^^^^^^^^^^
  File "/var/www/html/LivingArchiveOfAboriginalLanguages/env/lib/python3.11/site-packages/django/core/wsgi.py", line 12, in get_wsgi_application
    django.setup(set_prefix=False)
  File "/var/www/html/LivingArchiveOfAboriginalLanguages/env/lib/python3.11/site-packages/django/__init__.py", line 24, in setup
    apps.populate(settings.INSTALLED_APPS)
  File "/var/www/html/LivingArchiveOfAboriginalLanguages/env/lib/python3.11/site-packages/django/apps/registry.py", line 116, in populate
    app_config.import_models()
  File "/var/www/html/LivingArchiveOfAboriginalLanguages/env/lib/python3.11/site-packages/django/apps/config.py", line 269, in import_models
    self.models_module = import_module(models_module_name)
                         ^^^^^^^^^^^^^^^^^^^^^^^^^^^^^^^^^
  File "/usr/lib/python3.11/importlib/__init__.py", line 126, in import_module
    return _bootstrap._gcd_import(name[level:], package, level)
           ^^^^^^^^^^^^^^^^^^^^^^^^^^^^^^^^^^^^^^^^^^^^^^^^^^^^
  File "<frozen importlib._bootstrap>", line 1204, in _gcd_import
  File "<frozen importlib._bootstrap>", line 1176, in _find_and_load
  File "<frozen importlib._bootstrap>", line 1147, in _find_and_load_unlocked
  File "<frozen importlib._bootstrap>", line 690, in _load_unlocked
  File "<frozen importlib._bootstrap_external>", line 940, in exec_module
  File "<frozen importlib._bootstrap>", line 241, in _call_with_frames_removed
  File "/var/www/html/LivingArchiveOfAboriginalLanguages/home/models.py", line 5, in <module>
    from blog.models import BlogDetailPage
  File "/var/www/html/LivingArchiveOfAboriginalLanguages/blog/models.py", line 60, in <module>
    class BlogDetailPage(Page, PdfViewPageMixin):
  File "/var/www/html/LivingArchiveOfAboriginalLanguages/env/lib/python3.11/site-packages/django/db/models/base.py", line 192, in __new__
    new_class.add_to_class(obj_name, obj)
  File "/var/www/html/LivingArchiveOfAboriginalLanguages/env/lib/python3.11/site-packages/django/db/models/base.py", line 369, in add_to_class
    value.contribute_to_class(cls, name)
  File "/var/www/html/LivingArchiveOfAboriginalLanguages/env/lib/python3.11/site-packages/wagtail/fields.py", line 260, in contribute_to_class
    self._check_json_field()
  File "/var/www/html/LivingArchiveOfAboriginalLanguages/env/lib/python3.11/site-packages/wagtail/fields.py", line 121, in _check_json_field
    raise ImproperlyConfigured(
django.core.exceptions.ImproperlyConfigured: StreamField must explicitly set use_json_field=True
unable to load app 0 (mountpoint='') (callable not found or import error)
*** no app loaded. going in full dynamic mode ***
*** uWSGI is running in multiple interpreter mode ***
spawned uWSGI master process (pid: 2638314)
spawned uWSGI worker 1 (pid: 2638315, cores: 1)
--- no python application found, check your startup logs for errors ---
[pid: 2638315|app: -1|req: -1/1] 150.203.2.65 () {60 vars in 1104 bytes} [Tue Nov  7 21:15:10 2023] GET / => generated 21 bytes in 0 msecs (HTTP/1.1 500) 2 headers in 83 bytes (0 switches on core 0)
--- no python application found, check your startup logs for errors ---
[pid: 2638315|app: -1|req: -1/2] 150.203.2.65 () {56 vars in 1010 bytes} [Tue Nov  7 21:15:10 2023] GET /favicon.ico => generated 21 bytes in 0 msecs (HTTP/1.1 500) 2 headers in 83 bytes (0 switches on core 0)
--- no python application found, check your startup logs for errors ---
[pid: 2638315|app: -1|req: -1/3] 150.203.2.65 () {60 vars in 1104 bytes} [Tue Nov  7 21:15:14 2023] GET / => generated 21 bytes in 0 msecs (HTTP/1.1 500) 2 headers in 83 bytes (0 switches on core 0)
--- no python application found, check your startup logs for errors ---
[pid: 2638315|app: -1|req: -1/4] 150.203.2.65 () {56 vars in 1010 bytes} [Tue Nov  7 21:15:14 2023] GET /favicon.ico => generated 21 bytes in 0 msecs (HTTP/1.1 500) 2 headers in 83 bytes (0 switches on core 0)
SIGINT/SIGTERM received...killing workers...
worker 1 buried after 1 seconds
goodbye to uWSGI.
*** Starting uWSGI 2.0.23 (64bit) on [Tue Nov  7 21:17:48 2023] ***
compiled with version: 9.4.0 on 05 November 2023 01:15:10
os: Linux-5.4.0-136-generic #153-Ubuntu SMP Thu Nov 24 15:56:58 UTC 2022
nodename: studentlearn1
machine: x86_64
clock source: unix
pcre jit disabled
detected number of CPU cores: 4
current working directory: /var/www/html/LivingArchiveOfAboriginalLanguages
detected binary path: /var/www/html/LivingArchiveOfAboriginalLanguages/env/bin/uwsgi
setuid() to 8
chdir() to ./
your processes number limit is 31476
your memory page size is 4096 bytes
detected max file descriptor number: 1024
lock engine: pthread robust mutexes
thunder lock: disabled (you can enable it with --thunder-lock)
uwsgi socket 0 bound to TCP address 127.0.0.1:8006 fd 3
Python version: 3.11.5 (main, Aug 25 2023, 13:19:53) [GCC 9.4.0]
*** Python threads support is disabled. You can enable it with --enable-threads ***
Python main interpreter initialized at 0x7fe9d0820478
your server socket listen backlog is limited to 100 connections
your mercy for graceful operations on workers is 60 seconds
mapped 145840 bytes (142 KB) for 1 cores
*** Operational MODE: single process ***
Traceback (most recent call last):
  File "/var/www/html/LivingArchiveOfAboriginalLanguages/env/lib/python3.11/site-packages/django/core/handlers/wsgi.py", line 125, in __init__
    self.load_middleware()
  File "/var/www/html/LivingArchiveOfAboriginalLanguages/env/lib/python3.11/site-packages/django/core/handlers/base.py", line 40, in load_middleware
    middleware = import_string(middleware_path)
                 ^^^^^^^^^^^^^^^^^^^^^^^^^^^^^^
  File "/var/www/html/LivingArchiveOfAboriginalLanguages/env/lib/python3.11/site-packages/django/utils/module_loading.py", line 30, in import_string
    return cached_import(module_path, class_name)
           ^^^^^^^^^^^^^^^^^^^^^^^^^^^^^^^^^^^^^^
  File "/var/www/html/LivingArchiveOfAboriginalLanguages/env/lib/python3.11/site-packages/django/utils/module_loading.py", line 15, in cached_import
    module = import_module(module_path)
             ^^^^^^^^^^^^^^^^^^^^^^^^^^
  File "/usr/lib/python3.11/importlib/__init__.py", line 126, in import_module
    return _bootstrap._gcd_import(name[level:], package, level)
           ^^^^^^^^^^^^^^^^^^^^^^^^^^^^^^^^^^^^^^^^^^^^^^^^^^^^
  File "<frozen importlib._bootstrap>", line 1204, in _gcd_import
  File "<frozen importlib._bootstrap>", line 1176, in _find_and_load
  File "<frozen importlib._bootstrap>", line 1147, in _find_and_load_unlocked
  File "<frozen importlib._bootstrap>", line 690, in _load_unlocked
  File "<frozen importlib._bootstrap_external>", line 940, in exec_module
  File "<frozen importlib._bootstrap>", line 241, in _call_with_frames_removed
  File "/var/www/html/LivingArchiveOfAboriginalLanguages/env/lib/python3.11/site-packages/wagtail/contrib/redirects/middleware.py", line 7, in <module>
    from wagtail.contrib.redirects import models
  File "/var/www/html/LivingArchiveOfAboriginalLanguages/env/lib/python3.11/site-packages/wagtail/contrib/redirects/models.py", line 7, in <module>
    from wagtail.models import Page
  File "/var/www/html/LivingArchiveOfAboriginalLanguages/env/lib/python3.11/site-packages/wagtail/models/__init__.py", line 22, in <module>
    from django.contrib.auth.models import Group, Permission
  File "/var/www/html/LivingArchiveOfAboriginalLanguages/env/lib/python3.11/site-packages/django/contrib/auth/models.py", line 3, in <module>
    from django.contrib.auth.base_user import AbstractBaseUser, BaseUserManager
  File "/var/www/html/LivingArchiveOfAboriginalLanguages/env/lib/python3.11/site-packages/django/contrib/auth/base_user.py", line 50, in <module>
    class AbstractBaseUser(models.Model):
  File "/var/www/html/LivingArchiveOfAboriginalLanguages/env/lib/python3.11/site-packages/django/db/models/base.py", line 127, in __new__
    app_config = apps.get_containing_app_config(module)
                 ^^^^^^^^^^^^^^^^^^^^^^^^^^^^^^^^^^^^^^
  File "/var/www/html/LivingArchiveOfAboriginalLanguages/env/lib/python3.11/site-packages/django/apps/registry.py", line 260, in get_containing_app_config
    self.check_apps_ready()
  File "/var/www/html/LivingArchiveOfAboriginalLanguages/env/lib/python3.11/site-packages/django/apps/registry.py", line 138, in check_apps_ready
    raise AppRegistryNotReady("Apps aren't loaded yet.")
django.core.exceptions.AppRegistryNotReady: Apps aren't loaded yet.
unable to load app 0 (mountpoint='') (callable not found or import error)
Warning: DEFAULT_PDF_VIEW_PROVIDER unspecified.Make sure you have either django-weasyprint or django-tex installed, or provide a default.
/var/www/html/LivingArchiveOfAboriginalLanguages/env/lib/python3.11/site-packages/wagtail/search/index.py:301: RemovedInWagtail60Warning: The partial_match option on SearchField has no effect and will be removed. Use AutocompleteField instead
  warn(
/var/www/html/LivingArchiveOfAboriginalLanguages/env/lib/python3.11/site-packages/wagtail/contrib/modeladmin/apps.py:15: RemovedInWagtail60Warning: wagtail.contrib.modeladmin is deprecated. Use wagtail.snippets or the separate wagtail-modeladmin package instead.
  warn(
WSGI app 0 (mountpoint='') ready in 3 seconds on interpreter 0x7fe9d0820478 pid: 2638326 (default app)
*** uWSGI is running in multiple interpreter mode ***
spawned uWSGI master process (pid: 2638326)
spawned uWSGI worker 1 (pid: 2638327, cores: 1)
Traceback (most recent call last):
  File "/var/www/html/LivingArchiveOfAboriginalLanguages/env/lib/python3.11/site-packages/django/core/handlers/exception.py", line 56, in inner
    response = get_response(request)
               ^^^^^^^^^^^^^^^^^^^^^
  File "/var/www/html/LivingArchiveOfAboriginalLanguages/env/lib/python3.11/site-packages/django/core/handlers/base.py", line 181, in _get_response
    callback, callback_args, callback_kwargs = self.resolve_request(request)
                                               ^^^^^^^^^^^^^^^^^^^^^^^^^^^^^
  File "/var/www/html/LivingArchiveOfAboriginalLanguages/env/lib/python3.11/site-packages/django/core/handlers/base.py", line 313, in resolve_request
    resolver_match = resolver.resolve(request.path_info)
                     ^^^^^^^^^^^^^^^^^^^^^^^^^^^^^^^^^^^
  File "/var/www/html/LivingArchiveOfAboriginalLanguages/env/lib/python3.11/site-packages/django/urls/resolvers.py", line 663, in resolve
    for pattern in self.url_patterns:
                   ^^^^^^^^^^^^^^^^^
  File "/var/www/html/LivingArchiveOfAboriginalLanguages/env/lib/python3.11/site-packages/django/utils/functional.py", line 57, in __get__
    res = instance.__dict__[self.name] = self.func(instance)
                                         ^^^^^^^^^^^^^^^^^^^
  File "/var/www/html/LivingArchiveOfAboriginalLanguages/env/lib/python3.11/site-packages/django/urls/resolvers.py", line 715, in url_patterns
    patterns = getattr(self.urlconf_module, "urlpatterns", self.urlconf_module)
                       ^^^^^^^^^^^^^^^^^^^
  File "/var/www/html/LivingArchiveOfAboriginalLanguages/env/lib/python3.11/site-packages/django/utils/functional.py", line 57, in __get__
    res = instance.__dict__[self.name] = self.func(instance)
                                         ^^^^^^^^^^^^^^^^^^^
  File "/var/www/html/LivingArchiveOfAboriginalLanguages/env/lib/python3.11/site-packages/django/urls/resolvers.py", line 708, in urlconf_module
    return import_module(self.urlconf_name)
           ^^^^^^^^^^^^^^^^^^^^^^^^^^^^^^^^
  File "/usr/lib/python3.11/importlib/__init__.py", line 126, in import_module
    return _bootstrap._gcd_import(name[level:], package, level)
           ^^^^^^^^^^^^^^^^^^^^^^^^^^^^^^^^^^^^^^^^^^^^^^^^^^^^
  File "<frozen importlib._bootstrap>", line 1204, in _gcd_import
  File "<frozen importlib._bootstrap>", line 1176, in _find_and_load
  File "<frozen importlib._bootstrap>", line 1147, in _find_and_load_unlocked
  File "<frozen importlib._bootstrap>", line 690, in _load_unlocked
  File "<frozen importlib._bootstrap_external>", line 940, in exec_module
  File "<frozen importlib._bootstrap>", line 241, in _call_with_frames_removed
  File "/var/www/html/LivingArchiveOfAboriginalLanguages/livingarchive/urls.py", line 9, in <module>
    from search import views as search_views
  File "/var/www/html/LivingArchiveOfAboriginalLanguages/search/views.py", line 4, in <module>
    from wagtail.core.models import Page
ModuleNotFoundError: No module named 'wagtail.core'

During handling of the above exception, another exception occurred:

Traceback (most recent call last):
  File "/var/www/html/LivingArchiveOfAboriginalLanguages/env/lib/python3.11/site-packages/django/core/handlers/exception.py", line 56, in inner
    response = get_response(request)
               ^^^^^^^^^^^^^^^^^^^^^
  File "/var/www/html/LivingArchiveOfAboriginalLanguages/env/lib/python3.11/site-packages/django/utils/deprecation.py", line 136, in __call__
    response = response or self.get_response(request)
                           ^^^^^^^^^^^^^^^^^^^^^^^^^^
  File "/var/www/html/LivingArchiveOfAboriginalLanguages/env/lib/python3.11/site-packages/django/core/handlers/exception.py", line 58, in inner
    response = response_for_exception(request, exc)
               ^^^^^^^^^^^^^^^^^^^^^^^^^^^^^^^^^^^^
  File "/var/www/html/LivingArchiveOfAboriginalLanguages/env/lib/python3.11/site-packages/django/core/handlers/exception.py", line 141, in response_for_exception
    response = handle_uncaught_exception(
               ^^^^^^^^^^^^^^^^^^^^^^^^^^
  File "/var/www/html/LivingArchiveOfAboriginalLanguages/env/lib/python3.11/site-packages/django/core/handlers/exception.py", line 182, in handle_uncaught_exception
    return debug.technical_500_response(request, *exc_info)
           ^^^^^^^^^^^^^^^^^^^^^^^^^^^^^^^^^^^^^^^^^^^^^^^^
  File "/var/www/html/LivingArchiveOfAboriginalLanguages/env/lib/python3.11/site-packages/django/views/debug.py", line 66, in technical_500_response
    html = reporter.get_traceback_html()
           ^^^^^^^^^^^^^^^^^^^^^^^^^^^^^
  File "/var/www/html/LivingArchiveOfAboriginalLanguages/env/lib/python3.11/site-packages/django/views/debug.py", line 396, in get_traceback_html
    c = Context(self.get_traceback_data(), use_l10n=False)
                ^^^^^^^^^^^^^^^^^^^^^^^^^
  File "/var/www/html/LivingArchiveOfAboriginalLanguages/env/lib/python3.11/site-packages/django/views/debug.py", line 381, in get_traceback_data
    c["raising_view_name"] = get_caller(self.request)
                             ^^^^^^^^^^^^^^^^^^^^^^^^
  File "/var/www/html/LivingArchiveOfAboriginalLanguages/env/lib/python3.11/site-packages/django/views/debug.py", line 99, in get_caller
    resolver_match = resolve(request.path)
                     ^^^^^^^^^^^^^^^^^^^^^
  File "/var/www/html/LivingArchiveOfAboriginalLanguages/env/lib/python3.11/site-packages/django/urls/base.py", line 24, in resolve
    return get_resolver(urlconf).resolve(path)
           ^^^^^^^^^^^^^^^^^^^^^^^^^^^^^^^^^^^
  File "/var/www/html/LivingArchiveOfAboriginalLanguages/env/lib/python3.11/site-packages/django/urls/resolvers.py", line 663, in resolve
    for pattern in self.url_patterns:
                   ^^^^^^^^^^^^^^^^^
  File "/var/www/html/LivingArchiveOfAboriginalLanguages/env/lib/python3.11/site-packages/django/utils/functional.py", line 57, in __get__
    res = instance.__dict__[self.name] = self.func(instance)
                                         ^^^^^^^^^^^^^^^^^^^
  File "/var/www/html/LivingArchiveOfAboriginalLanguages/env/lib/python3.11/site-packages/django/urls/resolvers.py", line 715, in url_patterns
    patterns = getattr(self.urlconf_module, "urlpatterns", self.urlconf_module)
                       ^^^^^^^^^^^^^^^^^^^
  File "/var/www/html/LivingArchiveOfAboriginalLanguages/env/lib/python3.11/site-packages/django/utils/functional.py", line 57, in __get__
    res = instance.__dict__[self.name] = self.func(instance)
                                         ^^^^^^^^^^^^^^^^^^^
  File "/var/www/html/LivingArchiveOfAboriginalLanguages/env/lib/python3.11/site-packages/django/urls/resolvers.py", line 708, in urlconf_module
    return import_module(self.urlconf_name)
           ^^^^^^^^^^^^^^^^^^^^^^^^^^^^^^^^
  File "/usr/lib/python3.11/importlib/__init__.py", line 126, in import_module
    return _bootstrap._gcd_import(name[level:], package, level)
           ^^^^^^^^^^^^^^^^^^^^^^^^^^^^^^^^^^^^^^^^^^^^^^^^^^^^
  File "<frozen importlib._bootstrap>", line 1204, in _gcd_import
  File "<frozen importlib._bootstrap>", line 1176, in _find_and_load
  File "<frozen importlib._bootstrap>", line 1147, in _find_and_load_unlocked
  File "<frozen importlib._bootstrap>", line 690, in _load_unlocked
  File "<frozen importlib._bootstrap_external>", line 940, in exec_module
  File "<frozen importlib._bootstrap>", line 241, in _call_with_frames_removed
  File "/var/www/html/LivingArchiveOfAboriginalLanguages/livingarchive/urls.py", line 9, in <module>
    from search import views as search_views
  File "/var/www/html/LivingArchiveOfAboriginalLanguages/search/views.py", line 4, in <module>
    from wagtail.core.models import Page
ModuleNotFoundError: No module named 'wagtail.core'

During handling of the above exception, another exception occurred:

Traceback (most recent call last):
  File "/var/www/html/LivingArchiveOfAboriginalLanguages/env/lib/python3.11/site-packages/django/core/handlers/exception.py", line 56, in inner
    response = get_response(request)
               ^^^^^^^^^^^^^^^^^^^^^
  File "/var/www/html/LivingArchiveOfAboriginalLanguages/env/lib/python3.11/site-packages/django/utils/deprecation.py", line 136, in __call__
    response = response or self.get_response(request)
                           ^^^^^^^^^^^^^^^^^^^^^^^^^^
  File "/var/www/html/LivingArchiveOfAboriginalLanguages/env/lib/python3.11/site-packages/django/core/handlers/exception.py", line 58, in inner
    response = response_for_exception(request, exc)
               ^^^^^^^^^^^^^^^^^^^^^^^^^^^^^^^^^^^^
  File "/var/www/html/LivingArchiveOfAboriginalLanguages/env/lib/python3.11/site-packages/django/core/handlers/exception.py", line 141, in response_for_exception
    response = handle_uncaught_exception(
               ^^^^^^^^^^^^^^^^^^^^^^^^^^
  File "/var/www/html/LivingArchiveOfAboriginalLanguages/env/lib/python3.11/site-packages/django/core/handlers/exception.py", line 182, in handle_uncaught_exception
    return debug.technical_500_response(request, *exc_info)
           ^^^^^^^^^^^^^^^^^^^^^^^^^^^^^^^^^^^^^^^^^^^^^^^^
  File "/var/www/html/LivingArchiveOfAboriginalLanguages/env/lib/python3.11/site-packages/django/views/debug.py", line 66, in technical_500_response
    html = reporter.get_traceback_html()
           ^^^^^^^^^^^^^^^^^^^^^^^^^^^^^
  File "/var/www/html/LivingArchiveOfAboriginalLanguages/env/lib/python3.11/site-packages/django/views/debug.py", line 396, in get_traceback_html
    c = Context(self.get_traceback_data(), use_l10n=False)
                ^^^^^^^^^^^^^^^^^^^^^^^^^
  File "/var/www/html/LivingArchiveOfAboriginalLanguages/env/lib/python3.11/site-packages/django/views/debug.py", line 381, in get_traceback_data
    c["raising_view_name"] = get_caller(self.request)
                             ^^^^^^^^^^^^^^^^^^^^^^^^
  File "/var/www/html/LivingArchiveOfAboriginalLanguages/env/lib/python3.11/site-packages/django/views/debug.py", line 99, in get_caller
    resolver_match = resolve(request.path)
                     ^^^^^^^^^^^^^^^^^^^^^
  File "/var/www/html/LivingArchiveOfAboriginalLanguages/env/lib/python3.11/site-packages/django/urls/base.py", line 24, in resolve
    return get_resolver(urlconf).resolve(path)
           ^^^^^^^^^^^^^^^^^^^^^^^^^^^^^^^^^^^
  File "/var/www/html/LivingArchiveOfAboriginalLanguages/env/lib/python3.11/site-packages/django/urls/resolvers.py", line 663, in resolve
    for pattern in self.url_patterns:
                   ^^^^^^^^^^^^^^^^^
  File "/var/www/html/LivingArchiveOfAboriginalLanguages/env/lib/python3.11/site-packages/django/utils/functional.py", line 57, in __get__
    res = instance.__dict__[self.name] = self.func(instance)
                                         ^^^^^^^^^^^^^^^^^^^
  File "/var/www/html/LivingArchiveOfAboriginalLanguages/env/lib/python3.11/site-packages/django/urls/resolvers.py", line 715, in url_patterns
    patterns = getattr(self.urlconf_module, "urlpatterns", self.urlconf_module)
                       ^^^^^^^^^^^^^^^^^^^
  File "/var/www/html/LivingArchiveOfAboriginalLanguages/env/lib/python3.11/site-packages/django/utils/functional.py", line 57, in __get__
    res = instance.__dict__[self.name] = self.func(instance)
                                         ^^^^^^^^^^^^^^^^^^^
  File "/var/www/html/LivingArchiveOfAboriginalLanguages/env/lib/python3.11/site-packages/django/urls/resolvers.py", line 708, in urlconf_module
    return import_module(self.urlconf_name)
           ^^^^^^^^^^^^^^^^^^^^^^^^^^^^^^^^
  File "/usr/lib/python3.11/importlib/__init__.py", line 126, in import_module
    return _bootstrap._gcd_import(name[level:], package, level)
           ^^^^^^^^^^^^^^^^^^^^^^^^^^^^^^^^^^^^^^^^^^^^^^^^^^^^
  File "<frozen importlib._bootstrap>", line 1204, in _gcd_import
  File "<frozen importlib._bootstrap>", line 1176, in _find_and_load
  File "<frozen importlib._bootstrap>", line 1147, in _find_and_load_unlocked
  File "<frozen importlib._bootstrap>", line 690, in _load_unlocked
  File "<frozen importlib._bootstrap_external>", line 940, in exec_module
  File "<frozen importlib._bootstrap>", line 241, in _call_with_frames_removed
  File "/var/www/html/LivingArchiveOfAboriginalLanguages/livingarchive/urls.py", line 9, in <module>
    from search import views as search_views
  File "/var/www/html/LivingArchiveOfAboriginalLanguages/search/views.py", line 4, in <module>
    from wagtail.core.models import Page
ModuleNotFoundError: No module named 'wagtail.core'

During handling of the above exception, another exception occurred:

Traceback (most recent call last):
  File "/var/www/html/LivingArchiveOfAboriginalLanguages/env/lib/python3.11/site-packages/django/core/handlers/exception.py", line 56, in inner
    response = get_response(request)
               ^^^^^^^^^^^^^^^^^^^^^
  File "/var/www/html/LivingArchiveOfAboriginalLanguages/env/lib/python3.11/site-packages/django/utils/deprecation.py", line 136, in __call__
    response = response or self.get_response(request)
                           ^^^^^^^^^^^^^^^^^^^^^^^^^^
  File "/var/www/html/LivingArchiveOfAboriginalLanguages/env/lib/python3.11/site-packages/django/core/handlers/exception.py", line 58, in inner
    response = response_for_exception(request, exc)
               ^^^^^^^^^^^^^^^^^^^^^^^^^^^^^^^^^^^^
  File "/var/www/html/LivingArchiveOfAboriginalLanguages/env/lib/python3.11/site-packages/django/core/handlers/exception.py", line 141, in response_for_exception
    response = handle_uncaught_exception(
               ^^^^^^^^^^^^^^^^^^^^^^^^^^
  File "/var/www/html/LivingArchiveOfAboriginalLanguages/env/lib/python3.11/site-packages/django/core/handlers/exception.py", line 182, in handle_uncaught_exception
    return debug.technical_500_response(request, *exc_info)
           ^^^^^^^^^^^^^^^^^^^^^^^^^^^^^^^^^^^^^^^^^^^^^^^^
  File "/var/www/html/LivingArchiveOfAboriginalLanguages/env/lib/python3.11/site-packages/django/views/debug.py", line 66, in technical_500_response
    html = reporter.get_traceback_html()
           ^^^^^^^^^^^^^^^^^^^^^^^^^^^^^
  File "/var/www/html/LivingArchiveOfAboriginalLanguages/env/lib/python3.11/site-packages/django/views/debug.py", line 396, in get_traceback_html
    c = Context(self.get_traceback_data(), use_l10n=False)
                ^^^^^^^^^^^^^^^^^^^^^^^^^
  File "/var/www/html/LivingArchiveOfAboriginalLanguages/env/lib/python3.11/site-packages/django/views/debug.py", line 381, in get_traceback_data
    c["raising_view_name"] = get_caller(self.request)
                             ^^^^^^^^^^^^^^^^^^^^^^^^
  File "/var/www/html/LivingArchiveOfAboriginalLanguages/env/lib/python3.11/site-packages/django/views/debug.py", line 99, in get_caller
    resolver_match = resolve(request.path)
                     ^^^^^^^^^^^^^^^^^^^^^
  File "/var/www/html/LivingArchiveOfAboriginalLanguages/env/lib/python3.11/site-packages/django/urls/base.py", line 24, in resolve
    return get_resolver(urlconf).resolve(path)
           ^^^^^^^^^^^^^^^^^^^^^^^^^^^^^^^^^^^
  File "/var/www/html/LivingArchiveOfAboriginalLanguages/env/lib/python3.11/site-packages/django/urls/resolvers.py", line 663, in resolve
    for pattern in self.url_patterns:
                   ^^^^^^^^^^^^^^^^^
  File "/var/www/html/LivingArchiveOfAboriginalLanguages/env/lib/python3.11/site-packages/django/utils/functional.py", line 57, in __get__
    res = instance.__dict__[self.name] = self.func(instance)
                                         ^^^^^^^^^^^^^^^^^^^
  File "/var/www/html/LivingArchiveOfAboriginalLanguages/env/lib/python3.11/site-packages/django/urls/resolvers.py", line 715, in url_patterns
    patterns = getattr(self.urlconf_module, "urlpatterns", self.urlconf_module)
                       ^^^^^^^^^^^^^^^^^^^
  File "/var/www/html/LivingArchiveOfAboriginalLanguages/env/lib/python3.11/site-packages/django/utils/functional.py", line 57, in __get__
    res = instance.__dict__[self.name] = self.func(instance)
                                         ^^^^^^^^^^^^^^^^^^^
  File "/var/www/html/LivingArchiveOfAboriginalLanguages/env/lib/python3.11/site-packages/django/urls/resolvers.py", line 708, in urlconf_module
    return import_module(self.urlconf_name)
           ^^^^^^^^^^^^^^^^^^^^^^^^^^^^^^^^
  File "/usr/lib/python3.11/importlib/__init__.py", line 126, in import_module
    return _bootstrap._gcd_import(name[level:], package, level)
           ^^^^^^^^^^^^^^^^^^^^^^^^^^^^^^^^^^^^^^^^^^^^^^^^^^^^
  File "<frozen importlib._bootstrap>", line 1204, in _gcd_import
  File "<frozen importlib._bootstrap>", line 1176, in _find_and_load
  File "<frozen importlib._bootstrap>", line 1147, in _find_and_load_unlocked
  File "<frozen importlib._bootstrap>", line 690, in _load_unlocked
  File "<frozen importlib._bootstrap_external>", line 940, in exec_module
  File "<frozen importlib._bootstrap>", line 241, in _call_with_frames_removed
  File "/var/www/html/LivingArchiveOfAboriginalLanguages/livingarchive/urls.py", line 9, in <module>
    from search import views as search_views
  File "/var/www/html/LivingArchiveOfAboriginalLanguages/search/views.py", line 4, in <module>
    from wagtail.core.models import Page
ModuleNotFoundError: No module named 'wagtail.core'

During handling of the above exception, another exception occurred:

Traceback (most recent call last):
  File "/var/www/html/LivingArchiveOfAboriginalLanguages/env/lib/python3.11/site-packages/django/core/handlers/exception.py", line 56, in inner
    response = get_response(request)
               ^^^^^^^^^^^^^^^^^^^^^
  File "/var/www/html/LivingArchiveOfAboriginalLanguages/env/lib/python3.11/site-packages/django/utils/deprecation.py", line 136, in __call__
    response = response or self.get_response(request)
                           ^^^^^^^^^^^^^^^^^^^^^^^^^^
  File "/var/www/html/LivingArchiveOfAboriginalLanguages/env/lib/python3.11/site-packages/django/core/handlers/exception.py", line 58, in inner
    response = response_for_exception(request, exc)
               ^^^^^^^^^^^^^^^^^^^^^^^^^^^^^^^^^^^^
  File "/var/www/html/LivingArchiveOfAboriginalLanguages/env/lib/python3.11/site-packages/django/core/handlers/exception.py", line 141, in response_for_exception
    response = handle_uncaught_exception(
               ^^^^^^^^^^^^^^^^^^^^^^^^^^
  File "/var/www/html/LivingArchiveOfAboriginalLanguages/env/lib/python3.11/site-packages/django/core/handlers/exception.py", line 182, in handle_uncaught_exception
    return debug.technical_500_response(request, *exc_info)
           ^^^^^^^^^^^^^^^^^^^^^^^^^^^^^^^^^^^^^^^^^^^^^^^^
  File "/var/www/html/LivingArchiveOfAboriginalLanguages/env/lib/python3.11/site-packages/django/views/debug.py", line 66, in technical_500_response
    html = reporter.get_traceback_html()
           ^^^^^^^^^^^^^^^^^^^^^^^^^^^^^
  File "/var/www/html/LivingArchiveOfAboriginalLanguages/env/lib/python3.11/site-packages/django/views/debug.py", line 396, in get_traceback_html
    c = Context(self.get_traceback_data(), use_l10n=False)
                ^^^^^^^^^^^^^^^^^^^^^^^^^
  File "/var/www/html/LivingArchiveOfAboriginalLanguages/env/lib/python3.11/site-packages/django/views/debug.py", line 381, in get_traceback_data
    c["raising_view_name"] = get_caller(self.request)
                             ^^^^^^^^^^^^^^^^^^^^^^^^
  File "/var/www/html/LivingArchiveOfAboriginalLanguages/env/lib/python3.11/site-packages/django/views/debug.py", line 99, in get_caller
    resolver_match = resolve(request.path)
                     ^^^^^^^^^^^^^^^^^^^^^
  File "/var/www/html/LivingArchiveOfAboriginalLanguages/env/lib/python3.11/site-packages/django/urls/base.py", line 24, in resolve
    return get_resolver(urlconf).resolve(path)
           ^^^^^^^^^^^^^^^^^^^^^^^^^^^^^^^^^^^
  File "/var/www/html/LivingArchiveOfAboriginalLanguages/env/lib/python3.11/site-packages/django/urls/resolvers.py", line 663, in resolve
    for pattern in self.url_patterns:
                   ^^^^^^^^^^^^^^^^^
  File "/var/www/html/LivingArchiveOfAboriginalLanguages/env/lib/python3.11/site-packages/django/utils/functional.py", line 57, in __get__
    res = instance.__dict__[self.name] = self.func(instance)
                                         ^^^^^^^^^^^^^^^^^^^
  File "/var/www/html/LivingArchiveOfAboriginalLanguages/env/lib/python3.11/site-packages/django/urls/resolvers.py", line 715, in url_patterns
    patterns = getattr(self.urlconf_module, "urlpatterns", self.urlconf_module)
                       ^^^^^^^^^^^^^^^^^^^
  File "/var/www/html/LivingArchiveOfAboriginalLanguages/env/lib/python3.11/site-packages/django/utils/functional.py", line 57, in __get__
    res = instance.__dict__[self.name] = self.func(instance)
                                         ^^^^^^^^^^^^^^^^^^^
  File "/var/www/html/LivingArchiveOfAboriginalLanguages/env/lib/python3.11/site-packages/django/urls/resolvers.py", line 708, in urlconf_module
    return import_module(self.urlconf_name)
           ^^^^^^^^^^^^^^^^^^^^^^^^^^^^^^^^
  File "/usr/lib/python3.11/importlib/__init__.py", line 126, in import_module
    return _bootstrap._gcd_import(name[level:], package, level)
           ^^^^^^^^^^^^^^^^^^^^^^^^^^^^^^^^^^^^^^^^^^^^^^^^^^^^
  File "<frozen importlib._bootstrap>", line 1204, in _gcd_import
  File "<frozen importlib._bootstrap>", line 1176, in _find_and_load
  File "<frozen importlib._bootstrap>", line 1147, in _find_and_load_unlocked
  File "<frozen importlib._bootstrap>", line 690, in _load_unlocked
  File "<frozen importlib._bootstrap_external>", line 940, in exec_module
  File "<frozen importlib._bootstrap>", line 241, in _call_with_frames_removed
  File "/var/www/html/LivingArchiveOfAboriginalLanguages/livingarchive/urls.py", line 9, in <module>
    from search import views as search_views
  File "/var/www/html/LivingArchiveOfAboriginalLanguages/search/views.py", line 4, in <module>
    from wagtail.core.models import Page
ModuleNotFoundError: No module named 'wagtail.core'

During handling of the above exception, another exception occurred:

Traceback (most recent call last):
  File "/var/www/html/LivingArchiveOfAboriginalLanguages/env/lib/python3.11/site-packages/django/core/handlers/exception.py", line 56, in inner
    response = get_response(request)
               ^^^^^^^^^^^^^^^^^^^^^
  File "/var/www/html/LivingArchiveOfAboriginalLanguages/env/lib/python3.11/site-packages/django/utils/deprecation.py", line 136, in __call__
    response = response or self.get_response(request)
                           ^^^^^^^^^^^^^^^^^^^^^^^^^^
  File "/var/www/html/LivingArchiveOfAboriginalLanguages/env/lib/python3.11/site-packages/django/core/handlers/exception.py", line 58, in inner
    response = response_for_exception(request, exc)
               ^^^^^^^^^^^^^^^^^^^^^^^^^^^^^^^^^^^^
  File "/var/www/html/LivingArchiveOfAboriginalLanguages/env/lib/python3.11/site-packages/django/core/handlers/exception.py", line 141, in response_for_exception
    response = handle_uncaught_exception(
               ^^^^^^^^^^^^^^^^^^^^^^^^^^
  File "/var/www/html/LivingArchiveOfAboriginalLanguages/env/lib/python3.11/site-packages/django/core/handlers/exception.py", line 182, in handle_uncaught_exception
    return debug.technical_500_response(request, *exc_info)
           ^^^^^^^^^^^^^^^^^^^^^^^^^^^^^^^^^^^^^^^^^^^^^^^^
  File "/var/www/html/LivingArchiveOfAboriginalLanguages/env/lib/python3.11/site-packages/django/views/debug.py", line 66, in technical_500_response
    html = reporter.get_traceback_html()
           ^^^^^^^^^^^^^^^^^^^^^^^^^^^^^
  File "/var/www/html/LivingArchiveOfAboriginalLanguages/env/lib/python3.11/site-packages/django/views/debug.py", line 396, in get_traceback_html
    c = Context(self.get_traceback_data(), use_l10n=False)
                ^^^^^^^^^^^^^^^^^^^^^^^^^
  File "/var/www/html/LivingArchiveOfAboriginalLanguages/env/lib/python3.11/site-packages/django/views/debug.py", line 381, in get_traceback_data
    c["raising_view_name"] = get_caller(self.request)
                             ^^^^^^^^^^^^^^^^^^^^^^^^
  File "/var/www/html/LivingArchiveOfAboriginalLanguages/env/lib/python3.11/site-packages/django/views/debug.py", line 99, in get_caller
    resolver_match = resolve(request.path)
                     ^^^^^^^^^^^^^^^^^^^^^
  File "/var/www/html/LivingArchiveOfAboriginalLanguages/env/lib/python3.11/site-packages/django/urls/base.py", line 24, in resolve
    return get_resolver(urlconf).resolve(path)
           ^^^^^^^^^^^^^^^^^^^^^^^^^^^^^^^^^^^
  File "/var/www/html/LivingArchiveOfAboriginalLanguages/env/lib/python3.11/site-packages/django/urls/resolvers.py", line 663, in resolve
    for pattern in self.url_patterns:
                   ^^^^^^^^^^^^^^^^^
  File "/var/www/html/LivingArchiveOfAboriginalLanguages/env/lib/python3.11/site-packages/django/utils/functional.py", line 57, in __get__
    res = instance.__dict__[self.name] = self.func(instance)
                                         ^^^^^^^^^^^^^^^^^^^
  File "/var/www/html/LivingArchiveOfAboriginalLanguages/env/lib/python3.11/site-packages/django/urls/resolvers.py", line 715, in url_patterns
    patterns = getattr(self.urlconf_module, "urlpatterns", self.urlconf_module)
                       ^^^^^^^^^^^^^^^^^^^
  File "/var/www/html/LivingArchiveOfAboriginalLanguages/env/lib/python3.11/site-packages/django/utils/functional.py", line 57, in __get__
    res = instance.__dict__[self.name] = self.func(instance)
                                         ^^^^^^^^^^^^^^^^^^^
  File "/var/www/html/LivingArchiveOfAboriginalLanguages/env/lib/python3.11/site-packages/django/urls/resolvers.py", line 708, in urlconf_module
    return import_module(self.urlconf_name)
           ^^^^^^^^^^^^^^^^^^^^^^^^^^^^^^^^
  File "/usr/lib/python3.11/importlib/__init__.py", line 126, in import_module
    return _bootstrap._gcd_import(name[level:], package, level)
           ^^^^^^^^^^^^^^^^^^^^^^^^^^^^^^^^^^^^^^^^^^^^^^^^^^^^
  File "<frozen importlib._bootstrap>", line 1204, in _gcd_import
  File "<frozen importlib._bootstrap>", line 1176, in _find_and_load
  File "<frozen importlib._bootstrap>", line 1147, in _find_and_load_unlocked
  File "<frozen importlib._bootstrap>", line 690, in _load_unlocked
  File "<frozen importlib._bootstrap_external>", line 940, in exec_module
  File "<frozen importlib._bootstrap>", line 241, in _call_with_frames_removed
  File "/var/www/html/LivingArchiveOfAboriginalLanguages/livingarchive/urls.py", line 9, in <module>
    from search import views as search_views
  File "/var/www/html/LivingArchiveOfAboriginalLanguages/search/views.py", line 4, in <module>
    from wagtail.core.models import Page
ModuleNotFoundError: No module named 'wagtail.core'

During handling of the above exception, another exception occurred:

Traceback (most recent call last):
  File "/var/www/html/LivingArchiveOfAboriginalLanguages/env/lib/python3.11/site-packages/django/core/handlers/exception.py", line 56, in inner
    response = get_response(request)
               ^^^^^^^^^^^^^^^^^^^^^
  File "/var/www/html/LivingArchiveOfAboriginalLanguages/env/lib/python3.11/site-packages/django/utils/deprecation.py", line 136, in __call__
    response = response or self.get_response(request)
                           ^^^^^^^^^^^^^^^^^^^^^^^^^^
  File "/var/www/html/LivingArchiveOfAboriginalLanguages/env/lib/python3.11/site-packages/django/core/handlers/exception.py", line 58, in inner
    response = response_for_exception(request, exc)
               ^^^^^^^^^^^^^^^^^^^^^^^^^^^^^^^^^^^^
  File "/var/www/html/LivingArchiveOfAboriginalLanguages/env/lib/python3.11/site-packages/django/core/handlers/exception.py", line 141, in response_for_exception
    response = handle_uncaught_exception(
               ^^^^^^^^^^^^^^^^^^^^^^^^^^
  File "/var/www/html/LivingArchiveOfAboriginalLanguages/env/lib/python3.11/site-packages/django/core/handlers/exception.py", line 182, in handle_uncaught_exception
    return debug.technical_500_response(request, *exc_info)
           ^^^^^^^^^^^^^^^^^^^^^^^^^^^^^^^^^^^^^^^^^^^^^^^^
  File "/var/www/html/LivingArchiveOfAboriginalLanguages/env/lib/python3.11/site-packages/django/views/debug.py", line 66, in technical_500_response
    html = reporter.get_traceback_html()
           ^^^^^^^^^^^^^^^^^^^^^^^^^^^^^
  File "/var/www/html/LivingArchiveOfAboriginalLanguages/env/lib/python3.11/site-packages/django/views/debug.py", line 396, in get_traceback_html
    c = Context(self.get_traceback_data(), use_l10n=False)
                ^^^^^^^^^^^^^^^^^^^^^^^^^
  File "/var/www/html/LivingArchiveOfAboriginalLanguages/env/lib/python3.11/site-packages/django/views/debug.py", line 381, in get_traceback_data
    c["raising_view_name"] = get_caller(self.request)
                             ^^^^^^^^^^^^^^^^^^^^^^^^
  File "/var/www/html/LivingArchiveOfAboriginalLanguages/env/lib/python3.11/site-packages/django/views/debug.py", line 99, in get_caller
    resolver_match = resolve(request.path)
                     ^^^^^^^^^^^^^^^^^^^^^
  File "/var/www/html/LivingArchiveOfAboriginalLanguages/env/lib/python3.11/site-packages/django/urls/base.py", line 24, in resolve
    return get_resolver(urlconf).resolve(path)
           ^^^^^^^^^^^^^^^^^^^^^^^^^^^^^^^^^^^
  File "/var/www/html/LivingArchiveOfAboriginalLanguages/env/lib/python3.11/site-packages/django/urls/resolvers.py", line 663, in resolve
    for pattern in self.url_patterns:
                   ^^^^^^^^^^^^^^^^^
  File "/var/www/html/LivingArchiveOfAboriginalLanguages/env/lib/python3.11/site-packages/django/utils/functional.py", line 57, in __get__
    res = instance.__dict__[self.name] = self.func(instance)
                                         ^^^^^^^^^^^^^^^^^^^
  File "/var/www/html/LivingArchiveOfAboriginalLanguages/env/lib/python3.11/site-packages/django/urls/resolvers.py", line 715, in url_patterns
    patterns = getattr(self.urlconf_module, "urlpatterns", self.urlconf_module)
                       ^^^^^^^^^^^^^^^^^^^
  File "/var/www/html/LivingArchiveOfAboriginalLanguages/env/lib/python3.11/site-packages/django/utils/functional.py", line 57, in __get__
    res = instance.__dict__[self.name] = self.func(instance)
                                         ^^^^^^^^^^^^^^^^^^^
  File "/var/www/html/LivingArchiveOfAboriginalLanguages/env/lib/python3.11/site-packages/django/urls/resolvers.py", line 708, in urlconf_module
    return import_module(self.urlconf_name)
           ^^^^^^^^^^^^^^^^^^^^^^^^^^^^^^^^
  File "/usr/lib/python3.11/importlib/__init__.py", line 126, in import_module
    return _bootstrap._gcd_import(name[level:], package, level)
           ^^^^^^^^^^^^^^^^^^^^^^^^^^^^^^^^^^^^^^^^^^^^^^^^^^^^
  File "<frozen importlib._bootstrap>", line 1204, in _gcd_import
  File "<frozen importlib._bootstrap>", line 1176, in _find_and_load
  File "<frozen importlib._bootstrap>", line 1147, in _find_and_load_unlocked
  File "<frozen importlib._bootstrap>", line 690, in _load_unlocked
  File "<frozen importlib._bootstrap_external>", line 940, in exec_module
  File "<frozen importlib._bootstrap>", line 241, in _call_with_frames_removed
  File "/var/www/html/LivingArchiveOfAboriginalLanguages/livingarchive/urls.py", line 9, in <module>
    from search import views as search_views
  File "/var/www/html/LivingArchiveOfAboriginalLanguages/search/views.py", line 4, in <module>
    from wagtail.core.models import Page
ModuleNotFoundError: No module named 'wagtail.core'

During handling of the above exception, another exception occurred:

Traceback (most recent call last):
  File "/var/www/html/LivingArchiveOfAboriginalLanguages/env/lib/python3.11/site-packages/django/core/handlers/exception.py", line 56, in inner
    response = get_response(request)
               ^^^^^^^^^^^^^^^^^^^^^
  File "/var/www/html/LivingArchiveOfAboriginalLanguages/env/lib/python3.11/site-packages/django/utils/deprecation.py", line 136, in __call__
    response = response or self.get_response(request)
                           ^^^^^^^^^^^^^^^^^^^^^^^^^^
  File "/var/www/html/LivingArchiveOfAboriginalLanguages/env/lib/python3.11/site-packages/django/core/handlers/exception.py", line 58, in inner
    response = response_for_exception(request, exc)
               ^^^^^^^^^^^^^^^^^^^^^^^^^^^^^^^^^^^^
  File "/var/www/html/LivingArchiveOfAboriginalLanguages/env/lib/python3.11/site-packages/django/core/handlers/exception.py", line 141, in response_for_exception
    response = handle_uncaught_exception(
               ^^^^^^^^^^^^^^^^^^^^^^^^^^
  File "/var/www/html/LivingArchiveOfAboriginalLanguages/env/lib/python3.11/site-packages/django/core/handlers/exception.py", line 182, in handle_uncaught_exception
    return debug.technical_500_response(request, *exc_info)
           ^^^^^^^^^^^^^^^^^^^^^^^^^^^^^^^^^^^^^^^^^^^^^^^^
  File "/var/www/html/LivingArchiveOfAboriginalLanguages/env/lib/python3.11/site-packages/django/views/debug.py", line 66, in technical_500_response
    html = reporter.get_traceback_html()
           ^^^^^^^^^^^^^^^^^^^^^^^^^^^^^
  File "/var/www/html/LivingArchiveOfAboriginalLanguages/env/lib/python3.11/site-packages/django/views/debug.py", line 396, in get_traceback_html
    c = Context(self.get_traceback_data(), use_l10n=False)
                ^^^^^^^^^^^^^^^^^^^^^^^^^
  File "/var/www/html/LivingArchiveOfAboriginalLanguages/env/lib/python3.11/site-packages/django/views/debug.py", line 381, in get_traceback_data
    c["raising_view_name"] = get_caller(self.request)
                             ^^^^^^^^^^^^^^^^^^^^^^^^
  File "/var/www/html/LivingArchiveOfAboriginalLanguages/env/lib/python3.11/site-packages/django/views/debug.py", line 99, in get_caller
    resolver_match = resolve(request.path)
                     ^^^^^^^^^^^^^^^^^^^^^
  File "/var/www/html/LivingArchiveOfAboriginalLanguages/env/lib/python3.11/site-packages/django/urls/base.py", line 24, in resolve
    return get_resolver(urlconf).resolve(path)
           ^^^^^^^^^^^^^^^^^^^^^^^^^^^^^^^^^^^
  File "/var/www/html/LivingArchiveOfAboriginalLanguages/env/lib/python3.11/site-packages/django/urls/resolvers.py", line 663, in resolve
    for pattern in self.url_patterns:
                   ^^^^^^^^^^^^^^^^^
  File "/var/www/html/LivingArchiveOfAboriginalLanguages/env/lib/python3.11/site-packages/django/utils/functional.py", line 57, in __get__
    res = instance.__dict__[self.name] = self.func(instance)
                                         ^^^^^^^^^^^^^^^^^^^
  File "/var/www/html/LivingArchiveOfAboriginalLanguages/env/lib/python3.11/site-packages/django/urls/resolvers.py", line 715, in url_patterns
    patterns = getattr(self.urlconf_module, "urlpatterns", self.urlconf_module)
                       ^^^^^^^^^^^^^^^^^^^
  File "/var/www/html/LivingArchiveOfAboriginalLanguages/env/lib/python3.11/site-packages/django/utils/functional.py", line 57, in __get__
    res = instance.__dict__[self.name] = self.func(instance)
                                         ^^^^^^^^^^^^^^^^^^^
  File "/var/www/html/LivingArchiveOfAboriginalLanguages/env/lib/python3.11/site-packages/django/urls/resolvers.py", line 708, in urlconf_module
    return import_module(self.urlconf_name)
           ^^^^^^^^^^^^^^^^^^^^^^^^^^^^^^^^
  File "/usr/lib/python3.11/importlib/__init__.py", line 126, in import_module
    return _bootstrap._gcd_import(name[level:], package, level)
           ^^^^^^^^^^^^^^^^^^^^^^^^^^^^^^^^^^^^^^^^^^^^^^^^^^^^
  File "<frozen importlib._bootstrap>", line 1204, in _gcd_import
  File "<frozen importlib._bootstrap>", line 1176, in _find_and_load
  File "<frozen importlib._bootstrap>", line 1147, in _find_and_load_unlocked
  File "<frozen importlib._bootstrap>", line 690, in _load_unlocked
  File "<frozen importlib._bootstrap_external>", line 940, in exec_module
  File "<frozen importlib._bootstrap>", line 241, in _call_with_frames_removed
  File "/var/www/html/LivingArchiveOfAboriginalLanguages/livingarchive/urls.py", line 9, in <module>
    from search import views as search_views
  File "/var/www/html/LivingArchiveOfAboriginalLanguages/search/views.py", line 4, in <module>
    from wagtail.core.models import Page
ModuleNotFoundError: No module named 'wagtail.core'

During handling of the above exception, another exception occurred:

Traceback (most recent call last):
  File "/var/www/html/LivingArchiveOfAboriginalLanguages/env/lib/python3.11/site-packages/django/core/handlers/exception.py", line 56, in inner
    response = get_response(request)
               ^^^^^^^^^^^^^^^^^^^^^
  File "/var/www/html/LivingArchiveOfAboriginalLanguages/env/lib/python3.11/site-packages/django/utils/deprecation.py", line 136, in __call__
    response = response or self.get_response(request)
                           ^^^^^^^^^^^^^^^^^^^^^^^^^^
  File "/var/www/html/LivingArchiveOfAboriginalLanguages/env/lib/python3.11/site-packages/django/core/handlers/exception.py", line 58, in inner
    response = response_for_exception(request, exc)
               ^^^^^^^^^^^^^^^^^^^^^^^^^^^^^^^^^^^^
  File "/var/www/html/LivingArchiveOfAboriginalLanguages/env/lib/python3.11/site-packages/django/core/handlers/exception.py", line 141, in response_for_exception
    response = handle_uncaught_exception(
               ^^^^^^^^^^^^^^^^^^^^^^^^^^
  File "/var/www/html/LivingArchiveOfAboriginalLanguages/env/lib/python3.11/site-packages/django/core/handlers/exception.py", line 182, in handle_uncaught_exception
    return debug.technical_500_response(request, *exc_info)
           ^^^^^^^^^^^^^^^^^^^^^^^^^^^^^^^^^^^^^^^^^^^^^^^^
  File "/var/www/html/LivingArchiveOfAboriginalLanguages/env/lib/python3.11/site-packages/django/views/debug.py", line 66, in technical_500_response
    html = reporter.get_traceback_html()
           ^^^^^^^^^^^^^^^^^^^^^^^^^^^^^
  File "/var/www/html/LivingArchiveOfAboriginalLanguages/env/lib/python3.11/site-packages/django/views/debug.py", line 396, in get_traceback_html
    c = Context(self.get_traceback_data(), use_l10n=False)
                ^^^^^^^^^^^^^^^^^^^^^^^^^
  File "/var/www/html/LivingArchiveOfAboriginalLanguages/env/lib/python3.11/site-packages/django/views/debug.py", line 381, in get_traceback_data
    c["raising_view_name"] = get_caller(self.request)
                             ^^^^^^^^^^^^^^^^^^^^^^^^
  File "/var/www/html/LivingArchiveOfAboriginalLanguages/env/lib/python3.11/site-packages/django/views/debug.py", line 99, in get_caller
    resolver_match = resolve(request.path)
                     ^^^^^^^^^^^^^^^^^^^^^
  File "/var/www/html/LivingArchiveOfAboriginalLanguages/env/lib/python3.11/site-packages/django/urls/base.py", line 24, in resolve
    return get_resolver(urlconf).resolve(path)
           ^^^^^^^^^^^^^^^^^^^^^^^^^^^^^^^^^^^
  File "/var/www/html/LivingArchiveOfAboriginalLanguages/env/lib/python3.11/site-packages/django/urls/resolvers.py", line 663, in resolve
    for pattern in self.url_patterns:
                   ^^^^^^^^^^^^^^^^^
  File "/var/www/html/LivingArchiveOfAboriginalLanguages/env/lib/python3.11/site-packages/django/utils/functional.py", line 57, in __get__
    res = instance.__dict__[self.name] = self.func(instance)
                                         ^^^^^^^^^^^^^^^^^^^
  File "/var/www/html/LivingArchiveOfAboriginalLanguages/env/lib/python3.11/site-packages/django/urls/resolvers.py", line 715, in url_patterns
    patterns = getattr(self.urlconf_module, "urlpatterns", self.urlconf_module)
                       ^^^^^^^^^^^^^^^^^^^
  File "/var/www/html/LivingArchiveOfAboriginalLanguages/env/lib/python3.11/site-packages/django/utils/functional.py", line 57, in __get__
    res = instance.__dict__[self.name] = self.func(instance)
                                         ^^^^^^^^^^^^^^^^^^^
  File "/var/www/html/LivingArchiveOfAboriginalLanguages/env/lib/python3.11/site-packages/django/urls/resolvers.py", line 708, in urlconf_module
    return import_module(self.urlconf_name)
           ^^^^^^^^^^^^^^^^^^^^^^^^^^^^^^^^
  File "/usr/lib/python3.11/importlib/__init__.py", line 126, in import_module
    return _bootstrap._gcd_import(name[level:], package, level)
           ^^^^^^^^^^^^^^^^^^^^^^^^^^^^^^^^^^^^^^^^^^^^^^^^^^^^
  File "<frozen importlib._bootstrap>", line 1204, in _gcd_import
  File "<frozen importlib._bootstrap>", line 1176, in _find_and_load
  File "<frozen importlib._bootstrap>", line 1147, in _find_and_load_unlocked
  File "<frozen importlib._bootstrap>", line 690, in _load_unlocked
  File "<frozen importlib._bootstrap_external>", line 940, in exec_module
  File "<frozen importlib._bootstrap>", line 241, in _call_with_frames_removed
  File "/var/www/html/LivingArchiveOfAboriginalLanguages/livingarchive/urls.py", line 9, in <module>
    from search import views as search_views
  File "/var/www/html/LivingArchiveOfAboriginalLanguages/search/views.py", line 4, in <module>
    from wagtail.core.models import Page
ModuleNotFoundError: No module named 'wagtail.core'

During handling of the above exception, another exception occurred:

Traceback (most recent call last):
  File "/var/www/html/LivingArchiveOfAboriginalLanguages/env/lib/python3.11/site-packages/django/core/handlers/wsgi.py", line 131, in __call__
    response = self.get_response(request)
               ^^^^^^^^^^^^^^^^^^^^^^^^^^
  File "/var/www/html/LivingArchiveOfAboriginalLanguages/env/lib/python3.11/site-packages/django/core/handlers/base.py", line 140, in get_response
    response = self._middleware_chain(request)
               ^^^^^^^^^^^^^^^^^^^^^^^^^^^^^^^
  File "/var/www/html/LivingArchiveOfAboriginalLanguages/env/lib/python3.11/site-packages/django/core/handlers/exception.py", line 58, in inner
    response = response_for_exception(request, exc)
               ^^^^^^^^^^^^^^^^^^^^^^^^^^^^^^^^^^^^
  File "/var/www/html/LivingArchiveOfAboriginalLanguages/env/lib/python3.11/site-packages/django/core/handlers/exception.py", line 141, in response_for_exception
    response = handle_uncaught_exception(
               ^^^^^^^^^^^^^^^^^^^^^^^^^^
  File "/var/www/html/LivingArchiveOfAboriginalLanguages/env/lib/python3.11/site-packages/django/core/handlers/exception.py", line 182, in handle_uncaught_exception
    return debug.technical_500_response(request, *exc_info)
           ^^^^^^^^^^^^^^^^^^^^^^^^^^^^^^^^^^^^^^^^^^^^^^^^
  File "/var/www/html/LivingArchiveOfAboriginalLanguages/env/lib/python3.11/site-packages/django/views/debug.py", line 66, in technical_500_response
    html = reporter.get_traceback_html()
           ^^^^^^^^^^^^^^^^^^^^^^^^^^^^^
  File "/var/www/html/LivingArchiveOfAboriginalLanguages/env/lib/python3.11/site-packages/django/views/debug.py", line 396, in get_traceback_html
    c = Context(self.get_traceback_data(), use_l10n=False)
                ^^^^^^^^^^^^^^^^^^^^^^^^^
  File "/var/www/html/LivingArchiveOfAboriginalLanguages/env/lib/python3.11/site-packages/django/views/debug.py", line 381, in get_traceback_data
    c["raising_view_name"] = get_caller(self.request)
                             ^^^^^^^^^^^^^^^^^^^^^^^^
  File "/var/www/html/LivingArchiveOfAboriginalLanguages/env/lib/python3.11/site-packages/django/views/debug.py", line 99, in get_caller
    resolver_match = resolve(request.path)
                     ^^^^^^^^^^^^^^^^^^^^^
  File "/var/www/html/LivingArchiveOfAboriginalLanguages/env/lib/python3.11/site-packages/django/urls/base.py", line 24, in resolve
    return get_resolver(urlconf).resolve(path)
           ^^^^^^^^^^^^^^^^^^^^^^^^^^^^^^^^^^^
  File "/var/www/html/LivingArchiveOfAboriginalLanguages/env/lib/python3.11/site-packages/django/urls/resolvers.py", line 663, in resolve
    for pattern in self.url_patterns:
                   ^^^^^^^^^^^^^^^^^
  File "/var/www/html/LivingArchiveOfAboriginalLanguages/env/lib/python3.11/site-packages/django/utils/functional.py", line 57, in __get__
    res = instance.__dict__[self.name] = self.func(instance)
                                         ^^^^^^^^^^^^^^^^^^^
  File "/var/www/html/LivingArchiveOfAboriginalLanguages/env/lib/python3.11/site-packages/django/urls/resolvers.py", line 715, in url_patterns
    patterns = getattr(self.urlconf_module, "urlpatterns", self.urlconf_module)
                       ^^^^^^^^^^^^^^^^^^^
  File "/var/www/html/LivingArchiveOfAboriginalLanguages/env/lib/python3.11/site-packages/django/utils/functional.py", line 57, in __get__
    res = instance.__dict__[self.name] = self.func(instance)
                                         ^^^^^^^^^^^^^^^^^^^
  File "/var/www/html/LivingArchiveOfAboriginalLanguages/env/lib/python3.11/site-packages/django/urls/resolvers.py", line 708, in urlconf_module
    return import_module(self.urlconf_name)
           ^^^^^^^^^^^^^^^^^^^^^^^^^^^^^^^^
  File "/usr/lib/python3.11/importlib/__init__.py", line 126, in import_module
    return _bootstrap._gcd_import(name[level:], package, level)
           ^^^^^^^^^^^^^^^^^^^^^^^^^^^^^^^^^^^^^^^^^^^^^^^^^^^^
  File "<frozen importlib._bootstrap>", line 1204, in _gcd_import
  File "<frozen importlib._bootstrap>", line 1176, in _find_and_load
  File "<frozen importlib._bootstrap>", line 1147, in _find_and_load_unlocked
  File "<frozen importlib._bootstrap>", line 690, in _load_unlocked
  File "<frozen importlib._bootstrap_external>", line 940, in exec_module
  File "<frozen importlib._bootstrap>", line 241, in _call_with_frames_removed
  File "/var/www/html/LivingArchiveOfAboriginalLanguages/livingarchive/urls.py", line 9, in <module>
    from search import views as search_views
  File "/var/www/html/LivingArchiveOfAboriginalLanguages/search/views.py", line 4, in <module>
    from wagtail.core.models import Page
ModuleNotFoundError: No module named 'wagtail.core'
[pid: 2638327|app: 0|req: 1/1] 150.203.2.65 () {60 vars in 1103 bytes} [Tue Nov  7 21:17:53 2023] GET / => generated 0 bytes in 6078 msecs (HTTP/1.1 500) 0 headers in 0 bytes (0 switches on core 0)
Traceback (most recent call last):
  File "/var/www/html/LivingArchiveOfAboriginalLanguages/env/lib/python3.11/site-packages/django/core/handlers/exception.py", line 56, in inner
    response = get_response(request)
               ^^^^^^^^^^^^^^^^^^^^^
  File "/var/www/html/LivingArchiveOfAboriginalLanguages/env/lib/python3.11/site-packages/django/utils/deprecation.py", line 135, in __call__
    response = self.process_request(request)
               ^^^^^^^^^^^^^^^^^^^^^^^^^^^^^
  File "/var/www/html/LivingArchiveOfAboriginalLanguages/env/lib/python3.11/site-packages/django/middleware/common.py", line 53, in process_request
    if self.should_redirect_with_slash(request):
       ^^^^^^^^^^^^^^^^^^^^^^^^^^^^^^^^^^^^^^^^
  File "/var/www/html/LivingArchiveOfAboriginalLanguages/env/lib/python3.11/site-packages/django/middleware/common.py", line 70, in should_redirect_with_slash
    if not is_valid_path(request.path_info, urlconf):
           ^^^^^^^^^^^^^^^^^^^^^^^^^^^^^^^^^^^^^^^^^
  File "/var/www/html/LivingArchiveOfAboriginalLanguages/env/lib/python3.11/site-packages/django/urls/base.py", line 155, in is_valid_path
    return resolve(path, urlconf)
           ^^^^^^^^^^^^^^^^^^^^^^
  File "/var/www/html/LivingArchiveOfAboriginalLanguages/env/lib/python3.11/site-packages/django/urls/base.py", line 24, in resolve
    return get_resolver(urlconf).resolve(path)
           ^^^^^^^^^^^^^^^^^^^^^^^^^^^^^^^^^^^
  File "/var/www/html/LivingArchiveOfAboriginalLanguages/env/lib/python3.11/site-packages/django/urls/resolvers.py", line 663, in resolve
    for pattern in self.url_patterns:
                   ^^^^^^^^^^^^^^^^^
  File "/var/www/html/LivingArchiveOfAboriginalLanguages/env/lib/python3.11/site-packages/django/utils/functional.py", line 57, in __get__
    res = instance.__dict__[self.name] = self.func(instance)
                                         ^^^^^^^^^^^^^^^^^^^
  File "/var/www/html/LivingArchiveOfAboriginalLanguages/env/lib/python3.11/site-packages/django/urls/resolvers.py", line 715, in url_patterns
    patterns = getattr(self.urlconf_module, "urlpatterns", self.urlconf_module)
                       ^^^^^^^^^^^^^^^^^^^
  File "/var/www/html/LivingArchiveOfAboriginalLanguages/env/lib/python3.11/site-packages/django/utils/functional.py", line 57, in __get__
    res = instance.__dict__[self.name] = self.func(instance)
                                         ^^^^^^^^^^^^^^^^^^^
  File "/var/www/html/LivingArchiveOfAboriginalLanguages/env/lib/python3.11/site-packages/django/urls/resolvers.py", line 708, in urlconf_module
    return import_module(self.urlconf_name)
           ^^^^^^^^^^^^^^^^^^^^^^^^^^^^^^^^
  File "/usr/lib/python3.11/importlib/__init__.py", line 126, in import_module
    return _bootstrap._gcd_import(name[level:], package, level)
           ^^^^^^^^^^^^^^^^^^^^^^^^^^^^^^^^^^^^^^^^^^^^^^^^^^^^
  File "<frozen importlib._bootstrap>", line 1204, in _gcd_import
  File "<frozen importlib._bootstrap>", line 1176, in _find_and_load
  File "<frozen importlib._bootstrap>", line 1147, in _find_and_load_unlocked
  File "<frozen importlib._bootstrap>", line 690, in _load_unlocked
  File "<frozen importlib._bootstrap_external>", line 940, in exec_module
  File "<frozen importlib._bootstrap>", line 241, in _call_with_frames_removed
  File "/var/www/html/LivingArchiveOfAboriginalLanguages/livingarchive/urls.py", line 9, in <module>
    from search import views as search_views
  File "/var/www/html/LivingArchiveOfAboriginalLanguages/search/views.py", line 4, in <module>
    from wagtail.core.models import Page
ModuleNotFoundError: No module named 'wagtail.core'

During handling of the above exception, another exception occurred:

Traceback (most recent call last):
  File "/var/www/html/LivingArchiveOfAboriginalLanguages/env/lib/python3.11/site-packages/django/core/handlers/exception.py", line 56, in inner
    response = get_response(request)
               ^^^^^^^^^^^^^^^^^^^^^
  File "/var/www/html/LivingArchiveOfAboriginalLanguages/env/lib/python3.11/site-packages/django/utils/deprecation.py", line 136, in __call__
    response = response or self.get_response(request)
                           ^^^^^^^^^^^^^^^^^^^^^^^^^^
  File "/var/www/html/LivingArchiveOfAboriginalLanguages/env/lib/python3.11/site-packages/django/core/handlers/exception.py", line 58, in inner
    response = response_for_exception(request, exc)
               ^^^^^^^^^^^^^^^^^^^^^^^^^^^^^^^^^^^^
  File "/var/www/html/LivingArchiveOfAboriginalLanguages/env/lib/python3.11/site-packages/django/core/handlers/exception.py", line 141, in response_for_exception
    response = handle_uncaught_exception(
               ^^^^^^^^^^^^^^^^^^^^^^^^^^
  File "/var/www/html/LivingArchiveOfAboriginalLanguages/env/lib/python3.11/site-packages/django/core/handlers/exception.py", line 182, in handle_uncaught_exception
    return debug.technical_500_response(request, *exc_info)
           ^^^^^^^^^^^^^^^^^^^^^^^^^^^^^^^^^^^^^^^^^^^^^^^^
  File "/var/www/html/LivingArchiveOfAboriginalLanguages/env/lib/python3.11/site-packages/django/views/debug.py", line 66, in technical_500_response
    html = reporter.get_traceback_html()
           ^^^^^^^^^^^^^^^^^^^^^^^^^^^^^
  File "/var/www/html/LivingArchiveOfAboriginalLanguages/env/lib/python3.11/site-packages/django/views/debug.py", line 396, in get_traceback_html
    c = Context(self.get_traceback_data(), use_l10n=False)
                ^^^^^^^^^^^^^^^^^^^^^^^^^
  File "/var/www/html/LivingArchiveOfAboriginalLanguages/env/lib/python3.11/site-packages/django/views/debug.py", line 381, in get_traceback_data
    c["raising_view_name"] = get_caller(self.request)
                             ^^^^^^^^^^^^^^^^^^^^^^^^
  File "/var/www/html/LivingArchiveOfAboriginalLanguages/env/lib/python3.11/site-packages/django/views/debug.py", line 99, in get_caller
    resolver_match = resolve(request.path)
                     ^^^^^^^^^^^^^^^^^^^^^
  File "/var/www/html/LivingArchiveOfAboriginalLanguages/env/lib/python3.11/site-packages/django/urls/base.py", line 24, in resolve
    return get_resolver(urlconf).resolve(path)
           ^^^^^^^^^^^^^^^^^^^^^^^^^^^^^^^^^^^
  File "/var/www/html/LivingArchiveOfAboriginalLanguages/env/lib/python3.11/site-packages/django/urls/resolvers.py", line 663, in resolve
    for pattern in self.url_patterns:
                   ^^^^^^^^^^^^^^^^^
  File "/var/www/html/LivingArchiveOfAboriginalLanguages/env/lib/python3.11/site-packages/django/utils/functional.py", line 57, in __get__
    res = instance.__dict__[self.name] = self.func(instance)
                                         ^^^^^^^^^^^^^^^^^^^
  File "/var/www/html/LivingArchiveOfAboriginalLanguages/env/lib/python3.11/site-packages/django/urls/resolvers.py", line 715, in url_patterns
    patterns = getattr(self.urlconf_module, "urlpatterns", self.urlconf_module)
                       ^^^^^^^^^^^^^^^^^^^
  File "/var/www/html/LivingArchiveOfAboriginalLanguages/env/lib/python3.11/site-packages/django/utils/functional.py", line 57, in __get__
    res = instance.__dict__[self.name] = self.func(instance)
                                         ^^^^^^^^^^^^^^^^^^^
  File "/var/www/html/LivingArchiveOfAboriginalLanguages/env/lib/python3.11/site-packages/django/urls/resolvers.py", line 708, in urlconf_module
    return import_module(self.urlconf_name)
           ^^^^^^^^^^^^^^^^^^^^^^^^^^^^^^^^
  File "/usr/lib/python3.11/importlib/__init__.py", line 126, in import_module
    return _bootstrap._gcd_import(name[level:], package, level)
           ^^^^^^^^^^^^^^^^^^^^^^^^^^^^^^^^^^^^^^^^^^^^^^^^^^^^
  File "<frozen importlib._bootstrap>", line 1204, in _gcd_import
  File "<frozen importlib._bootstrap>", line 1176, in _find_and_load
  File "<frozen importlib._bootstrap>", line 1147, in _find_and_load_unlocked
  File "<frozen importlib._bootstrap>", line 690, in _load_unlocked
  File "<frozen importlib._bootstrap_external>", line 940, in exec_module
  File "<frozen importlib._bootstrap>", line 241, in _call_with_frames_removed
  File "/var/www/html/LivingArchiveOfAboriginalLanguages/livingarchive/urls.py", line 9, in <module>
    from search import views as search_views
  File "/var/www/html/LivingArchiveOfAboriginalLanguages/search/views.py", line 4, in <module>
    from wagtail.core.models import Page
ModuleNotFoundError: No module named 'wagtail.core'

During handling of the above exception, another exception occurred:

Traceback (most recent call last):
  File "/var/www/html/LivingArchiveOfAboriginalLanguages/env/lib/python3.11/site-packages/django/core/handlers/wsgi.py", line 131, in __call__
    response = self.get_response(request)
               ^^^^^^^^^^^^^^^^^^^^^^^^^^
  File "/var/www/html/LivingArchiveOfAboriginalLanguages/env/lib/python3.11/site-packages/django/core/handlers/base.py", line 140, in get_response
    response = self._middleware_chain(request)
               ^^^^^^^^^^^^^^^^^^^^^^^^^^^^^^^
  File "/var/www/html/LivingArchiveOfAboriginalLanguages/env/lib/python3.11/site-packages/django/core/handlers/exception.py", line 58, in inner
    response = response_for_exception(request, exc)
               ^^^^^^^^^^^^^^^^^^^^^^^^^^^^^^^^^^^^
  File "/var/www/html/LivingArchiveOfAboriginalLanguages/env/lib/python3.11/site-packages/django/core/handlers/exception.py", line 141, in response_for_exception
    response = handle_uncaught_exception(
               ^^^^^^^^^^^^^^^^^^^^^^^^^^
  File "/var/www/html/LivingArchiveOfAboriginalLanguages/env/lib/python3.11/site-packages/django/core/handlers/exception.py", line 182, in handle_uncaught_exception
    return debug.technical_500_response(request, *exc_info)
           ^^^^^^^^^^^^^^^^^^^^^^^^^^^^^^^^^^^^^^^^^^^^^^^^
  File "/var/www/html/LivingArchiveOfAboriginalLanguages/env/lib/python3.11/site-packages/django/views/debug.py", line 66, in technical_500_response
    html = reporter.get_traceback_html()
           ^^^^^^^^^^^^^^^^^^^^^^^^^^^^^
  File "/var/www/html/LivingArchiveOfAboriginalLanguages/env/lib/python3.11/site-packages/django/views/debug.py", line 396, in get_traceback_html
    c = Context(self.get_traceback_data(), use_l10n=False)
                ^^^^^^^^^^^^^^^^^^^^^^^^^
  File "/var/www/html/LivingArchiveOfAboriginalLanguages/env/lib/python3.11/site-packages/django/views/debug.py", line 381, in get_traceback_data
    c["raising_view_name"] = get_caller(self.request)
                             ^^^^^^^^^^^^^^^^^^^^^^^^
  File "/var/www/html/LivingArchiveOfAboriginalLanguages/env/lib/python3.11/site-packages/django/views/debug.py", line 99, in get_caller
    resolver_match = resolve(request.path)
                     ^^^^^^^^^^^^^^^^^^^^^
  File "/var/www/html/LivingArchiveOfAboriginalLanguages/env/lib/python3.11/site-packages/django/urls/base.py", line 24, in resolve
    return get_resolver(urlconf).resolve(path)
           ^^^^^^^^^^^^^^^^^^^^^^^^^^^^^^^^^^^
  File "/var/www/html/LivingArchiveOfAboriginalLanguages/env/lib/python3.11/site-packages/django/urls/resolvers.py", line 663, in resolve
    for pattern in self.url_patterns:
                   ^^^^^^^^^^^^^^^^^
  File "/var/www/html/LivingArchiveOfAboriginalLanguages/env/lib/python3.11/site-packages/django/utils/functional.py", line 57, in __get__
    res = instance.__dict__[self.name] = self.func(instance)
                                         ^^^^^^^^^^^^^^^^^^^
  File "/var/www/html/LivingArchiveOfAboriginalLanguages/env/lib/python3.11/site-packages/django/urls/resolvers.py", line 715, in url_patterns
    patterns = getattr(self.urlconf_module, "urlpatterns", self.urlconf_module)
                       ^^^^^^^^^^^^^^^^^^^
  File "/var/www/html/LivingArchiveOfAboriginalLanguages/env/lib/python3.11/site-packages/django/utils/functional.py", line 57, in __get__
    res = instance.__dict__[self.name] = self.func(instance)
                                         ^^^^^^^^^^^^^^^^^^^
  File "/var/www/html/LivingArchiveOfAboriginalLanguages/env/lib/python3.11/site-packages/django/urls/resolvers.py", line 708, in urlconf_module
    return import_module(self.urlconf_name)
           ^^^^^^^^^^^^^^^^^^^^^^^^^^^^^^^^
  File "/usr/lib/python3.11/importlib/__init__.py", line 126, in import_module
    return _bootstrap._gcd_import(name[level:], package, level)
           ^^^^^^^^^^^^^^^^^^^^^^^^^^^^^^^^^^^^^^^^^^^^^^^^^^^^
  File "<frozen importlib._bootstrap>", line 1204, in _gcd_import
  File "<frozen importlib._bootstrap>", line 1176, in _find_and_load
  File "<frozen importlib._bootstrap>", line 1147, in _find_and_load_unlocked
  File "<frozen importlib._bootstrap>", line 690, in _load_unlocked
  File "<frozen importlib._bootstrap_external>", line 940, in exec_module
  File "<frozen importlib._bootstrap>", line 241, in _call_with_frames_removed
  File "/var/www/html/LivingArchiveOfAboriginalLanguages/livingarchive/urls.py", line 9, in <module>
    from search import views as search_views
  File "/var/www/html/LivingArchiveOfAboriginalLanguages/search/views.py", line 4, in <module>
    from wagtail.core.models import Page
ModuleNotFoundError: No module named 'wagtail.core'
[pid: 2638327|app: 0|req: 2/2] 150.203.2.65 () {56 vars in 1009 bytes} [Tue Nov  7 21:17:59 2023] GET /favicon.ico => generated 0 bytes in 121 msecs (HTTP/1.1 500) 0 headers in 0 bytes (0 switches on core 0)
SIGINT/SIGTERM received...killing workers...
worker 1 buried after 1 seconds
goodbye to uWSGI.
*** Starting uWSGI 2.0.23 (64bit) on [Tue Nov  7 21:18:39 2023] ***
compiled with version: 9.4.0 on 05 November 2023 01:15:10
os: Linux-5.4.0-136-generic #153-Ubuntu SMP Thu Nov 24 15:56:58 UTC 2022
nodename: studentlearn1
machine: x86_64
clock source: unix
pcre jit disabled
detected number of CPU cores: 4
current working directory: /var/www/html/LivingArchiveOfAboriginalLanguages
detected binary path: /var/www/html/LivingArchiveOfAboriginalLanguages/env/bin/uwsgi
setuid() to 8
chdir() to ./
your processes number limit is 31476
your memory page size is 4096 bytes
detected max file descriptor number: 1024
lock engine: pthread robust mutexes
thunder lock: disabled (you can enable it with --thunder-lock)
uwsgi socket 0 bound to TCP address 127.0.0.1:8006 fd 3
Python version: 3.11.5 (main, Aug 25 2023, 13:19:53) [GCC 9.4.0]
*** Python threads support is disabled. You can enable it with --enable-threads ***
Python main interpreter initialized at 0x7f9f2e0a4478
your server socket listen backlog is limited to 100 connections
your mercy for graceful operations on workers is 60 seconds
mapped 145840 bytes (142 KB) for 1 cores
*** Operational MODE: single process ***
Traceback (most recent call last):
  File "/var/www/html/LivingArchiveOfAboriginalLanguages/env/lib/python3.11/site-packages/django/core/handlers/wsgi.py", line 125, in __init__
    self.load_middleware()
  File "/var/www/html/LivingArchiveOfAboriginalLanguages/env/lib/python3.11/site-packages/django/core/handlers/base.py", line 40, in load_middleware
    middleware = import_string(middleware_path)
                 ^^^^^^^^^^^^^^^^^^^^^^^^^^^^^^
  File "/var/www/html/LivingArchiveOfAboriginalLanguages/env/lib/python3.11/site-packages/django/utils/module_loading.py", line 30, in import_string
    return cached_import(module_path, class_name)
           ^^^^^^^^^^^^^^^^^^^^^^^^^^^^^^^^^^^^^^
  File "/var/www/html/LivingArchiveOfAboriginalLanguages/env/lib/python3.11/site-packages/django/utils/module_loading.py", line 15, in cached_import
    module = import_module(module_path)
             ^^^^^^^^^^^^^^^^^^^^^^^^^^
  File "/usr/lib/python3.11/importlib/__init__.py", line 126, in import_module
    return _bootstrap._gcd_import(name[level:], package, level)
           ^^^^^^^^^^^^^^^^^^^^^^^^^^^^^^^^^^^^^^^^^^^^^^^^^^^^
  File "<frozen importlib._bootstrap>", line 1204, in _gcd_import
  File "<frozen importlib._bootstrap>", line 1176, in _find_and_load
  File "<frozen importlib._bootstrap>", line 1147, in _find_and_load_unlocked
  File "<frozen importlib._bootstrap>", line 690, in _load_unlocked
  File "<frozen importlib._bootstrap_external>", line 940, in exec_module
  File "<frozen importlib._bootstrap>", line 241, in _call_with_frames_removed
  File "/var/www/html/LivingArchiveOfAboriginalLanguages/env/lib/python3.11/site-packages/wagtail/contrib/redirects/middleware.py", line 7, in <module>
    from wagtail.contrib.redirects import models
  File "/var/www/html/LivingArchiveOfAboriginalLanguages/env/lib/python3.11/site-packages/wagtail/contrib/redirects/models.py", line 7, in <module>
    from wagtail.models import Page
  File "/var/www/html/LivingArchiveOfAboriginalLanguages/env/lib/python3.11/site-packages/wagtail/models/__init__.py", line 22, in <module>
    from django.contrib.auth.models import Group, Permission
  File "/var/www/html/LivingArchiveOfAboriginalLanguages/env/lib/python3.11/site-packages/django/contrib/auth/models.py", line 3, in <module>
    from django.contrib.auth.base_user import AbstractBaseUser, BaseUserManager
  File "/var/www/html/LivingArchiveOfAboriginalLanguages/env/lib/python3.11/site-packages/django/contrib/auth/base_user.py", line 50, in <module>
    class AbstractBaseUser(models.Model):
  File "/var/www/html/LivingArchiveOfAboriginalLanguages/env/lib/python3.11/site-packages/django/db/models/base.py", line 127, in __new__
    app_config = apps.get_containing_app_config(module)
                 ^^^^^^^^^^^^^^^^^^^^^^^^^^^^^^^^^^^^^^
  File "/var/www/html/LivingArchiveOfAboriginalLanguages/env/lib/python3.11/site-packages/django/apps/registry.py", line 260, in get_containing_app_config
    self.check_apps_ready()
  File "/var/www/html/LivingArchiveOfAboriginalLanguages/env/lib/python3.11/site-packages/django/apps/registry.py", line 138, in check_apps_ready
    raise AppRegistryNotReady("Apps aren't loaded yet.")
django.core.exceptions.AppRegistryNotReady: Apps aren't loaded yet.
unable to load app 0 (mountpoint='') (callable not found or import error)
Warning: DEFAULT_PDF_VIEW_PROVIDER unspecified.Make sure you have either django-weasyprint or django-tex installed, or provide a default.
/var/www/html/LivingArchiveOfAboriginalLanguages/env/lib/python3.11/site-packages/wagtail/search/index.py:301: RemovedInWagtail60Warning: The partial_match option on SearchField has no effect and will be removed. Use AutocompleteField instead
  warn(
/var/www/html/LivingArchiveOfAboriginalLanguages/env/lib/python3.11/site-packages/wagtail/contrib/modeladmin/apps.py:15: RemovedInWagtail60Warning: wagtail.contrib.modeladmin is deprecated. Use wagtail.snippets or the separate wagtail-modeladmin package instead.
  warn(
WSGI app 0 (mountpoint='') ready in 3 seconds on interpreter 0x7f9f2e0a4478 pid: 2638336 (default app)
*** uWSGI is running in multiple interpreter mode ***
spawned uWSGI master process (pid: 2638336)
spawned uWSGI worker 1 (pid: 2638337, cores: 1)
[pid: 2638337|app: 0|req: 1/1] 150.203.2.65 () {60 vars in 1104 bytes} [Tue Nov  7 21:18:45 2023] GET / => generated 26252 bytes in 1601 msecs (HTTP/1.1 200) 8 headers in 365 bytes (1 switches on core 0)
[pid: 2638337|app: 0|req: 2/2] 150.203.2.65 () {56 vars in 1012 bytes} [Tue Nov  7 21:18:47 2023] GET /livingarchive/static/css/styles.css => generated 221106 bytes in 2 msecs via sendfile() (HTTP/1.1 200) 8 headers in 298 bytes (0 switches on core 0)
[pid: 2638337|app: 0|req: 3/3] 150.203.2.65 () {56 vars in 1017 bytes} [Tue Nov  7 21:18:47 2023] GET /livingarchive/static/css/home_page.css => generated 772 bytes in 1 msecs via sendfile() (HTTP/1.1 200) 8 headers in 298 bytes (0 switches on core 0)
[pid: 2638337|app: 0|req: 4/4] 150.203.2.65 () {56 vars in 1109 bytes} [Tue Nov  7 21:18:48 2023] GET /livingarchive/static/assets/img/banner1.jpg => generated 41265 bytes in 2 msecs via sendfile() (HTTP/1.1 200) 8 headers in 300 bytes (0 switches on core 0)
[pid: 2638337|app: 0|req: 5/5] 150.203.2.65 () {56 vars in 1074 bytes} [Tue Nov  7 21:18:48 2023] GET /livingarchive/static/assets/img/overlay.png => generated 45723 bytes in 2 msecs via sendfile() (HTTP/1.1 200) 8 headers in 299 bytes (0 switches on core 0)
[pid: 2638337|app: 0|req: 6/6] 150.203.2.65 () {56 vars in 996 bytes} [Tue Nov  7 21:18:48 2023] GET /livingarchive/static/js/scripts.js => generated 1860 bytes in 1 msecs via sendfile() (HTTP/1.1 200) 8 headers in 310 bytes (0 switches on core 0)
[pid: 2638337|app: 0|req: 7/7] 150.203.2.65 () {56 vars in 1072 bytes} [Tue Nov  7 21:18:48 2023] GET /livingarchive/static/assets/img/team/1.jpg => generated 41361 bytes in 1 msecs via sendfile() (HTTP/1.1 200) 8 headers in 294 bytes (0 switches on core 0)
[pid: 2638337|app: 0|req: 8/8] 150.203.2.65 () {56 vars in 1078 bytes} [Tue Nov  7 21:18:48 2023] GET /livingarchive/static/assets/img/logos/cdu.png => generated 8575 bytes in 1 msecs via sendfile() (HTTP/1.1 200) 8 headers in 294 bytes (0 switches on core 0)
[pid: 2638337|app: 0|req: 9/9] 150.203.2.65 () {56 vars in 1113 bytes} [Tue Nov  7 21:18:48 2023] GET /livingarchive/static/assets/img/map-image.png => generated 364038 bytes in 1 msecs via sendfile() (HTTP/1.1 200) 8 headers in 302 bytes (0 switches on core 0)
[pid: 2638337|app: 0|req: 10/10] 150.203.2.65 () {56 vars in 1066 bytes} [Tue Nov  7 21:18:49 2023] GET /livingarchive/static/assets/favicon.ico => generated 2238 bytes in 2 msecs via sendfile() (HTTP/1.1 200) 8 headers in 313 bytes (0 switches on core 0)
SIGINT/SIGTERM received...killing workers...
worker 1 buried after 1 seconds
goodbye to uWSGI.
