*** Starting uWSGI 2.0.23 (64bit) on [Tue Nov  7 21:05:52 2023] ***
compiled with version: 9.4.0 on 05 November 2023 01:15:10
os: Linux-5.4.0-136-generic #153-Ubuntu SMP Thu Nov 24 15:56:58 UTC 2022
nodename: studentlearn1
machine: x86_64
clock source: unix
pcre jit disabled
detected number of CPU cores: 4
current working directory: /var/www/html/LivingArchiveOfAboriginalLanguages
detected binary path: /var/www/html/LivingArchiveOfAboriginalLanguages/env/bin/uwsgi
setuid() to 8
chdir() to ./
your processes number limit is 31476
your memory page size is 4096 bytes
detected max file descriptor number: 1024
lock engine: pthread robust mutexes
thunder lock: disabled (you can enable it with --thunder-lock)
uwsgi socket 0 bound to TCP address 127.0.0.1:8006 fd 3
Python version: 3.11.5 (main, Aug 25 2023, 13:19:53) [GCC 9.4.0]
*** Python threads support is disabled. You can enable it with --enable-threads ***
Python main interpreter initialized at 0x7f6407878478
your server socket listen backlog is limited to 100 connections
your mercy for graceful operations on workers is 60 seconds
mapped 145840 bytes (142 KB) for 1 cores
*** Operational MODE: single process ***
Traceback (most recent call last):
  File "/var/www/html/LivingArchiveOfAboriginalLanguages/env/lib/python3.11/site-packages/django/core/handlers/wsgi.py", line 125, in __init__
    self.load_middleware()
  File "/var/www/html/LivingArchiveOfAboriginalLanguages/env/lib/python3.11/site-packages/django/core/handlers/base.py", line 40, in load_middleware
    middleware = import_string(middleware_path)
                 ^^^^^^^^^^^^^^^^^^^^^^^^^^^^^^
  File "/var/www/html/LivingArchiveOfAboriginalLanguages/env/lib/python3.11/site-packages/django/utils/module_loading.py", line 30, in import_string
    return cached_import(module_path, class_name)
           ^^^^^^^^^^^^^^^^^^^^^^^^^^^^^^^^^^^^^^
  File "/var/www/html/LivingArchiveOfAboriginalLanguages/env/lib/python3.11/site-packages/django/utils/module_loading.py", line 15, in cached_import
    module = import_module(module_path)
             ^^^^^^^^^^^^^^^^^^^^^^^^^^
  File "/usr/lib/python3.11/importlib/__init__.py", line 126, in import_module
    return _bootstrap._gcd_import(name[level:], package, level)
           ^^^^^^^^^^^^^^^^^^^^^^^^^^^^^^^^^^^^^^^^^^^^^^^^^^^^
  File "<frozen importlib._bootstrap>", line 1204, in _gcd_import
  File "<frozen importlib._bootstrap>", line 1176, in _find_and_load
  File "<frozen importlib._bootstrap>", line 1147, in _find_and_load_unlocked
  File "<frozen importlib._bootstrap>", line 690, in _load_unlocked
  File "<frozen importlib._bootstrap_external>", line 940, in exec_module
  File "<frozen importlib._bootstrap>", line 241, in _call_with_frames_removed
  File "/var/www/html/LivingArchiveOfAboriginalLanguages/env/lib/python3.11/site-packages/wagtail/contrib/redirects/middleware.py", line 7, in <module>
    from wagtail.contrib.redirects import models
  File "/var/www/html/LivingArchiveOfAboriginalLanguages/env/lib/python3.11/site-packages/wagtail/contrib/redirects/models.py", line 7, in <module>
    from wagtail.models import Page
  File "/var/www/html/LivingArchiveOfAboriginalLanguages/env/lib/python3.11/site-packages/wagtail/models/__init__.py", line 22, in <module>
    from django.contrib.auth.models import Group, Permission
  File "/var/www/html/LivingArchiveOfAboriginalLanguages/env/lib/python3.11/site-packages/django/contrib/auth/models.py", line 3, in <module>
    from django.contrib.auth.base_user import AbstractBaseUser, BaseUserManager
  File "/var/www/html/LivingArchiveOfAboriginalLanguages/env/lib/python3.11/site-packages/django/contrib/auth/base_user.py", line 50, in <module>
    class AbstractBaseUser(models.Model):
  File "/var/www/html/LivingArchiveOfAboriginalLanguages/env/lib/python3.11/site-packages/django/db/models/base.py", line 127, in __new__
    app_config = apps.get_containing_app_config(module)
                 ^^^^^^^^^^^^^^^^^^^^^^^^^^^^^^^^^^^^^^
  File "/var/www/html/LivingArchiveOfAboriginalLanguages/env/lib/python3.11/site-packages/django/apps/registry.py", line 260, in get_containing_app_config
    self.check_apps_ready()
  File "/var/www/html/LivingArchiveOfAboriginalLanguages/env/lib/python3.11/site-packages/django/apps/registry.py", line 138, in check_apps_ready
    raise AppRegistryNotReady("Apps aren't loaded yet.")
django.core.exceptions.AppRegistryNotReady: Apps aren't loaded yet.
unable to load app 0 (mountpoint='') (callable not found or import error)
Traceback (most recent call last):
  File "./livingarchive/wsgi.py", line 16, in <module>
    application = get_wsgi_application()
                  ^^^^^^^^^^^^^^^^^^^^^^
  File "/var/www/html/LivingArchiveOfAboriginalLanguages/env/lib/python3.11/site-packages/django/core/wsgi.py", line 12, in get_wsgi_application
    django.setup(set_prefix=False)
  File "/var/www/html/LivingArchiveOfAboriginalLanguages/env/lib/python3.11/site-packages/django/__init__.py", line 24, in setup
    apps.populate(settings.INSTALLED_APPS)
  File "/var/www/html/LivingArchiveOfAboriginalLanguages/env/lib/python3.11/site-packages/django/apps/registry.py", line 91, in populate
    app_config = AppConfig.create(entry)
                 ^^^^^^^^^^^^^^^^^^^^^^^
  File "/var/www/html/LivingArchiveOfAboriginalLanguages/env/lib/python3.11/site-packages/django/apps/config.py", line 193, in create
    import_module(entry)
  File "/usr/lib/python3.11/importlib/__init__.py", line 126, in import_module
    return _bootstrap._gcd_import(name[level:], package, level)
           ^^^^^^^^^^^^^^^^^^^^^^^^^^^^^^^^^^^^^^^^^^^^^^^^^^^^
  File "<frozen importlib._bootstrap>", line 1204, in _gcd_import
  File "<frozen importlib._bootstrap>", line 1176, in _find_and_load
  File "<frozen importlib._bootstrap>", line 1140, in _find_and_load_unlocked
ModuleNotFoundError: No module named 'wagtailmedia'
unable to load app 0 (mountpoint='') (callable not found or import error)
*** no app loaded. going in full dynamic mode ***
*** uWSGI is running in multiple interpreter mode ***
spawned uWSGI master process (pid: 2637953)
spawned uWSGI worker 1 (pid: 2637954, cores: 1)
SIGINT/SIGTERM received...killing workers...
worker 1 buried after 1 seconds
goodbye to uWSGI.
*** Starting uWSGI 2.0.23 (64bit) on [Tue Nov  7 21:10:26 2023] ***
compiled with version: 9.4.0 on 05 November 2023 01:15:10
os: Linux-5.4.0-136-generic #153-Ubuntu SMP Thu Nov 24 15:56:58 UTC 2022
nodename: studentlearn1
machine: x86_64
clock source: unix
pcre jit disabled
detected number of CPU cores: 4
current working directory: /var/www/html/LivingArchiveOfAboriginalLanguages
detected binary path: /var/www/html/LivingArchiveOfAboriginalLanguages/env/bin/uwsgi
setuid() to 8
chdir() to ./
your processes number limit is 31476
your memory page size is 4096 bytes
detected max file descriptor number: 1024
lock engine: pthread robust mutexes
thunder lock: disabled (you can enable it with --thunder-lock)
uwsgi socket 0 bound to TCP address 127.0.0.1:8006 fd 3
Python version: 3.11.5 (main, Aug 25 2023, 13:19:53) [GCC 9.4.0]
*** Python threads support is disabled. You can enable it with --enable-threads ***
Python main interpreter initialized at 0x7f032c087478
your server socket listen backlog is limited to 100 connections
your mercy for graceful operations on workers is 60 seconds
mapped 145840 bytes (142 KB) for 1 cores
*** Operational MODE: single process ***
Traceback (most recent call last):
  File "/var/www/html/LivingArchiveOfAboriginalLanguages/env/lib/python3.11/site-packages/django/core/handlers/wsgi.py", line 125, in __init__
    self.load_middleware()
  File "/var/www/html/LivingArchiveOfAboriginalLanguages/env/lib/python3.11/site-packages/django/core/handlers/base.py", line 40, in load_middleware
    middleware = import_string(middleware_path)
                 ^^^^^^^^^^^^^^^^^^^^^^^^^^^^^^
  File "/var/www/html/LivingArchiveOfAboriginalLanguages/env/lib/python3.11/site-packages/django/utils/module_loading.py", line 30, in import_string
    return cached_import(module_path, class_name)
           ^^^^^^^^^^^^^^^^^^^^^^^^^^^^^^^^^^^^^^
  File "/var/www/html/LivingArchiveOfAboriginalLanguages/env/lib/python3.11/site-packages/django/utils/module_loading.py", line 15, in cached_import
    module = import_module(module_path)
             ^^^^^^^^^^^^^^^^^^^^^^^^^^
  File "/usr/lib/python3.11/importlib/__init__.py", line 126, in import_module
    return _bootstrap._gcd_import(name[level:], package, level)
           ^^^^^^^^^^^^^^^^^^^^^^^^^^^^^^^^^^^^^^^^^^^^^^^^^^^^
  File "<frozen importlib._bootstrap>", line 1204, in _gcd_import
  File "<frozen importlib._bootstrap>", line 1176, in _find_and_load
  File "<frozen importlib._bootstrap>", line 1147, in _find_and_load_unlocked
  File "<frozen importlib._bootstrap>", line 690, in _load_unlocked
  File "<frozen importlib._bootstrap_external>", line 940, in exec_module
  File "<frozen importlib._bootstrap>", line 241, in _call_with_frames_removed
  File "/var/www/html/LivingArchiveOfAboriginalLanguages/env/lib/python3.11/site-packages/wagtail/contrib/redirects/middleware.py", line 7, in <module>
    from wagtail.contrib.redirects import models
  File "/var/www/html/LivingArchiveOfAboriginalLanguages/env/lib/python3.11/site-packages/wagtail/contrib/redirects/models.py", line 7, in <module>
    from wagtail.models import Page
  File "/var/www/html/LivingArchiveOfAboriginalLanguages/env/lib/python3.11/site-packages/wagtail/models/__init__.py", line 22, in <module>
    from django.contrib.auth.models import Group, Permission
  File "/var/www/html/LivingArchiveOfAboriginalLanguages/env/lib/python3.11/site-packages/django/contrib/auth/models.py", line 3, in <module>
    from django.contrib.auth.base_user import AbstractBaseUser, BaseUserManager
  File "/var/www/html/LivingArchiveOfAboriginalLanguages/env/lib/python3.11/site-packages/django/contrib/auth/base_user.py", line 50, in <module>
    class AbstractBaseUser(models.Model):
  File "/var/www/html/LivingArchiveOfAboriginalLanguages/env/lib/python3.11/site-packages/django/db/models/base.py", line 127, in __new__
    app_config = apps.get_containing_app_config(module)
                 ^^^^^^^^^^^^^^^^^^^^^^^^^^^^^^^^^^^^^^
  File "/var/www/html/LivingArchiveOfAboriginalLanguages/env/lib/python3.11/site-packages/django/apps/registry.py", line 260, in get_containing_app_config
    self.check_apps_ready()
  File "/var/www/html/LivingArchiveOfAboriginalLanguages/env/lib/python3.11/site-packages/django/apps/registry.py", line 138, in check_apps_ready
    raise AppRegistryNotReady("Apps aren't loaded yet.")
django.core.exceptions.AppRegistryNotReady: Apps aren't loaded yet.
unable to load app 0 (mountpoint='') (callable not found or import error)
Traceback (most recent call last):
  File "./livingarchive/wsgi.py", line 16, in <module>
    application = get_wsgi_application()
                  ^^^^^^^^^^^^^^^^^^^^^^
  File "/var/www/html/LivingArchiveOfAboriginalLanguages/env/lib/python3.11/site-packages/django/core/wsgi.py", line 12, in get_wsgi_application
    django.setup(set_prefix=False)
  File "/var/www/html/LivingArchiveOfAboriginalLanguages/env/lib/python3.11/site-packages/django/__init__.py", line 24, in setup
    apps.populate(settings.INSTALLED_APPS)
  File "/var/www/html/LivingArchiveOfAboriginalLanguages/env/lib/python3.11/site-packages/django/apps/registry.py", line 91, in populate
    app_config = AppConfig.create(entry)
                 ^^^^^^^^^^^^^^^^^^^^^^^
  File "/var/www/html/LivingArchiveOfAboriginalLanguages/env/lib/python3.11/site-packages/django/apps/config.py", line 193, in create
    import_module(entry)
  File "/usr/lib/python3.11/importlib/__init__.py", line 126, in import_module
    return _bootstrap._gcd_import(name[level:], package, level)
           ^^^^^^^^^^^^^^^^^^^^^^^^^^^^^^^^^^^^^^^^^^^^^^^^^^^^
  File "<frozen importlib._bootstrap>", line 1204, in _gcd_import
  File "<frozen importlib._bootstrap>", line 1176, in _find_and_load
  File "<frozen importlib._bootstrap>", line 1140, in _find_and_load_unlocked
ModuleNotFoundError: No module named 'wagtailmedia'
unable to load app 0 (mountpoint='') (callable not found or import error)
*** no app loaded. going in full dynamic mode ***
*** uWSGI is running in multiple interpreter mode ***
spawned uWSGI master process (pid: 2638189)
spawned uWSGI worker 1 (pid: 2638190, cores: 1)
SIGINT/SIGTERM received...killing workers...
worker 1 buried after 1 seconds
goodbye to uWSGI.
*** Starting uWSGI 2.0.23 (64bit) on [Tue Nov  7 21:12:19 2023] ***
compiled with version: 9.4.0 on 05 November 2023 01:15:10
os: Linux-5.4.0-136-generic #153-Ubuntu SMP Thu Nov 24 15:56:58 UTC 2022
nodename: studentlearn1
machine: x86_64
clock source: unix
pcre jit disabled
detected number of CPU cores: 4
current working directory: /var/www/html/LivingArchiveOfAboriginalLanguages
detected binary path: /var/www/html/LivingArchiveOfAboriginalLanguages/env/bin/uwsgi
setuid() to 8
chdir() to ./
your processes number limit is 31476
your memory page size is 4096 bytes
detected max file descriptor number: 1024
lock engine: pthread robust mutexes
thunder lock: disabled (you can enable it with --thunder-lock)
uwsgi socket 0 bound to TCP address 127.0.0.1:8006 fd 3
Python version: 3.11.5 (main, Aug 25 2023, 13:19:53) [GCC 9.4.0]
*** Python threads support is disabled. You can enable it with --enable-threads ***
Python main interpreter initialized at 0x7f0ceeb0a478
your server socket listen backlog is limited to 100 connections
your mercy for graceful operations on workers is 60 seconds
mapped 145840 bytes (142 KB) for 1 cores
*** Operational MODE: single process ***
Traceback (most recent call last):
  File "/var/www/html/LivingArchiveOfAboriginalLanguages/env/lib/python3.11/site-packages/django/core/handlers/wsgi.py", line 125, in __init__
    self.load_middleware()
  File "/var/www/html/LivingArchiveOfAboriginalLanguages/env/lib/python3.11/site-packages/django/core/handlers/base.py", line 40, in load_middleware
    middleware = import_string(middleware_path)
                 ^^^^^^^^^^^^^^^^^^^^^^^^^^^^^^
  File "/var/www/html/LivingArchiveOfAboriginalLanguages/env/lib/python3.11/site-packages/django/utils/module_loading.py", line 30, in import_string
    return cached_import(module_path, class_name)
           ^^^^^^^^^^^^^^^^^^^^^^^^^^^^^^^^^^^^^^
  File "/var/www/html/LivingArchiveOfAboriginalLanguages/env/lib/python3.11/site-packages/django/utils/module_loading.py", line 15, in cached_import
    module = import_module(module_path)
             ^^^^^^^^^^^^^^^^^^^^^^^^^^
  File "/usr/lib/python3.11/importlib/__init__.py", line 126, in import_module
    return _bootstrap._gcd_import(name[level:], package, level)
           ^^^^^^^^^^^^^^^^^^^^^^^^^^^^^^^^^^^^^^^^^^^^^^^^^^^^
  File "<frozen importlib._bootstrap>", line 1204, in _gcd_import
  File "<frozen importlib._bootstrap>", line 1176, in _find_and_load
  File "<frozen importlib._bootstrap>", line 1147, in _find_and_load_unlocked
  File "<frozen importlib._bootstrap>", line 690, in _load_unlocked
  File "<frozen importlib._bootstrap_external>", line 940, in exec_module
  File "<frozen importlib._bootstrap>", line 241, in _call_with_frames_removed
  File "/var/www/html/LivingArchiveOfAboriginalLanguages/env/lib/python3.11/site-packages/wagtail/contrib/redirects/middleware.py", line 7, in <module>
    from wagtail.contrib.redirects import models
  File "/var/www/html/LivingArchiveOfAboriginalLanguages/env/lib/python3.11/site-packages/wagtail/contrib/redirects/models.py", line 7, in <module>
    from wagtail.models import Page
  File "/var/www/html/LivingArchiveOfAboriginalLanguages/env/lib/python3.11/site-packages/wagtail/models/__init__.py", line 22, in <module>
    from django.contrib.auth.models import Group, Permission
  File "/var/www/html/LivingArchiveOfAboriginalLanguages/env/lib/python3.11/site-packages/django/contrib/auth/models.py", line 3, in <module>
    from django.contrib.auth.base_user import AbstractBaseUser, BaseUserManager
  File "/var/www/html/LivingArchiveOfAboriginalLanguages/env/lib/python3.11/site-packages/django/contrib/auth/base_user.py", line 50, in <module>
    class AbstractBaseUser(models.Model):
  File "/var/www/html/LivingArchiveOfAboriginalLanguages/env/lib/python3.11/site-packages/django/db/models/base.py", line 127, in __new__
    app_config = apps.get_containing_app_config(module)
                 ^^^^^^^^^^^^^^^^^^^^^^^^^^^^^^^^^^^^^^
  File "/var/www/html/LivingArchiveOfAboriginalLanguages/env/lib/python3.11/site-packages/django/apps/registry.py", line 260, in get_containing_app_config
    self.check_apps_ready()
  File "/var/www/html/LivingArchiveOfAboriginalLanguages/env/lib/python3.11/site-packages/django/apps/registry.py", line 138, in check_apps_ready
    raise AppRegistryNotReady("Apps aren't loaded yet.")
django.core.exceptions.AppRegistryNotReady: Apps aren't loaded yet.
unable to load app 0 (mountpoint='') (callable not found or import error)
Traceback (most recent call last):
  File "./livingarchive/wsgi.py", line 16, in <module>
    application = get_wsgi_application()
                  ^^^^^^^^^^^^^^^^^^^^^^
  File "/var/www/html/LivingArchiveOfAboriginalLanguages/env/lib/python3.11/site-packages/django/core/wsgi.py", line 12, in get_wsgi_application
    django.setup(set_prefix=False)
  File "/var/www/html/LivingArchiveOfAboriginalLanguages/env/lib/python3.11/site-packages/django/__init__.py", line 24, in setup
    apps.populate(settings.INSTALLED_APPS)
  File "/var/www/html/LivingArchiveOfAboriginalLanguages/env/lib/python3.11/site-packages/django/apps/registry.py", line 116, in populate
    app_config.import_models()
  File "/var/www/html/LivingArchiveOfAboriginalLanguages/env/lib/python3.11/site-packages/django/apps/config.py", line 269, in import_models
    self.models_module = import_module(models_module_name)
                         ^^^^^^^^^^^^^^^^^^^^^^^^^^^^^^^^^
  File "/usr/lib/python3.11/importlib/__init__.py", line 126, in import_module
    return _bootstrap._gcd_import(name[level:], package, level)
           ^^^^^^^^^^^^^^^^^^^^^^^^^^^^^^^^^^^^^^^^^^^^^^^^^^^^
  File "<frozen importlib._bootstrap>", line 1204, in _gcd_import
  File "<frozen importlib._bootstrap>", line 1176, in _find_and_load
  File "<frozen importlib._bootstrap>", line 1147, in _find_and_load_unlocked
  File "<frozen importlib._bootstrap>", line 690, in _load_unlocked
  File "<frozen importlib._bootstrap_external>", line 940, in exec_module
  File "<frozen importlib._bootstrap>", line 241, in _call_with_frames_removed
  File "/var/www/html/LivingArchiveOfAboriginalLanguages/home/models.py", line 5, in <module>
    from blog.models import BlogDetailPage
  File "/var/www/html/LivingArchiveOfAboriginalLanguages/blog/models.py", line 11, in <module>
    from wagtail.admin.panels import FieldPanel
  File "/var/www/html/LivingArchiveOfAboriginalLanguages/env/lib/python3.11/site-packages/wagtail/admin/panels/__init__.py", line 4, in <module>
    from wagtail.admin.forms.models import (  # NOQA: F401
  File "/var/www/html/LivingArchiveOfAboriginalLanguages/env/lib/python3.11/site-packages/wagtail/admin/forms/__init__.py", line 2, in <module>
    from .models import (  # NOQA: F401
  File "/var/www/html/LivingArchiveOfAboriginalLanguages/env/lib/python3.11/site-packages/wagtail/admin/forms/models.py", line 17, in <module>
    from wagtail.admin import widgets
  File "/var/www/html/LivingArchiveOfAboriginalLanguages/env/lib/python3.11/site-packages/wagtail/admin/widgets/__init__.py", line 4, in <module>
    from wagtail.admin.widgets.chooser import *  # NOQA: F403
    ^^^^^^^^^^^^^^^^^^^^^^^^^^^^^^^^^^^^^^^^^^^
  File "/var/www/html/LivingArchiveOfAboriginalLanguages/env/lib/python3.11/site-packages/wagtail/admin/widgets/chooser.py", line 15, in <module>
    from wagtail.models import Page
  File "/var/www/html/LivingArchiveOfAboriginalLanguages/env/lib/python3.11/site-packages/wagtail/models/__init__.py", line 97, in <module>
    from .audit_log import (  # noqa: F401
  File "<frozen importlib._bootstrap>", line 1176, in _find_and_load
  File "<frozen importlib._bootstrap>", line 1147, in _find_and_load_unlocked
  File "<frozen importlib._bootstrap>", line 690, in _load_unlocked
  File "<frozen importlib._bootstrap_external>", line 936, in exec_module
  File "<frozen importlib._bootstrap_external>", line 1057, in get_code
  File "<frozen importlib._bootstrap_external>", line 697, in _validate_timestamp_pyc
KeyboardInterrupt
unable to load app 0 (mountpoint='') (callable not found or import error)
*** no app loaded. going in full dynamic mode ***
*** uWSGI is running in multiple interpreter mode ***
spawned uWSGI master process (pid: 2638212)
spawned uWSGI worker 1 (pid: 2638213, cores: 1)
SIGINT/SIGTERM received...killing workers...
worker 1 buried after 1 seconds
goodbye to uWSGI.
*** Starting uWSGI 2.0.23 (64bit) on [Tue Nov  7 21:12:48 2023] ***
compiled with version: 9.4.0 on 05 November 2023 01:15:10
os: Linux-5.4.0-136-generic #153-Ubuntu SMP Thu Nov 24 15:56:58 UTC 2022
nodename: studentlearn1
machine: x86_64
clock source: unix
pcre jit disabled
detected number of CPU cores: 4
current working directory: /var/www/html/LivingArchiveOfAboriginalLanguages
detected binary path: /var/www/html/LivingArchiveOfAboriginalLanguages/env/bin/uwsgi
setuid() to 8
chdir() to ./
your processes number limit is 31476
your memory page size is 4096 bytes
detected max file descriptor number: 1024
lock engine: pthread robust mutexes
thunder lock: disabled (you can enable it with --thunder-lock)
uwsgi socket 0 bound to TCP address 127.0.0.1:8006 fd 3
Python version: 3.11.5 (main, Aug 25 2023, 13:19:53) [GCC 9.4.0]
*** Python threads support is disabled. You can enable it with --enable-threads ***
Python main interpreter initialized at 0x7f7b7d632478
your server socket listen backlog is limited to 100 connections
your mercy for graceful operations on workers is 60 seconds
mapped 145840 bytes (142 KB) for 1 cores
*** Operational MODE: single process ***
Traceback (most recent call last):
  File "/var/www/html/LivingArchiveOfAboriginalLanguages/env/lib/python3.11/site-packages/django/core/handlers/wsgi.py", line 125, in __init__
    self.load_middleware()
  File "/var/www/html/LivingArchiveOfAboriginalLanguages/env/lib/python3.11/site-packages/django/core/handlers/base.py", line 40, in load_middleware
    middleware = import_string(middleware_path)
                 ^^^^^^^^^^^^^^^^^^^^^^^^^^^^^^
  File "/var/www/html/LivingArchiveOfAboriginalLanguages/env/lib/python3.11/site-packages/django/utils/module_loading.py", line 30, in import_string
    return cached_import(module_path, class_name)
           ^^^^^^^^^^^^^^^^^^^^^^^^^^^^^^^^^^^^^^
  File "/var/www/html/LivingArchiveOfAboriginalLanguages/env/lib/python3.11/site-packages/django/utils/module_loading.py", line 15, in cached_import
    module = import_module(module_path)
             ^^^^^^^^^^^^^^^^^^^^^^^^^^
  File "/usr/lib/python3.11/importlib/__init__.py", line 126, in import_module
    return _bootstrap._gcd_import(name[level:], package, level)
           ^^^^^^^^^^^^^^^^^^^^^^^^^^^^^^^^^^^^^^^^^^^^^^^^^^^^
  File "<frozen importlib._bootstrap>", line 1204, in _gcd_import
  File "<frozen importlib._bootstrap>", line 1176, in _find_and_load
  File "<frozen importlib._bootstrap>", line 1147, in _find_and_load_unlocked
  File "<frozen importlib._bootstrap>", line 690, in _load_unlocked
  File "<frozen importlib._bootstrap_external>", line 940, in exec_module
  File "<frozen importlib._bootstrap>", line 241, in _call_with_frames_removed
  File "/var/www/html/LivingArchiveOfAboriginalLanguages/env/lib/python3.11/site-packages/wagtail/contrib/redirects/middleware.py", line 7, in <module>
    from wagtail.contrib.redirects import models
  File "/var/www/html/LivingArchiveOfAboriginalLanguages/env/lib/python3.11/site-packages/wagtail/contrib/redirects/models.py", line 7, in <module>
    from wagtail.models import Page
  File "/var/www/html/LivingArchiveOfAboriginalLanguages/env/lib/python3.11/site-packages/wagtail/models/__init__.py", line 22, in <module>
    from django.contrib.auth.models import Group, Permission
  File "/var/www/html/LivingArchiveOfAboriginalLanguages/env/lib/python3.11/site-packages/django/contrib/auth/models.py", line 3, in <module>
    from django.contrib.auth.base_user import AbstractBaseUser, BaseUserManager
  File "/var/www/html/LivingArchiveOfAboriginalLanguages/env/lib/python3.11/site-packages/django/contrib/auth/base_user.py", line 50, in <module>
    class AbstractBaseUser(models.Model):
  File "/var/www/html/LivingArchiveOfAboriginalLanguages/env/lib/python3.11/site-packages/django/db/models/base.py", line 127, in __new__
    app_config = apps.get_containing_app_config(module)
                 ^^^^^^^^^^^^^^^^^^^^^^^^^^^^^^^^^^^^^^
  File "/var/www/html/LivingArchiveOfAboriginalLanguages/env/lib/python3.11/site-packages/django/apps/registry.py", line 260, in get_containing_app_config
    self.check_apps_ready()
  File "/var/www/html/LivingArchiveOfAboriginalLanguages/env/lib/python3.11/site-packages/django/apps/registry.py", line 138, in check_apps_ready
    raise AppRegistryNotReady("Apps aren't loaded yet.")
django.core.exceptions.AppRegistryNotReady: Apps aren't loaded yet.
unable to load app 0 (mountpoint='') (callable not found or import error)
Traceback (most recent call last):
  File "./livingarchive/wsgi.py", line 16, in <module>
    application = get_wsgi_application()
                  ^^^^^^^^^^^^^^^^^^^^^^
  File "/var/www/html/LivingArchiveOfAboriginalLanguages/env/lib/python3.11/site-packages/django/core/wsgi.py", line 12, in get_wsgi_application
    django.setup(set_prefix=False)
  File "/var/www/html/LivingArchiveOfAboriginalLanguages/env/lib/python3.11/site-packages/django/__init__.py", line 24, in setup
    apps.populate(settings.INSTALLED_APPS)
  File "/var/www/html/LivingArchiveOfAboriginalLanguages/env/lib/python3.11/site-packages/django/apps/registry.py", line 116, in populate
    app_config.import_models()
  File "/var/www/html/LivingArchiveOfAboriginalLanguages/env/lib/python3.11/site-packages/django/apps/config.py", line 269, in import_models
    self.models_module = import_module(models_module_name)
                         ^^^^^^^^^^^^^^^^^^^^^^^^^^^^^^^^^
  File "/usr/lib/python3.11/importlib/__init__.py", line 126, in import_module
    return _bootstrap._gcd_import(name[level:], package, level)
           ^^^^^^^^^^^^^^^^^^^^^^^^^^^^^^^^^^^^^^^^^^^^^^^^^^^^
  File "<frozen importlib._bootstrap>", line 1204, in _gcd_import
  File "<frozen importlib._bootstrap>", line 1176, in _find_and_load
  File "<frozen importlib._bootstrap>", line 1147, in _find_and_load_unlocked
  File "<frozen importlib._bootstrap>", line 690, in _load_unlocked
  File "<frozen importlib._bootstrap_external>", line 940, in exec_module
  File "<frozen importlib._bootstrap>", line 241, in _call_with_frames_removed
  File "/var/www/html/LivingArchiveOfAboriginalLanguages/home/models.py", line 5, in <module>
    from blog.models import BlogDetailPage
  File "/var/www/html/LivingArchiveOfAboriginalLanguages/blog/models.py", line 21, in <module>
    from wagtail_pdf_view.mixins import PdfViewPageMixin
  File "/var/www/html/LivingArchiveOfAboriginalLanguages/env/lib/python3.11/site-packages/wagtail_pdf_view/mixins.py", line 19, in <module>
    from wagtail.core.models import Page
ModuleNotFoundError: No module named 'wagtail.core'
unable to load app 0 (mountpoint='') (callable not found or import error)
*** no app loaded. going in full dynamic mode ***
*** uWSGI is running in multiple interpreter mode ***
spawned uWSGI master process (pid: 2638215)
spawned uWSGI worker 1 (pid: 2638216, cores: 1)
--- no python application found, check your startup logs for errors ---
[pid: 2638216|app: -1|req: -1/1] 150.203.2.65 () {58 vars in 1073 bytes} [Tue Nov  7 21:13:11 2023] GET / => generated 21 bytes in 0 msecs (HTTP/1.1 500) 2 headers in 83 bytes (0 switches on core 0)
--- no python application found, check your startup logs for errors ---
[pid: 2638216|app: -1|req: -1/2] 150.203.2.65 () {56 vars in 1010 bytes} [Tue Nov  7 21:13:11 2023] GET /favicon.ico => generated 21 bytes in 0 msecs (HTTP/1.1 500) 2 headers in 83 bytes (0 switches on core 0)
--- no python application found, check your startup logs for errors ---
[pid: 2638216|app: -1|req: -1/3] 65.154.226.168 () {36 vars in 518 bytes} [Tue Nov  7 21:13:20 2023] GET / => generated 21 bytes in 0 msecs (HTTP/1.1 500) 2 headers in 83 bytes (0 switches on core 0)
SIGINT/SIGTERM received...killing workers...
worker 1 buried after 1 seconds
goodbye to uWSGI.
*** Starting uWSGI 2.0.23 (64bit) on [Tue Nov  7 21:14:07 2023] ***
compiled with version: 9.4.0 on 05 November 2023 01:15:10
os: Linux-5.4.0-136-generic #153-Ubuntu SMP Thu Nov 24 15:56:58 UTC 2022
nodename: studentlearn1
machine: x86_64
clock source: unix
pcre jit disabled
detected number of CPU cores: 4
current working directory: /var/www/html/LivingArchiveOfAboriginalLanguages
detected binary path: /var/www/html/LivingArchiveOfAboriginalLanguages/env/bin/uwsgi
setuid() to 8
chdir() to ./
your processes number limit is 31476
your memory page size is 4096 bytes
detected max file descriptor number: 1024
lock engine: pthread robust mutexes
thunder lock: disabled (you can enable it with --thunder-lock)
uwsgi socket 0 bound to TCP address 127.0.0.1:8006 fd 3
Python version: 3.11.5 (main, Aug 25 2023, 13:19:53) [GCC 9.4.0]
*** Python threads support is disabled. You can enable it with --enable-threads ***
Python main interpreter initialized at 0x7f82c76ce478
your server socket listen backlog is limited to 100 connections
your mercy for graceful operations on workers is 60 seconds
mapped 145840 bytes (142 KB) for 1 cores
*** Operational MODE: single process ***
Traceback (most recent call last):
  File "/var/www/html/LivingArchiveOfAboriginalLanguages/env/lib/python3.11/site-packages/django/core/handlers/wsgi.py", line 125, in __init__
    self.load_middleware()
  File "/var/www/html/LivingArchiveOfAboriginalLanguages/env/lib/python3.11/site-packages/django/core/handlers/base.py", line 40, in load_middleware
    middleware = import_string(middleware_path)
                 ^^^^^^^^^^^^^^^^^^^^^^^^^^^^^^
  File "/var/www/html/LivingArchiveOfAboriginalLanguages/env/lib/python3.11/site-packages/django/utils/module_loading.py", line 30, in import_string
    return cached_import(module_path, class_name)
           ^^^^^^^^^^^^^^^^^^^^^^^^^^^^^^^^^^^^^^
  File "/var/www/html/LivingArchiveOfAboriginalLanguages/env/lib/python3.11/site-packages/django/utils/module_loading.py", line 15, in cached_import
    module = import_module(module_path)
             ^^^^^^^^^^^^^^^^^^^^^^^^^^
  File "/usr/lib/python3.11/importlib/__init__.py", line 126, in import_module
    return _bootstrap._gcd_import(name[level:], package, level)
           ^^^^^^^^^^^^^^^^^^^^^^^^^^^^^^^^^^^^^^^^^^^^^^^^^^^^
  File "<frozen importlib._bootstrap>", line 1204, in _gcd_import
  File "<frozen importlib._bootstrap>", line 1176, in _find_and_load
  File "<frozen importlib._bootstrap>", line 1147, in _find_and_load_unlocked
  File "<frozen importlib._bootstrap>", line 690, in _load_unlocked
  File "<frozen importlib._bootstrap_external>", line 940, in exec_module
  File "<frozen importlib._bootstrap>", line 241, in _call_with_frames_removed
  File "/var/www/html/LivingArchiveOfAboriginalLanguages/env/lib/python3.11/site-packages/wagtail/contrib/redirects/middleware.py", line 7, in <module>
    from wagtail.contrib.redirects import models
  File "/var/www/html/LivingArchiveOfAboriginalLanguages/env/lib/python3.11/site-packages/wagtail/contrib/redirects/models.py", line 7, in <module>
    from wagtail.models import Page
  File "/var/www/html/LivingArchiveOfAboriginalLanguages/env/lib/python3.11/site-packages/wagtail/models/__init__.py", line 22, in <module>
    from django.contrib.auth.models import Group, Permission
  File "/var/www/html/LivingArchiveOfAboriginalLanguages/env/lib/python3.11/site-packages/django/contrib/auth/models.py", line 3, in <module>
    from django.contrib.auth.base_user import AbstractBaseUser, BaseUserManager
  File "/var/www/html/LivingArchiveOfAboriginalLanguages/env/lib/python3.11/site-packages/django/contrib/auth/base_user.py", line 50, in <module>
    class AbstractBaseUser(models.Model):
  File "/var/www/html/LivingArchiveOfAboriginalLanguages/env/lib/python3.11/site-packages/django/db/models/base.py", line 127, in __new__
    app_config = apps.get_containing_app_config(module)
                 ^^^^^^^^^^^^^^^^^^^^^^^^^^^^^^^^^^^^^^
  File "/var/www/html/LivingArchiveOfAboriginalLanguages/env/lib/python3.11/site-packages/django/apps/registry.py", line 260, in get_containing_app_config
    self.check_apps_ready()
  File "/var/www/html/LivingArchiveOfAboriginalLanguages/env/lib/python3.11/site-packages/django/apps/registry.py", line 138, in check_apps_ready
    raise AppRegistryNotReady("Apps aren't loaded yet.")
django.core.exceptions.AppRegistryNotReady: Apps aren't loaded yet.
unable to load app 0 (mountpoint='') (callable not found or import error)
Traceback (most recent call last):
  File "./livingarchive/wsgi.py", line 16, in <module>
    application = get_wsgi_application()
                  ^^^^^^^^^^^^^^^^^^^^^^
  File "/var/www/html/LivingArchiveOfAboriginalLanguages/env/lib/python3.11/site-packages/django/core/wsgi.py", line 12, in get_wsgi_application
    django.setup(set_prefix=False)
  File "/var/www/html/LivingArchiveOfAboriginalLanguages/env/lib/python3.11/site-packages/django/__init__.py", line 24, in setup
    apps.populate(settings.INSTALLED_APPS)
  File "/var/www/html/LivingArchiveOfAboriginalLanguages/env/lib/python3.11/site-packages/django/apps/registry.py", line 116, in populate
    app_config.import_models()
  File "/var/www/html/LivingArchiveOfAboriginalLanguages/env/lib/python3.11/site-packages/django/apps/config.py", line 269, in import_models
    self.models_module = import_module(models_module_name)
                         ^^^^^^^^^^^^^^^^^^^^^^^^^^^^^^^^^
  File "/usr/lib/python3.11/importlib/__init__.py", line 126, in import_module
    return _bootstrap._gcd_import(name[level:], package, level)
           ^^^^^^^^^^^^^^^^^^^^^^^^^^^^^^^^^^^^^^^^^^^^^^^^^^^^
  File "<frozen importlib._bootstrap>", line 1204, in _gcd_import
  File "<frozen importlib._bootstrap>", line 1176, in _find_and_load
  File "<frozen importlib._bootstrap>", line 1147, in _find_and_load_unlocked
  File "<frozen importlib._bootstrap>", line 690, in _load_unlocked
  File "<frozen importlib._bootstrap_external>", line 940, in exec_module
  File "<frozen importlib._bootstrap>", line 241, in _call_with_frames_removed
  File "/var/www/html/LivingArchiveOfAboriginalLanguages/home/models.py", line 5, in <module>
    from blog.models import BlogDetailPage
  File "/var/www/html/LivingArchiveOfAboriginalLanguages/blog/models.py", line 21, in <module>
    from wagtail_pdf_view.mixins import PdfViewPageMixin
  File "/var/www/html/LivingArchiveOfAboriginalLanguages/env/lib/python3.11/site-packages/wagtail_pdf_view/mixins.py", line 21, in <module>
    from .views import AdminViewMixin
  File "/var/www/html/LivingArchiveOfAboriginalLanguages/env/lib/python3.11/site-packages/wagtail_pdf_view/views.py", line 16, in <module>
    from wagtail.core.permission_policies import ModelPermissionPolicy
ModuleNotFoundError: No module named 'wagtail.core'
unable to load app 0 (mountpoint='') (callable not found or import error)
*** no app loaded. going in full dynamic mode ***
*** uWSGI is running in multiple interpreter mode ***
spawned uWSGI master process (pid: 2638302)
spawned uWSGI worker 1 (pid: 2638303, cores: 1)
SIGINT/SIGTERM received...killing workers...
worker 1 buried after 1 seconds
goodbye to uWSGI.
*** Starting uWSGI 2.0.23 (64bit) on [Tue Nov  7 21:14:44 2023] ***
compiled with version: 9.4.0 on 05 November 2023 01:15:10
os: Linux-5.4.0-136-generic #153-Ubuntu SMP Thu Nov 24 15:56:58 UTC 2022
nodename: studentlearn1
machine: x86_64
clock source: unix
pcre jit disabled
detected number of CPU cores: 4
current working directory: /var/www/html/LivingArchiveOfAboriginalLanguages
detected binary path: /var/www/html/LivingArchiveOfAboriginalLanguages/env/bin/uwsgi
setuid() to 8
chdir() to ./
your processes number limit is 31476
your memory page size is 4096 bytes
detected max file descriptor number: 1024
lock engine: pthread robust mutexes
thunder lock: disabled (you can enable it with --thunder-lock)
uwsgi socket 0 bound to TCP address 127.0.0.1:8006 fd 3
Python version: 3.11.5 (main, Aug 25 2023, 13:19:53) [GCC 9.4.0]
*** Python threads support is disabled. You can enable it with --enable-threads ***
Python main interpreter initialized at 0x7fe00f59c478
your server socket listen backlog is limited to 100 connections
your mercy for graceful operations on workers is 60 seconds
mapped 145840 bytes (142 KB) for 1 cores
*** Operational MODE: single process ***
Traceback (most recent call last):
  File "/var/www/html/LivingArchiveOfAboriginalLanguages/env/lib/python3.11/site-packages/django/core/handlers/wsgi.py", line 125, in __init__
    self.load_middleware()
  File "/var/www/html/LivingArchiveOfAboriginalLanguages/env/lib/python3.11/site-packages/django/core/handlers/base.py", line 40, in load_middleware
    middleware = import_string(middleware_path)
                 ^^^^^^^^^^^^^^^^^^^^^^^^^^^^^^
  File "/var/www/html/LivingArchiveOfAboriginalLanguages/env/lib/python3.11/site-packages/django/utils/module_loading.py", line 30, in import_string
    return cached_import(module_path, class_name)
           ^^^^^^^^^^^^^^^^^^^^^^^^^^^^^^^^^^^^^^
  File "/var/www/html/LivingArchiveOfAboriginalLanguages/env/lib/python3.11/site-packages/django/utils/module_loading.py", line 15, in cached_import
    module = import_module(module_path)
             ^^^^^^^^^^^^^^^^^^^^^^^^^^
  File "/usr/lib/python3.11/importlib/__init__.py", line 126, in import_module
    return _bootstrap._gcd_import(name[level:], package, level)
           ^^^^^^^^^^^^^^^^^^^^^^^^^^^^^^^^^^^^^^^^^^^^^^^^^^^^
  File "<frozen importlib._bootstrap>", line 1204, in _gcd_import
  File "<frozen importlib._bootstrap>", line 1176, in _find_and_load
  File "<frozen importlib._bootstrap>", line 1147, in _find_and_load_unlocked
  File "<frozen importlib._bootstrap>", line 690, in _load_unlocked
  File "<frozen importlib._bootstrap_external>", line 940, in exec_module
  File "<frozen importlib._bootstrap>", line 241, in _call_with_frames_removed
  File "/var/www/html/LivingArchiveOfAboriginalLanguages/env/lib/python3.11/site-packages/wagtail/contrib/redirects/middleware.py", line 7, in <module>
    from wagtail.contrib.redirects import models
  File "/var/www/html/LivingArchiveOfAboriginalLanguages/env/lib/python3.11/site-packages/wagtail/contrib/redirects/models.py", line 7, in <module>
    from wagtail.models import Page
  File "/var/www/html/LivingArchiveOfAboriginalLanguages/env/lib/python3.11/site-packages/wagtail/models/__init__.py", line 22, in <module>
    from django.contrib.auth.models import Group, Permission
  File "/var/www/html/LivingArchiveOfAboriginalLanguages/env/lib/python3.11/site-packages/django/contrib/auth/models.py", line 3, in <module>
    from django.contrib.auth.base_user import AbstractBaseUser, BaseUserManager
  File "/var/www/html/LivingArchiveOfAboriginalLanguages/env/lib/python3.11/site-packages/django/contrib/auth/base_user.py", line 50, in <module>
    class AbstractBaseUser(models.Model):
  File "/var/www/html/LivingArchiveOfAboriginalLanguages/env/lib/python3.11/site-packages/django/db/models/base.py", line 127, in __new__
    app_config = apps.get_containing_app_config(module)
                 ^^^^^^^^^^^^^^^^^^^^^^^^^^^^^^^^^^^^^^
  File "/var/www/html/LivingArchiveOfAboriginalLanguages/env/lib/python3.11/site-packages/django/apps/registry.py", line 260, in get_containing_app_config
    self.check_apps_ready()
  File "/var/www/html/LivingArchiveOfAboriginalLanguages/env/lib/python3.11/site-packages/django/apps/registry.py", line 138, in check_apps_ready
    raise AppRegistryNotReady("Apps aren't loaded yet.")
django.core.exceptions.AppRegistryNotReady: Apps aren't loaded yet.
unable to load app 0 (mountpoint='') (callable not found or import error)
Warning: DEFAULT_PDF_VIEW_PROVIDER unspecified.Make sure you have either django-weasyprint or django-tex installed, or provide a default.
Traceback (most recent call last):
  File "./livingarchive/wsgi.py", line 16, in <module>
    application = get_wsgi_application()
                  ^^^^^^^^^^^^^^^^^^^^^^
  File "/var/www/html/LivingArchiveOfAboriginalLanguages/env/lib/python3.11/site-packages/django/core/wsgi.py", line 12, in get_wsgi_application
    django.setup(set_prefix=False)
  File "/var/www/html/LivingArchiveOfAboriginalLanguages/env/lib/python3.11/site-packages/django/__init__.py", line 24, in setup
    apps.populate(settings.INSTALLED_APPS)
  File "/var/www/html/LivingArchiveOfAboriginalLanguages/env/lib/python3.11/site-packages/django/apps/registry.py", line 116, in populate
    app_config.import_models()
  File "/var/www/html/LivingArchiveOfAboriginalLanguages/env/lib/python3.11/site-packages/django/apps/config.py", line 269, in import_models
    self.models_module = import_module(models_module_name)
                         ^^^^^^^^^^^^^^^^^^^^^^^^^^^^^^^^^
  File "/usr/lib/python3.11/importlib/__init__.py", line 126, in import_module
    return _bootstrap._gcd_import(name[level:], package, level)
           ^^^^^^^^^^^^^^^^^^^^^^^^^^^^^^^^^^^^^^^^^^^^^^^^^^^^
  File "<frozen importlib._bootstrap>", line 1204, in _gcd_import
  File "<frozen importlib._bootstrap>", line 1176, in _find_and_load
  File "<frozen importlib._bootstrap>", line 1147, in _find_and_load_unlocked
  File "<frozen importlib._bootstrap>", line 690, in _load_unlocked
  File "<frozen importlib._bootstrap_external>", line 940, in exec_module
  File "<frozen importlib._bootstrap>", line 241, in _call_with_frames_removed
  File "/var/www/html/LivingArchiveOfAboriginalLanguages/home/models.py", line 5, in <module>
    from blog.models import BlogDetailPage
  File "/var/www/html/LivingArchiveOfAboriginalLanguages/blog/models.py", line 60, in <module>
    class BlogDetailPage(Page, PdfViewPageMixin):
  File "/var/www/html/LivingArchiveOfAboriginalLanguages/env/lib/python3.11/site-packages/django/db/models/base.py", line 192, in __new__
    new_class.add_to_class(obj_name, obj)
  File "/var/www/html/LivingArchiveOfAboriginalLanguages/env/lib/python3.11/site-packages/django/db/models/base.py", line 369, in add_to_class
    value.contribute_to_class(cls, name)
  File "/var/www/html/LivingArchiveOfAboriginalLanguages/env/lib/python3.11/site-packages/wagtail/fields.py", line 260, in contribute_to_class
    self._check_json_field()
  File "/var/www/html/LivingArchiveOfAboriginalLanguages/env/lib/python3.11/site-packages/wagtail/fields.py", line 121, in _check_json_field
    raise ImproperlyConfigured(
django.core.exceptions.ImproperlyConfigured: StreamField must explicitly set use_json_field=True
unable to load app 0 (mountpoint='') (callable not found or import error)
*** no app loaded. going in full dynamic mode ***
*** uWSGI is running in multiple interpreter mode ***
spawned uWSGI master process (pid: 2638306)
spawned uWSGI worker 1 (pid: 2638307, cores: 1)
SIGINT/SIGTERM received...killing workers...
worker 1 buried after 1 seconds
goodbye to uWSGI.
*** Starting uWSGI 2.0.23 (64bit) on [Tue Nov  7 21:15:05 2023] ***
compiled with version: 9.4.0 on 05 November 2023 01:15:10
os: Linux-5.4.0-136-generic #153-Ubuntu SMP Thu Nov 24 15:56:58 UTC 2022
nodename: studentlearn1
machine: x86_64
clock source: unix
pcre jit disabled
detected number of CPU cores: 4
current working directory: /var/www/html/LivingArchiveOfAboriginalLanguages
detected binary path: /var/www/html/LivingArchiveOfAboriginalLanguages/env/bin/uwsgi
setuid() to 8
chdir() to ./
your processes number limit is 31476
your memory page size is 4096 bytes
detected max file descriptor number: 1024
lock engine: pthread robust mutexes
thunder lock: disabled (you can enable it with --thunder-lock)
uwsgi socket 0 bound to TCP address 127.0.0.1:8006 fd 3
Python version: 3.11.5 (main, Aug 25 2023, 13:19:53) [GCC 9.4.0]
*** Python threads support is disabled. You can enable it with --enable-threads ***
Python main interpreter initialized at 0x7f7b42114478
your server socket listen backlog is limited to 100 connections
your mercy for graceful operations on workers is 60 seconds
mapped 145840 bytes (142 KB) for 1 cores
*** Operational MODE: single process ***
Traceback (most recent call last):
  File "/var/www/html/LivingArchiveOfAboriginalLanguages/env/lib/python3.11/site-packages/django/core/handlers/wsgi.py", line 125, in __init__
    self.load_middleware()
  File "/var/www/html/LivingArchiveOfAboriginalLanguages/env/lib/python3.11/site-packages/django/core/handlers/base.py", line 40, in load_middleware
    middleware = import_string(middleware_path)
                 ^^^^^^^^^^^^^^^^^^^^^^^^^^^^^^
  File "/var/www/html/LivingArchiveOfAboriginalLanguages/env/lib/python3.11/site-packages/django/utils/module_loading.py", line 30, in import_string
    return cached_import(module_path, class_name)
           ^^^^^^^^^^^^^^^^^^^^^^^^^^^^^^^^^^^^^^
  File "/var/www/html/LivingArchiveOfAboriginalLanguages/env/lib/python3.11/site-packages/django/utils/module_loading.py", line 15, in cached_import
    module = import_module(module_path)
             ^^^^^^^^^^^^^^^^^^^^^^^^^^
  File "/usr/lib/python3.11/importlib/__init__.py", line 126, in import_module
    return _bootstrap._gcd_import(name[level:], package, level)
           ^^^^^^^^^^^^^^^^^^^^^^^^^^^^^^^^^^^^^^^^^^^^^^^^^^^^
  File "<frozen importlib._bootstrap>", line 1204, in _gcd_import
  File "<frozen importlib._bootstrap>", line 1176, in _find_and_load
  File "<frozen importlib._bootstrap>", line 1147, in _find_and_load_unlocked
  File "<frozen importlib._bootstrap>", line 690, in _load_unlocked
  File "<frozen importlib._bootstrap_external>", line 940, in exec_module
  File "<frozen importlib._bootstrap>", line 241, in _call_with_frames_removed
  File "/var/www/html/LivingArchiveOfAboriginalLanguages/env/lib/python3.11/site-packages/wagtail/contrib/redirects/middleware.py", line 7, in <module>
    from wagtail.contrib.redirects import models
  File "/var/www/html/LivingArchiveOfAboriginalLanguages/env/lib/python3.11/site-packages/wagtail/contrib/redirects/models.py", line 7, in <module>
    from wagtail.models import Page
  File "/var/www/html/LivingArchiveOfAboriginalLanguages/env/lib/python3.11/site-packages/wagtail/models/__init__.py", line 22, in <module>
    from django.contrib.auth.models import Group, Permission
  File "/var/www/html/LivingArchiveOfAboriginalLanguages/env/lib/python3.11/site-packages/django/contrib/auth/models.py", line 3, in <module>
    from django.contrib.auth.base_user import AbstractBaseUser, BaseUserManager
  File "/var/www/html/LivingArchiveOfAboriginalLanguages/env/lib/python3.11/site-packages/django/contrib/auth/base_user.py", line 50, in <module>
    class AbstractBaseUser(models.Model):
  File "/var/www/html/LivingArchiveOfAboriginalLanguages/env/lib/python3.11/site-packages/django/db/models/base.py", line 127, in __new__
    app_config = apps.get_containing_app_config(module)
                 ^^^^^^^^^^^^^^^^^^^^^^^^^^^^^^^^^^^^^^
  File "/var/www/html/LivingArchiveOfAboriginalLanguages/env/lib/python3.11/site-packages/django/apps/registry.py", line 260, in get_containing_app_config
    self.check_apps_ready()
  File "/var/www/html/LivingArchiveOfAboriginalLanguages/env/lib/python3.11/site-packages/django/apps/registry.py", line 138, in check_apps_ready
    raise AppRegistryNotReady("Apps aren't loaded yet.")
django.core.exceptions.AppRegistryNotReady: Apps aren't loaded yet.
unable to load app 0 (mountpoint='') (callable not found or import error)
Warning: DEFAULT_PDF_VIEW_PROVIDER unspecified.Make sure you have either django-weasyprint or django-tex installed, or provide a default.
Traceback (most recent call last):
  File "./livingarchive/wsgi.py", line 16, in <module>
    application = get_wsgi_application()
                  ^^^^^^^^^^^^^^^^^^^^^^
  File "/var/www/html/LivingArchiveOfAboriginalLanguages/env/lib/python3.11/site-packages/django/core/wsgi.py", line 12, in get_wsgi_application
    django.setup(set_prefix=False)
  File "/var/www/html/LivingArchiveOfAboriginalLanguages/env/lib/python3.11/site-packages/django/__init__.py", line 24, in setup
    apps.populate(settings.INSTALLED_APPS)
  File "/var/www/html/LivingArchiveOfAboriginalLanguages/env/lib/python3.11/site-packages/django/apps/registry.py", line 116, in populate
    app_config.import_models()
  File "/var/www/html/LivingArchiveOfAboriginalLanguages/env/lib/python3.11/site-packages/django/apps/config.py", line 269, in import_models
    self.models_module = import_module(models_module_name)
                         ^^^^^^^^^^^^^^^^^^^^^^^^^^^^^^^^^
  File "/usr/lib/python3.11/importlib/__init__.py", line 126, in import_module
    return _bootstrap._gcd_import(name[level:], package, level)
           ^^^^^^^^^^^^^^^^^^^^^^^^^^^^^^^^^^^^^^^^^^^^^^^^^^^^
  File "<frozen importlib._bootstrap>", line 1204, in _gcd_import
  File "<frozen importlib._bootstrap>", line 1176, in _find_and_load
  File "<frozen importlib._bootstrap>", line 1147, in _find_and_load_unlocked
  File "<frozen importlib._bootstrap>", line 690, in _load_unlocked
  File "<frozen importlib._bootstrap_external>", line 940, in exec_module
  File "<frozen importlib._bootstrap>", line 241, in _call_with_frames_removed
  File "/var/www/html/LivingArchiveOfAboriginalLanguages/home/models.py", line 5, in <module>
    from blog.models import BlogDetailPage
  File "/var/www/html/LivingArchiveOfAboriginalLanguages/blog/models.py", line 60, in <module>
    class BlogDetailPage(Page, PdfViewPageMixin):
  File "/var/www/html/LivingArchiveOfAboriginalLanguages/env/lib/python3.11/site-packages/django/db/models/base.py", line 192, in __new__
    new_class.add_to_class(obj_name, obj)
  File "/var/www/html/LivingArchiveOfAboriginalLanguages/env/lib/python3.11/site-packages/django/db/models/base.py", line 369, in add_to_class
    value.contribute_to_class(cls, name)
  File "/var/www/html/LivingArchiveOfAboriginalLanguages/env/lib/python3.11/site-packages/wagtail/fields.py", line 260, in contribute_to_class
    self._check_json_field()
  File "/var/www/html/LivingArchiveOfAboriginalLanguages/env/lib/python3.11/site-packages/wagtail/fields.py", line 121, in _check_json_field
    raise ImproperlyConfigured(
django.core.exceptions.ImproperlyConfigured: StreamField must explicitly set use_json_field=True
unable to load app 0 (mountpoint='') (callable not found or import error)
*** no app loaded. going in full dynamic mode ***
*** uWSGI is running in multiple interpreter mode ***
spawned uWSGI master process (pid: 2638314)
spawned uWSGI worker 1 (pid: 2638315, cores: 1)
--- no python application found, check your startup logs for errors ---
[pid: 2638315|app: -1|req: -1/1] 150.203.2.65 () {60 vars in 1104 bytes} [Tue Nov  7 21:15:10 2023] GET / => generated 21 bytes in 0 msecs (HTTP/1.1 500) 2 headers in 83 bytes (0 switches on core 0)
--- no python application found, check your startup logs for errors ---
[pid: 2638315|app: -1|req: -1/2] 150.203.2.65 () {56 vars in 1010 bytes} [Tue Nov  7 21:15:10 2023] GET /favicon.ico => generated 21 bytes in 0 msecs (HTTP/1.1 500) 2 headers in 83 bytes (0 switches on core 0)
--- no python application found, check your startup logs for errors ---
[pid: 2638315|app: -1|req: -1/3] 150.203.2.65 () {60 vars in 1104 bytes} [Tue Nov  7 21:15:14 2023] GET / => generated 21 bytes in 0 msecs (HTTP/1.1 500) 2 headers in 83 bytes (0 switches on core 0)
--- no python application found, check your startup logs for errors ---
[pid: 2638315|app: -1|req: -1/4] 150.203.2.65 () {56 vars in 1010 bytes} [Tue Nov  7 21:15:14 2023] GET /favicon.ico => generated 21 bytes in 0 msecs (HTTP/1.1 500) 2 headers in 83 bytes (0 switches on core 0)
SIGINT/SIGTERM received...killing workers...
worker 1 buried after 1 seconds
goodbye to uWSGI.
*** Starting uWSGI 2.0.23 (64bit) on [Tue Nov  7 21:17:48 2023] ***
compiled with version: 9.4.0 on 05 November 2023 01:15:10
os: Linux-5.4.0-136-generic #153-Ubuntu SMP Thu Nov 24 15:56:58 UTC 2022
nodename: studentlearn1
machine: x86_64
clock source: unix
pcre jit disabled
detected number of CPU cores: 4
current working directory: /var/www/html/LivingArchiveOfAboriginalLanguages
detected binary path: /var/www/html/LivingArchiveOfAboriginalLanguages/env/bin/uwsgi
setuid() to 8
chdir() to ./
your processes number limit is 31476
your memory page size is 4096 bytes
detected max file descriptor number: 1024
lock engine: pthread robust mutexes
thunder lock: disabled (you can enable it with --thunder-lock)
uwsgi socket 0 bound to TCP address 127.0.0.1:8006 fd 3
Python version: 3.11.5 (main, Aug 25 2023, 13:19:53) [GCC 9.4.0]
*** Python threads support is disabled. You can enable it with --enable-threads ***
Python main interpreter initialized at 0x7fe9d0820478
your server socket listen backlog is limited to 100 connections
your mercy for graceful operations on workers is 60 seconds
mapped 145840 bytes (142 KB) for 1 cores
*** Operational MODE: single process ***
Traceback (most recent call last):
  File "/var/www/html/LivingArchiveOfAboriginalLanguages/env/lib/python3.11/site-packages/django/core/handlers/wsgi.py", line 125, in __init__
    self.load_middleware()
  File "/var/www/html/LivingArchiveOfAboriginalLanguages/env/lib/python3.11/site-packages/django/core/handlers/base.py", line 40, in load_middleware
    middleware = import_string(middleware_path)
                 ^^^^^^^^^^^^^^^^^^^^^^^^^^^^^^
  File "/var/www/html/LivingArchiveOfAboriginalLanguages/env/lib/python3.11/site-packages/django/utils/module_loading.py", line 30, in import_string
    return cached_import(module_path, class_name)
           ^^^^^^^^^^^^^^^^^^^^^^^^^^^^^^^^^^^^^^
  File "/var/www/html/LivingArchiveOfAboriginalLanguages/env/lib/python3.11/site-packages/django/utils/module_loading.py", line 15, in cached_import
    module = import_module(module_path)
             ^^^^^^^^^^^^^^^^^^^^^^^^^^
  File "/usr/lib/python3.11/importlib/__init__.py", line 126, in import_module
    return _bootstrap._gcd_import(name[level:], package, level)
           ^^^^^^^^^^^^^^^^^^^^^^^^^^^^^^^^^^^^^^^^^^^^^^^^^^^^
  File "<frozen importlib._bootstrap>", line 1204, in _gcd_import
  File "<frozen importlib._bootstrap>", line 1176, in _find_and_load
  File "<frozen importlib._bootstrap>", line 1147, in _find_and_load_unlocked
  File "<frozen importlib._bootstrap>", line 690, in _load_unlocked
  File "<frozen importlib._bootstrap_external>", line 940, in exec_module
  File "<frozen importlib._bootstrap>", line 241, in _call_with_frames_removed
  File "/var/www/html/LivingArchiveOfAboriginalLanguages/env/lib/python3.11/site-packages/wagtail/contrib/redirects/middleware.py", line 7, in <module>
    from wagtail.contrib.redirects import models
  File "/var/www/html/LivingArchiveOfAboriginalLanguages/env/lib/python3.11/site-packages/wagtail/contrib/redirects/models.py", line 7, in <module>
    from wagtail.models import Page
  File "/var/www/html/LivingArchiveOfAboriginalLanguages/env/lib/python3.11/site-packages/wagtail/models/__init__.py", line 22, in <module>
    from django.contrib.auth.models import Group, Permission
  File "/var/www/html/LivingArchiveOfAboriginalLanguages/env/lib/python3.11/site-packages/django/contrib/auth/models.py", line 3, in <module>
    from django.contrib.auth.base_user import AbstractBaseUser, BaseUserManager
  File "/var/www/html/LivingArchiveOfAboriginalLanguages/env/lib/python3.11/site-packages/django/contrib/auth/base_user.py", line 50, in <module>
    class AbstractBaseUser(models.Model):
  File "/var/www/html/LivingArchiveOfAboriginalLanguages/env/lib/python3.11/site-packages/django/db/models/base.py", line 127, in __new__
    app_config = apps.get_containing_app_config(module)
                 ^^^^^^^^^^^^^^^^^^^^^^^^^^^^^^^^^^^^^^
  File "/var/www/html/LivingArchiveOfAboriginalLanguages/env/lib/python3.11/site-packages/django/apps/registry.py", line 260, in get_containing_app_config
    self.check_apps_ready()
  File "/var/www/html/LivingArchiveOfAboriginalLanguages/env/lib/python3.11/site-packages/django/apps/registry.py", line 138, in check_apps_ready
    raise AppRegistryNotReady("Apps aren't loaded yet.")
django.core.exceptions.AppRegistryNotReady: Apps aren't loaded yet.
unable to load app 0 (mountpoint='') (callable not found or import error)
Warning: DEFAULT_PDF_VIEW_PROVIDER unspecified.Make sure you have either django-weasyprint or django-tex installed, or provide a default.
/var/www/html/LivingArchiveOfAboriginalLanguages/env/lib/python3.11/site-packages/wagtail/search/index.py:301: RemovedInWagtail60Warning: The partial_match option on SearchField has no effect and will be removed. Use AutocompleteField instead
  warn(
/var/www/html/LivingArchiveOfAboriginalLanguages/env/lib/python3.11/site-packages/wagtail/contrib/modeladmin/apps.py:15: RemovedInWagtail60Warning: wagtail.contrib.modeladmin is deprecated. Use wagtail.snippets or the separate wagtail-modeladmin package instead.
  warn(
WSGI app 0 (mountpoint='') ready in 3 seconds on interpreter 0x7fe9d0820478 pid: 2638326 (default app)
*** uWSGI is running in multiple interpreter mode ***
spawned uWSGI master process (pid: 2638326)
spawned uWSGI worker 1 (pid: 2638327, cores: 1)
Traceback (most recent call last):
  File "/var/www/html/LivingArchiveOfAboriginalLanguages/env/lib/python3.11/site-packages/django/core/handlers/exception.py", line 56, in inner
    response = get_response(request)
               ^^^^^^^^^^^^^^^^^^^^^
  File "/var/www/html/LivingArchiveOfAboriginalLanguages/env/lib/python3.11/site-packages/django/core/handlers/base.py", line 181, in _get_response
    callback, callback_args, callback_kwargs = self.resolve_request(request)
                                               ^^^^^^^^^^^^^^^^^^^^^^^^^^^^^
  File "/var/www/html/LivingArchiveOfAboriginalLanguages/env/lib/python3.11/site-packages/django/core/handlers/base.py", line 313, in resolve_request
    resolver_match = resolver.resolve(request.path_info)
                     ^^^^^^^^^^^^^^^^^^^^^^^^^^^^^^^^^^^
  File "/var/www/html/LivingArchiveOfAboriginalLanguages/env/lib/python3.11/site-packages/django/urls/resolvers.py", line 663, in resolve
    for pattern in self.url_patterns:
                   ^^^^^^^^^^^^^^^^^
  File "/var/www/html/LivingArchiveOfAboriginalLanguages/env/lib/python3.11/site-packages/django/utils/functional.py", line 57, in __get__
    res = instance.__dict__[self.name] = self.func(instance)
                                         ^^^^^^^^^^^^^^^^^^^
  File "/var/www/html/LivingArchiveOfAboriginalLanguages/env/lib/python3.11/site-packages/django/urls/resolvers.py", line 715, in url_patterns
    patterns = getattr(self.urlconf_module, "urlpatterns", self.urlconf_module)
                       ^^^^^^^^^^^^^^^^^^^
  File "/var/www/html/LivingArchiveOfAboriginalLanguages/env/lib/python3.11/site-packages/django/utils/functional.py", line 57, in __get__
    res = instance.__dict__[self.name] = self.func(instance)
                                         ^^^^^^^^^^^^^^^^^^^
  File "/var/www/html/LivingArchiveOfAboriginalLanguages/env/lib/python3.11/site-packages/django/urls/resolvers.py", line 708, in urlconf_module
    return import_module(self.urlconf_name)
           ^^^^^^^^^^^^^^^^^^^^^^^^^^^^^^^^
  File "/usr/lib/python3.11/importlib/__init__.py", line 126, in import_module
    return _bootstrap._gcd_import(name[level:], package, level)
           ^^^^^^^^^^^^^^^^^^^^^^^^^^^^^^^^^^^^^^^^^^^^^^^^^^^^
  File "<frozen importlib._bootstrap>", line 1204, in _gcd_import
  File "<frozen importlib._bootstrap>", line 1176, in _find_and_load
  File "<frozen importlib._bootstrap>", line 1147, in _find_and_load_unlocked
  File "<frozen importlib._bootstrap>", line 690, in _load_unlocked
  File "<frozen importlib._bootstrap_external>", line 940, in exec_module
  File "<frozen importlib._bootstrap>", line 241, in _call_with_frames_removed
  File "/var/www/html/LivingArchiveOfAboriginalLanguages/livingarchive/urls.py", line 9, in <module>
    from search import views as search_views
  File "/var/www/html/LivingArchiveOfAboriginalLanguages/search/views.py", line 4, in <module>
    from wagtail.core.models import Page
ModuleNotFoundError: No module named 'wagtail.core'

During handling of the above exception, another exception occurred:

Traceback (most recent call last):
  File "/var/www/html/LivingArchiveOfAboriginalLanguages/env/lib/python3.11/site-packages/django/core/handlers/exception.py", line 56, in inner
    response = get_response(request)
               ^^^^^^^^^^^^^^^^^^^^^
  File "/var/www/html/LivingArchiveOfAboriginalLanguages/env/lib/python3.11/site-packages/django/utils/deprecation.py", line 136, in __call__
    response = response or self.get_response(request)
                           ^^^^^^^^^^^^^^^^^^^^^^^^^^
  File "/var/www/html/LivingArchiveOfAboriginalLanguages/env/lib/python3.11/site-packages/django/core/handlers/exception.py", line 58, in inner
    response = response_for_exception(request, exc)
               ^^^^^^^^^^^^^^^^^^^^^^^^^^^^^^^^^^^^
  File "/var/www/html/LivingArchiveOfAboriginalLanguages/env/lib/python3.11/site-packages/django/core/handlers/exception.py", line 141, in response_for_exception
    response = handle_uncaught_exception(
               ^^^^^^^^^^^^^^^^^^^^^^^^^^
  File "/var/www/html/LivingArchiveOfAboriginalLanguages/env/lib/python3.11/site-packages/django/core/handlers/exception.py", line 182, in handle_uncaught_exception
    return debug.technical_500_response(request, *exc_info)
           ^^^^^^^^^^^^^^^^^^^^^^^^^^^^^^^^^^^^^^^^^^^^^^^^
  File "/var/www/html/LivingArchiveOfAboriginalLanguages/env/lib/python3.11/site-packages/django/views/debug.py", line 66, in technical_500_response
    html = reporter.get_traceback_html()
           ^^^^^^^^^^^^^^^^^^^^^^^^^^^^^
  File "/var/www/html/LivingArchiveOfAboriginalLanguages/env/lib/python3.11/site-packages/django/views/debug.py", line 396, in get_traceback_html
    c = Context(self.get_traceback_data(), use_l10n=False)
                ^^^^^^^^^^^^^^^^^^^^^^^^^
  File "/var/www/html/LivingArchiveOfAboriginalLanguages/env/lib/python3.11/site-packages/django/views/debug.py", line 381, in get_traceback_data
    c["raising_view_name"] = get_caller(self.request)
                             ^^^^^^^^^^^^^^^^^^^^^^^^
  File "/var/www/html/LivingArchiveOfAboriginalLanguages/env/lib/python3.11/site-packages/django/views/debug.py", line 99, in get_caller
    resolver_match = resolve(request.path)
                     ^^^^^^^^^^^^^^^^^^^^^
  File "/var/www/html/LivingArchiveOfAboriginalLanguages/env/lib/python3.11/site-packages/django/urls/base.py", line 24, in resolve
    return get_resolver(urlconf).resolve(path)
           ^^^^^^^^^^^^^^^^^^^^^^^^^^^^^^^^^^^
  File "/var/www/html/LivingArchiveOfAboriginalLanguages/env/lib/python3.11/site-packages/django/urls/resolvers.py", line 663, in resolve
    for pattern in self.url_patterns:
                   ^^^^^^^^^^^^^^^^^
  File "/var/www/html/LivingArchiveOfAboriginalLanguages/env/lib/python3.11/site-packages/django/utils/functional.py", line 57, in __get__
    res = instance.__dict__[self.name] = self.func(instance)
                                         ^^^^^^^^^^^^^^^^^^^
  File "/var/www/html/LivingArchiveOfAboriginalLanguages/env/lib/python3.11/site-packages/django/urls/resolvers.py", line 715, in url_patterns
    patterns = getattr(self.urlconf_module, "urlpatterns", self.urlconf_module)
                       ^^^^^^^^^^^^^^^^^^^
  File "/var/www/html/LivingArchiveOfAboriginalLanguages/env/lib/python3.11/site-packages/django/utils/functional.py", line 57, in __get__
    res = instance.__dict__[self.name] = self.func(instance)
                                         ^^^^^^^^^^^^^^^^^^^
  File "/var/www/html/LivingArchiveOfAboriginalLanguages/env/lib/python3.11/site-packages/django/urls/resolvers.py", line 708, in urlconf_module
    return import_module(self.urlconf_name)
           ^^^^^^^^^^^^^^^^^^^^^^^^^^^^^^^^
  File "/usr/lib/python3.11/importlib/__init__.py", line 126, in import_module
    return _bootstrap._gcd_import(name[level:], package, level)
           ^^^^^^^^^^^^^^^^^^^^^^^^^^^^^^^^^^^^^^^^^^^^^^^^^^^^
  File "<frozen importlib._bootstrap>", line 1204, in _gcd_import
  File "<frozen importlib._bootstrap>", line 1176, in _find_and_load
  File "<frozen importlib._bootstrap>", line 1147, in _find_and_load_unlocked
  File "<frozen importlib._bootstrap>", line 690, in _load_unlocked
  File "<frozen importlib._bootstrap_external>", line 940, in exec_module
  File "<frozen importlib._bootstrap>", line 241, in _call_with_frames_removed
  File "/var/www/html/LivingArchiveOfAboriginalLanguages/livingarchive/urls.py", line 9, in <module>
    from search import views as search_views
  File "/var/www/html/LivingArchiveOfAboriginalLanguages/search/views.py", line 4, in <module>
    from wagtail.core.models import Page
ModuleNotFoundError: No module named 'wagtail.core'

During handling of the above exception, another exception occurred:

Traceback (most recent call last):
  File "/var/www/html/LivingArchiveOfAboriginalLanguages/env/lib/python3.11/site-packages/django/core/handlers/exception.py", line 56, in inner
    response = get_response(request)
               ^^^^^^^^^^^^^^^^^^^^^
  File "/var/www/html/LivingArchiveOfAboriginalLanguages/env/lib/python3.11/site-packages/django/utils/deprecation.py", line 136, in __call__
    response = response or self.get_response(request)
                           ^^^^^^^^^^^^^^^^^^^^^^^^^^
  File "/var/www/html/LivingArchiveOfAboriginalLanguages/env/lib/python3.11/site-packages/django/core/handlers/exception.py", line 58, in inner
    response = response_for_exception(request, exc)
               ^^^^^^^^^^^^^^^^^^^^^^^^^^^^^^^^^^^^
  File "/var/www/html/LivingArchiveOfAboriginalLanguages/env/lib/python3.11/site-packages/django/core/handlers/exception.py", line 141, in response_for_exception
    response = handle_uncaught_exception(
               ^^^^^^^^^^^^^^^^^^^^^^^^^^
  File "/var/www/html/LivingArchiveOfAboriginalLanguages/env/lib/python3.11/site-packages/django/core/handlers/exception.py", line 182, in handle_uncaught_exception
    return debug.technical_500_response(request, *exc_info)
           ^^^^^^^^^^^^^^^^^^^^^^^^^^^^^^^^^^^^^^^^^^^^^^^^
  File "/var/www/html/LivingArchiveOfAboriginalLanguages/env/lib/python3.11/site-packages/django/views/debug.py", line 66, in technical_500_response
    html = reporter.get_traceback_html()
           ^^^^^^^^^^^^^^^^^^^^^^^^^^^^^
  File "/var/www/html/LivingArchiveOfAboriginalLanguages/env/lib/python3.11/site-packages/django/views/debug.py", line 396, in get_traceback_html
    c = Context(self.get_traceback_data(), use_l10n=False)
                ^^^^^^^^^^^^^^^^^^^^^^^^^
  File "/var/www/html/LivingArchiveOfAboriginalLanguages/env/lib/python3.11/site-packages/django/views/debug.py", line 381, in get_traceback_data
    c["raising_view_name"] = get_caller(self.request)
                             ^^^^^^^^^^^^^^^^^^^^^^^^
  File "/var/www/html/LivingArchiveOfAboriginalLanguages/env/lib/python3.11/site-packages/django/views/debug.py", line 99, in get_caller
    resolver_match = resolve(request.path)
                     ^^^^^^^^^^^^^^^^^^^^^
  File "/var/www/html/LivingArchiveOfAboriginalLanguages/env/lib/python3.11/site-packages/django/urls/base.py", line 24, in resolve
    return get_resolver(urlconf).resolve(path)
           ^^^^^^^^^^^^^^^^^^^^^^^^^^^^^^^^^^^
  File "/var/www/html/LivingArchiveOfAboriginalLanguages/env/lib/python3.11/site-packages/django/urls/resolvers.py", line 663, in resolve
    for pattern in self.url_patterns:
                   ^^^^^^^^^^^^^^^^^
  File "/var/www/html/LivingArchiveOfAboriginalLanguages/env/lib/python3.11/site-packages/django/utils/functional.py", line 57, in __get__
    res = instance.__dict__[self.name] = self.func(instance)
                                         ^^^^^^^^^^^^^^^^^^^
  File "/var/www/html/LivingArchiveOfAboriginalLanguages/env/lib/python3.11/site-packages/django/urls/resolvers.py", line 715, in url_patterns
    patterns = getattr(self.urlconf_module, "urlpatterns", self.urlconf_module)
                       ^^^^^^^^^^^^^^^^^^^
  File "/var/www/html/LivingArchiveOfAboriginalLanguages/env/lib/python3.11/site-packages/django/utils/functional.py", line 57, in __get__
    res = instance.__dict__[self.name] = self.func(instance)
                                         ^^^^^^^^^^^^^^^^^^^
  File "/var/www/html/LivingArchiveOfAboriginalLanguages/env/lib/python3.11/site-packages/django/urls/resolvers.py", line 708, in urlconf_module
    return import_module(self.urlconf_name)
           ^^^^^^^^^^^^^^^^^^^^^^^^^^^^^^^^
  File "/usr/lib/python3.11/importlib/__init__.py", line 126, in import_module
    return _bootstrap._gcd_import(name[level:], package, level)
           ^^^^^^^^^^^^^^^^^^^^^^^^^^^^^^^^^^^^^^^^^^^^^^^^^^^^
  File "<frozen importlib._bootstrap>", line 1204, in _gcd_import
  File "<frozen importlib._bootstrap>", line 1176, in _find_and_load
  File "<frozen importlib._bootstrap>", line 1147, in _find_and_load_unlocked
  File "<frozen importlib._bootstrap>", line 690, in _load_unlocked
  File "<frozen importlib._bootstrap_external>", line 940, in exec_module
  File "<frozen importlib._bootstrap>", line 241, in _call_with_frames_removed
  File "/var/www/html/LivingArchiveOfAboriginalLanguages/livingarchive/urls.py", line 9, in <module>
    from search import views as search_views
  File "/var/www/html/LivingArchiveOfAboriginalLanguages/search/views.py", line 4, in <module>
    from wagtail.core.models import Page
ModuleNotFoundError: No module named 'wagtail.core'

During handling of the above exception, another exception occurred:

Traceback (most recent call last):
  File "/var/www/html/LivingArchiveOfAboriginalLanguages/env/lib/python3.11/site-packages/django/core/handlers/exception.py", line 56, in inner
    response = get_response(request)
               ^^^^^^^^^^^^^^^^^^^^^
  File "/var/www/html/LivingArchiveOfAboriginalLanguages/env/lib/python3.11/site-packages/django/utils/deprecation.py", line 136, in __call__
    response = response or self.get_response(request)
                           ^^^^^^^^^^^^^^^^^^^^^^^^^^
  File "/var/www/html/LivingArchiveOfAboriginalLanguages/env/lib/python3.11/site-packages/django/core/handlers/exception.py", line 58, in inner
    response = response_for_exception(request, exc)
               ^^^^^^^^^^^^^^^^^^^^^^^^^^^^^^^^^^^^
  File "/var/www/html/LivingArchiveOfAboriginalLanguages/env/lib/python3.11/site-packages/django/core/handlers/exception.py", line 141, in response_for_exception
    response = handle_uncaught_exception(
               ^^^^^^^^^^^^^^^^^^^^^^^^^^
  File "/var/www/html/LivingArchiveOfAboriginalLanguages/env/lib/python3.11/site-packages/django/core/handlers/exception.py", line 182, in handle_uncaught_exception
    return debug.technical_500_response(request, *exc_info)
           ^^^^^^^^^^^^^^^^^^^^^^^^^^^^^^^^^^^^^^^^^^^^^^^^
  File "/var/www/html/LivingArchiveOfAboriginalLanguages/env/lib/python3.11/site-packages/django/views/debug.py", line 66, in technical_500_response
    html = reporter.get_traceback_html()
           ^^^^^^^^^^^^^^^^^^^^^^^^^^^^^
  File "/var/www/html/LivingArchiveOfAboriginalLanguages/env/lib/python3.11/site-packages/django/views/debug.py", line 396, in get_traceback_html
    c = Context(self.get_traceback_data(), use_l10n=False)
                ^^^^^^^^^^^^^^^^^^^^^^^^^
  File "/var/www/html/LivingArchiveOfAboriginalLanguages/env/lib/python3.11/site-packages/django/views/debug.py", line 381, in get_traceback_data
    c["raising_view_name"] = get_caller(self.request)
                             ^^^^^^^^^^^^^^^^^^^^^^^^
  File "/var/www/html/LivingArchiveOfAboriginalLanguages/env/lib/python3.11/site-packages/django/views/debug.py", line 99, in get_caller
    resolver_match = resolve(request.path)
                     ^^^^^^^^^^^^^^^^^^^^^
  File "/var/www/html/LivingArchiveOfAboriginalLanguages/env/lib/python3.11/site-packages/django/urls/base.py", line 24, in resolve
    return get_resolver(urlconf).resolve(path)
           ^^^^^^^^^^^^^^^^^^^^^^^^^^^^^^^^^^^
  File "/var/www/html/LivingArchiveOfAboriginalLanguages/env/lib/python3.11/site-packages/django/urls/resolvers.py", line 663, in resolve
    for pattern in self.url_patterns:
                   ^^^^^^^^^^^^^^^^^
  File "/var/www/html/LivingArchiveOfAboriginalLanguages/env/lib/python3.11/site-packages/django/utils/functional.py", line 57, in __get__
    res = instance.__dict__[self.name] = self.func(instance)
                                         ^^^^^^^^^^^^^^^^^^^
  File "/var/www/html/LivingArchiveOfAboriginalLanguages/env/lib/python3.11/site-packages/django/urls/resolvers.py", line 715, in url_patterns
    patterns = getattr(self.urlconf_module, "urlpatterns", self.urlconf_module)
                       ^^^^^^^^^^^^^^^^^^^
  File "/var/www/html/LivingArchiveOfAboriginalLanguages/env/lib/python3.11/site-packages/django/utils/functional.py", line 57, in __get__
    res = instance.__dict__[self.name] = self.func(instance)
                                         ^^^^^^^^^^^^^^^^^^^
  File "/var/www/html/LivingArchiveOfAboriginalLanguages/env/lib/python3.11/site-packages/django/urls/resolvers.py", line 708, in urlconf_module
    return import_module(self.urlconf_name)
           ^^^^^^^^^^^^^^^^^^^^^^^^^^^^^^^^
  File "/usr/lib/python3.11/importlib/__init__.py", line 126, in import_module
    return _bootstrap._gcd_import(name[level:], package, level)
           ^^^^^^^^^^^^^^^^^^^^^^^^^^^^^^^^^^^^^^^^^^^^^^^^^^^^
  File "<frozen importlib._bootstrap>", line 1204, in _gcd_import
  File "<frozen importlib._bootstrap>", line 1176, in _find_and_load
  File "<frozen importlib._bootstrap>", line 1147, in _find_and_load_unlocked
  File "<frozen importlib._bootstrap>", line 690, in _load_unlocked
  File "<frozen importlib._bootstrap_external>", line 940, in exec_module
  File "<frozen importlib._bootstrap>", line 241, in _call_with_frames_removed
  File "/var/www/html/LivingArchiveOfAboriginalLanguages/livingarchive/urls.py", line 9, in <module>
    from search import views as search_views
  File "/var/www/html/LivingArchiveOfAboriginalLanguages/search/views.py", line 4, in <module>
    from wagtail.core.models import Page
ModuleNotFoundError: No module named 'wagtail.core'

During handling of the above exception, another exception occurred:

Traceback (most recent call last):
  File "/var/www/html/LivingArchiveOfAboriginalLanguages/env/lib/python3.11/site-packages/django/core/handlers/exception.py", line 56, in inner
    response = get_response(request)
               ^^^^^^^^^^^^^^^^^^^^^
  File "/var/www/html/LivingArchiveOfAboriginalLanguages/env/lib/python3.11/site-packages/django/utils/deprecation.py", line 136, in __call__
    response = response or self.get_response(request)
                           ^^^^^^^^^^^^^^^^^^^^^^^^^^
  File "/var/www/html/LivingArchiveOfAboriginalLanguages/env/lib/python3.11/site-packages/django/core/handlers/exception.py", line 58, in inner
    response = response_for_exception(request, exc)
               ^^^^^^^^^^^^^^^^^^^^^^^^^^^^^^^^^^^^
  File "/var/www/html/LivingArchiveOfAboriginalLanguages/env/lib/python3.11/site-packages/django/core/handlers/exception.py", line 141, in response_for_exception
    response = handle_uncaught_exception(
               ^^^^^^^^^^^^^^^^^^^^^^^^^^
  File "/var/www/html/LivingArchiveOfAboriginalLanguages/env/lib/python3.11/site-packages/django/core/handlers/exception.py", line 182, in handle_uncaught_exception
    return debug.technical_500_response(request, *exc_info)
           ^^^^^^^^^^^^^^^^^^^^^^^^^^^^^^^^^^^^^^^^^^^^^^^^
  File "/var/www/html/LivingArchiveOfAboriginalLanguages/env/lib/python3.11/site-packages/django/views/debug.py", line 66, in technical_500_response
    html = reporter.get_traceback_html()
           ^^^^^^^^^^^^^^^^^^^^^^^^^^^^^
  File "/var/www/html/LivingArchiveOfAboriginalLanguages/env/lib/python3.11/site-packages/django/views/debug.py", line 396, in get_traceback_html
    c = Context(self.get_traceback_data(), use_l10n=False)
                ^^^^^^^^^^^^^^^^^^^^^^^^^
  File "/var/www/html/LivingArchiveOfAboriginalLanguages/env/lib/python3.11/site-packages/django/views/debug.py", line 381, in get_traceback_data
    c["raising_view_name"] = get_caller(self.request)
                             ^^^^^^^^^^^^^^^^^^^^^^^^
  File "/var/www/html/LivingArchiveOfAboriginalLanguages/env/lib/python3.11/site-packages/django/views/debug.py", line 99, in get_caller
    resolver_match = resolve(request.path)
                     ^^^^^^^^^^^^^^^^^^^^^
  File "/var/www/html/LivingArchiveOfAboriginalLanguages/env/lib/python3.11/site-packages/django/urls/base.py", line 24, in resolve
    return get_resolver(urlconf).resolve(path)
           ^^^^^^^^^^^^^^^^^^^^^^^^^^^^^^^^^^^
  File "/var/www/html/LivingArchiveOfAboriginalLanguages/env/lib/python3.11/site-packages/django/urls/resolvers.py", line 663, in resolve
    for pattern in self.url_patterns:
                   ^^^^^^^^^^^^^^^^^
  File "/var/www/html/LivingArchiveOfAboriginalLanguages/env/lib/python3.11/site-packages/django/utils/functional.py", line 57, in __get__
    res = instance.__dict__[self.name] = self.func(instance)
                                         ^^^^^^^^^^^^^^^^^^^
  File "/var/www/html/LivingArchiveOfAboriginalLanguages/env/lib/python3.11/site-packages/django/urls/resolvers.py", line 715, in url_patterns
    patterns = getattr(self.urlconf_module, "urlpatterns", self.urlconf_module)
                       ^^^^^^^^^^^^^^^^^^^
  File "/var/www/html/LivingArchiveOfAboriginalLanguages/env/lib/python3.11/site-packages/django/utils/functional.py", line 57, in __get__
    res = instance.__dict__[self.name] = self.func(instance)
                                         ^^^^^^^^^^^^^^^^^^^
  File "/var/www/html/LivingArchiveOfAboriginalLanguages/env/lib/python3.11/site-packages/django/urls/resolvers.py", line 708, in urlconf_module
    return import_module(self.urlconf_name)
           ^^^^^^^^^^^^^^^^^^^^^^^^^^^^^^^^
  File "/usr/lib/python3.11/importlib/__init__.py", line 126, in import_module
    return _bootstrap._gcd_import(name[level:], package, level)
           ^^^^^^^^^^^^^^^^^^^^^^^^^^^^^^^^^^^^^^^^^^^^^^^^^^^^
  File "<frozen importlib._bootstrap>", line 1204, in _gcd_import
  File "<frozen importlib._bootstrap>", line 1176, in _find_and_load
  File "<frozen importlib._bootstrap>", line 1147, in _find_and_load_unlocked
  File "<frozen importlib._bootstrap>", line 690, in _load_unlocked
  File "<frozen importlib._bootstrap_external>", line 940, in exec_module
  File "<frozen importlib._bootstrap>", line 241, in _call_with_frames_removed
  File "/var/www/html/LivingArchiveOfAboriginalLanguages/livingarchive/urls.py", line 9, in <module>
    from search import views as search_views
  File "/var/www/html/LivingArchiveOfAboriginalLanguages/search/views.py", line 4, in <module>
    from wagtail.core.models import Page
ModuleNotFoundError: No module named 'wagtail.core'

During handling of the above exception, another exception occurred:

Traceback (most recent call last):
  File "/var/www/html/LivingArchiveOfAboriginalLanguages/env/lib/python3.11/site-packages/django/core/handlers/exception.py", line 56, in inner
    response = get_response(request)
               ^^^^^^^^^^^^^^^^^^^^^
  File "/var/www/html/LivingArchiveOfAboriginalLanguages/env/lib/python3.11/site-packages/django/utils/deprecation.py", line 136, in __call__
    response = response or self.get_response(request)
                           ^^^^^^^^^^^^^^^^^^^^^^^^^^
  File "/var/www/html/LivingArchiveOfAboriginalLanguages/env/lib/python3.11/site-packages/django/core/handlers/exception.py", line 58, in inner
    response = response_for_exception(request, exc)
               ^^^^^^^^^^^^^^^^^^^^^^^^^^^^^^^^^^^^
  File "/var/www/html/LivingArchiveOfAboriginalLanguages/env/lib/python3.11/site-packages/django/core/handlers/exception.py", line 141, in response_for_exception
    response = handle_uncaught_exception(
               ^^^^^^^^^^^^^^^^^^^^^^^^^^
  File "/var/www/html/LivingArchiveOfAboriginalLanguages/env/lib/python3.11/site-packages/django/core/handlers/exception.py", line 182, in handle_uncaught_exception
    return debug.technical_500_response(request, *exc_info)
           ^^^^^^^^^^^^^^^^^^^^^^^^^^^^^^^^^^^^^^^^^^^^^^^^
  File "/var/www/html/LivingArchiveOfAboriginalLanguages/env/lib/python3.11/site-packages/django/views/debug.py", line 66, in technical_500_response
    html = reporter.get_traceback_html()
           ^^^^^^^^^^^^^^^^^^^^^^^^^^^^^
  File "/var/www/html/LivingArchiveOfAboriginalLanguages/env/lib/python3.11/site-packages/django/views/debug.py", line 396, in get_traceback_html
    c = Context(self.get_traceback_data(), use_l10n=False)
                ^^^^^^^^^^^^^^^^^^^^^^^^^
  File "/var/www/html/LivingArchiveOfAboriginalLanguages/env/lib/python3.11/site-packages/django/views/debug.py", line 381, in get_traceback_data
    c["raising_view_name"] = get_caller(self.request)
                             ^^^^^^^^^^^^^^^^^^^^^^^^
  File "/var/www/html/LivingArchiveOfAboriginalLanguages/env/lib/python3.11/site-packages/django/views/debug.py", line 99, in get_caller
    resolver_match = resolve(request.path)
                     ^^^^^^^^^^^^^^^^^^^^^
  File "/var/www/html/LivingArchiveOfAboriginalLanguages/env/lib/python3.11/site-packages/django/urls/base.py", line 24, in resolve
    return get_resolver(urlconf).resolve(path)
           ^^^^^^^^^^^^^^^^^^^^^^^^^^^^^^^^^^^
  File "/var/www/html/LivingArchiveOfAboriginalLanguages/env/lib/python3.11/site-packages/django/urls/resolvers.py", line 663, in resolve
    for pattern in self.url_patterns:
                   ^^^^^^^^^^^^^^^^^
  File "/var/www/html/LivingArchiveOfAboriginalLanguages/env/lib/python3.11/site-packages/django/utils/functional.py", line 57, in __get__
    res = instance.__dict__[self.name] = self.func(instance)
                                         ^^^^^^^^^^^^^^^^^^^
  File "/var/www/html/LivingArchiveOfAboriginalLanguages/env/lib/python3.11/site-packages/django/urls/resolvers.py", line 715, in url_patterns
    patterns = getattr(self.urlconf_module, "urlpatterns", self.urlconf_module)
                       ^^^^^^^^^^^^^^^^^^^
  File "/var/www/html/LivingArchiveOfAboriginalLanguages/env/lib/python3.11/site-packages/django/utils/functional.py", line 57, in __get__
    res = instance.__dict__[self.name] = self.func(instance)
                                         ^^^^^^^^^^^^^^^^^^^
  File "/var/www/html/LivingArchiveOfAboriginalLanguages/env/lib/python3.11/site-packages/django/urls/resolvers.py", line 708, in urlconf_module
    return import_module(self.urlconf_name)
           ^^^^^^^^^^^^^^^^^^^^^^^^^^^^^^^^
  File "/usr/lib/python3.11/importlib/__init__.py", line 126, in import_module
    return _bootstrap._gcd_import(name[level:], package, level)
           ^^^^^^^^^^^^^^^^^^^^^^^^^^^^^^^^^^^^^^^^^^^^^^^^^^^^
  File "<frozen importlib._bootstrap>", line 1204, in _gcd_import
  File "<frozen importlib._bootstrap>", line 1176, in _find_and_load
  File "<frozen importlib._bootstrap>", line 1147, in _find_and_load_unlocked
  File "<frozen importlib._bootstrap>", line 690, in _load_unlocked
  File "<frozen importlib._bootstrap_external>", line 940, in exec_module
  File "<frozen importlib._bootstrap>", line 241, in _call_with_frames_removed
  File "/var/www/html/LivingArchiveOfAboriginalLanguages/livingarchive/urls.py", line 9, in <module>
    from search import views as search_views
  File "/var/www/html/LivingArchiveOfAboriginalLanguages/search/views.py", line 4, in <module>
    from wagtail.core.models import Page
ModuleNotFoundError: No module named 'wagtail.core'

During handling of the above exception, another exception occurred:

Traceback (most recent call last):
  File "/var/www/html/LivingArchiveOfAboriginalLanguages/env/lib/python3.11/site-packages/django/core/handlers/exception.py", line 56, in inner
    response = get_response(request)
               ^^^^^^^^^^^^^^^^^^^^^
  File "/var/www/html/LivingArchiveOfAboriginalLanguages/env/lib/python3.11/site-packages/django/utils/deprecation.py", line 136, in __call__
    response = response or self.get_response(request)
                           ^^^^^^^^^^^^^^^^^^^^^^^^^^
  File "/var/www/html/LivingArchiveOfAboriginalLanguages/env/lib/python3.11/site-packages/django/core/handlers/exception.py", line 58, in inner
    response = response_for_exception(request, exc)
               ^^^^^^^^^^^^^^^^^^^^^^^^^^^^^^^^^^^^
  File "/var/www/html/LivingArchiveOfAboriginalLanguages/env/lib/python3.11/site-packages/django/core/handlers/exception.py", line 141, in response_for_exception
    response = handle_uncaught_exception(
               ^^^^^^^^^^^^^^^^^^^^^^^^^^
  File "/var/www/html/LivingArchiveOfAboriginalLanguages/env/lib/python3.11/site-packages/django/core/handlers/exception.py", line 182, in handle_uncaught_exception
    return debug.technical_500_response(request, *exc_info)
           ^^^^^^^^^^^^^^^^^^^^^^^^^^^^^^^^^^^^^^^^^^^^^^^^
  File "/var/www/html/LivingArchiveOfAboriginalLanguages/env/lib/python3.11/site-packages/django/views/debug.py", line 66, in technical_500_response
    html = reporter.get_traceback_html()
           ^^^^^^^^^^^^^^^^^^^^^^^^^^^^^
  File "/var/www/html/LivingArchiveOfAboriginalLanguages/env/lib/python3.11/site-packages/django/views/debug.py", line 396, in get_traceback_html
    c = Context(self.get_traceback_data(), use_l10n=False)
                ^^^^^^^^^^^^^^^^^^^^^^^^^
  File "/var/www/html/LivingArchiveOfAboriginalLanguages/env/lib/python3.11/site-packages/django/views/debug.py", line 381, in get_traceback_data
    c["raising_view_name"] = get_caller(self.request)
                             ^^^^^^^^^^^^^^^^^^^^^^^^
  File "/var/www/html/LivingArchiveOfAboriginalLanguages/env/lib/python3.11/site-packages/django/views/debug.py", line 99, in get_caller
    resolver_match = resolve(request.path)
                     ^^^^^^^^^^^^^^^^^^^^^
  File "/var/www/html/LivingArchiveOfAboriginalLanguages/env/lib/python3.11/site-packages/django/urls/base.py", line 24, in resolve
    return get_resolver(urlconf).resolve(path)
           ^^^^^^^^^^^^^^^^^^^^^^^^^^^^^^^^^^^
  File "/var/www/html/LivingArchiveOfAboriginalLanguages/env/lib/python3.11/site-packages/django/urls/resolvers.py", line 663, in resolve
    for pattern in self.url_patterns:
                   ^^^^^^^^^^^^^^^^^
  File "/var/www/html/LivingArchiveOfAboriginalLanguages/env/lib/python3.11/site-packages/django/utils/functional.py", line 57, in __get__
    res = instance.__dict__[self.name] = self.func(instance)
                                         ^^^^^^^^^^^^^^^^^^^
  File "/var/www/html/LivingArchiveOfAboriginalLanguages/env/lib/python3.11/site-packages/django/urls/resolvers.py", line 715, in url_patterns
    patterns = getattr(self.urlconf_module, "urlpatterns", self.urlconf_module)
                       ^^^^^^^^^^^^^^^^^^^
  File "/var/www/html/LivingArchiveOfAboriginalLanguages/env/lib/python3.11/site-packages/django/utils/functional.py", line 57, in __get__
    res = instance.__dict__[self.name] = self.func(instance)
                                         ^^^^^^^^^^^^^^^^^^^
  File "/var/www/html/LivingArchiveOfAboriginalLanguages/env/lib/python3.11/site-packages/django/urls/resolvers.py", line 708, in urlconf_module
    return import_module(self.urlconf_name)
           ^^^^^^^^^^^^^^^^^^^^^^^^^^^^^^^^
  File "/usr/lib/python3.11/importlib/__init__.py", line 126, in import_module
    return _bootstrap._gcd_import(name[level:], package, level)
           ^^^^^^^^^^^^^^^^^^^^^^^^^^^^^^^^^^^^^^^^^^^^^^^^^^^^
  File "<frozen importlib._bootstrap>", line 1204, in _gcd_import
  File "<frozen importlib._bootstrap>", line 1176, in _find_and_load
  File "<frozen importlib._bootstrap>", line 1147, in _find_and_load_unlocked
  File "<frozen importlib._bootstrap>", line 690, in _load_unlocked
  File "<frozen importlib._bootstrap_external>", line 940, in exec_module
  File "<frozen importlib._bootstrap>", line 241, in _call_with_frames_removed
  File "/var/www/html/LivingArchiveOfAboriginalLanguages/livingarchive/urls.py", line 9, in <module>
    from search import views as search_views
  File "/var/www/html/LivingArchiveOfAboriginalLanguages/search/views.py", line 4, in <module>
    from wagtail.core.models import Page
ModuleNotFoundError: No module named 'wagtail.core'

During handling of the above exception, another exception occurred:

Traceback (most recent call last):
  File "/var/www/html/LivingArchiveOfAboriginalLanguages/env/lib/python3.11/site-packages/django/core/handlers/exception.py", line 56, in inner
    response = get_response(request)
               ^^^^^^^^^^^^^^^^^^^^^
  File "/var/www/html/LivingArchiveOfAboriginalLanguages/env/lib/python3.11/site-packages/django/utils/deprecation.py", line 136, in __call__
    response = response or self.get_response(request)
                           ^^^^^^^^^^^^^^^^^^^^^^^^^^
  File "/var/www/html/LivingArchiveOfAboriginalLanguages/env/lib/python3.11/site-packages/django/core/handlers/exception.py", line 58, in inner
    response = response_for_exception(request, exc)
               ^^^^^^^^^^^^^^^^^^^^^^^^^^^^^^^^^^^^
  File "/var/www/html/LivingArchiveOfAboriginalLanguages/env/lib/python3.11/site-packages/django/core/handlers/exception.py", line 141, in response_for_exception
    response = handle_uncaught_exception(
               ^^^^^^^^^^^^^^^^^^^^^^^^^^
  File "/var/www/html/LivingArchiveOfAboriginalLanguages/env/lib/python3.11/site-packages/django/core/handlers/exception.py", line 182, in handle_uncaught_exception
    return debug.technical_500_response(request, *exc_info)
           ^^^^^^^^^^^^^^^^^^^^^^^^^^^^^^^^^^^^^^^^^^^^^^^^
  File "/var/www/html/LivingArchiveOfAboriginalLanguages/env/lib/python3.11/site-packages/django/views/debug.py", line 66, in technical_500_response
    html = reporter.get_traceback_html()
           ^^^^^^^^^^^^^^^^^^^^^^^^^^^^^
  File "/var/www/html/LivingArchiveOfAboriginalLanguages/env/lib/python3.11/site-packages/django/views/debug.py", line 396, in get_traceback_html
    c = Context(self.get_traceback_data(), use_l10n=False)
                ^^^^^^^^^^^^^^^^^^^^^^^^^
  File "/var/www/html/LivingArchiveOfAboriginalLanguages/env/lib/python3.11/site-packages/django/views/debug.py", line 381, in get_traceback_data
    c["raising_view_name"] = get_caller(self.request)
                             ^^^^^^^^^^^^^^^^^^^^^^^^
  File "/var/www/html/LivingArchiveOfAboriginalLanguages/env/lib/python3.11/site-packages/django/views/debug.py", line 99, in get_caller
    resolver_match = resolve(request.path)
                     ^^^^^^^^^^^^^^^^^^^^^
  File "/var/www/html/LivingArchiveOfAboriginalLanguages/env/lib/python3.11/site-packages/django/urls/base.py", line 24, in resolve
    return get_resolver(urlconf).resolve(path)
           ^^^^^^^^^^^^^^^^^^^^^^^^^^^^^^^^^^^
  File "/var/www/html/LivingArchiveOfAboriginalLanguages/env/lib/python3.11/site-packages/django/urls/resolvers.py", line 663, in resolve
    for pattern in self.url_patterns:
                   ^^^^^^^^^^^^^^^^^
  File "/var/www/html/LivingArchiveOfAboriginalLanguages/env/lib/python3.11/site-packages/django/utils/functional.py", line 57, in __get__
    res = instance.__dict__[self.name] = self.func(instance)
                                         ^^^^^^^^^^^^^^^^^^^
  File "/var/www/html/LivingArchiveOfAboriginalLanguages/env/lib/python3.11/site-packages/django/urls/resolvers.py", line 715, in url_patterns
    patterns = getattr(self.urlconf_module, "urlpatterns", self.urlconf_module)
                       ^^^^^^^^^^^^^^^^^^^
  File "/var/www/html/LivingArchiveOfAboriginalLanguages/env/lib/python3.11/site-packages/django/utils/functional.py", line 57, in __get__
    res = instance.__dict__[self.name] = self.func(instance)
                                         ^^^^^^^^^^^^^^^^^^^
  File "/var/www/html/LivingArchiveOfAboriginalLanguages/env/lib/python3.11/site-packages/django/urls/resolvers.py", line 708, in urlconf_module
    return import_module(self.urlconf_name)
           ^^^^^^^^^^^^^^^^^^^^^^^^^^^^^^^^
  File "/usr/lib/python3.11/importlib/__init__.py", line 126, in import_module
    return _bootstrap._gcd_import(name[level:], package, level)
           ^^^^^^^^^^^^^^^^^^^^^^^^^^^^^^^^^^^^^^^^^^^^^^^^^^^^
  File "<frozen importlib._bootstrap>", line 1204, in _gcd_import
  File "<frozen importlib._bootstrap>", line 1176, in _find_and_load
  File "<frozen importlib._bootstrap>", line 1147, in _find_and_load_unlocked
  File "<frozen importlib._bootstrap>", line 690, in _load_unlocked
  File "<frozen importlib._bootstrap_external>", line 940, in exec_module
  File "<frozen importlib._bootstrap>", line 241, in _call_with_frames_removed
  File "/var/www/html/LivingArchiveOfAboriginalLanguages/livingarchive/urls.py", line 9, in <module>
    from search import views as search_views
  File "/var/www/html/LivingArchiveOfAboriginalLanguages/search/views.py", line 4, in <module>
    from wagtail.core.models import Page
ModuleNotFoundError: No module named 'wagtail.core'

During handling of the above exception, another exception occurred:

Traceback (most recent call last):
  File "/var/www/html/LivingArchiveOfAboriginalLanguages/env/lib/python3.11/site-packages/django/core/handlers/exception.py", line 56, in inner
    response = get_response(request)
               ^^^^^^^^^^^^^^^^^^^^^
  File "/var/www/html/LivingArchiveOfAboriginalLanguages/env/lib/python3.11/site-packages/django/utils/deprecation.py", line 136, in __call__
    response = response or self.get_response(request)
                           ^^^^^^^^^^^^^^^^^^^^^^^^^^
  File "/var/www/html/LivingArchiveOfAboriginalLanguages/env/lib/python3.11/site-packages/django/core/handlers/exception.py", line 58, in inner
    response = response_for_exception(request, exc)
               ^^^^^^^^^^^^^^^^^^^^^^^^^^^^^^^^^^^^
  File "/var/www/html/LivingArchiveOfAboriginalLanguages/env/lib/python3.11/site-packages/django/core/handlers/exception.py", line 141, in response_for_exception
    response = handle_uncaught_exception(
               ^^^^^^^^^^^^^^^^^^^^^^^^^^
  File "/var/www/html/LivingArchiveOfAboriginalLanguages/env/lib/python3.11/site-packages/django/core/handlers/exception.py", line 182, in handle_uncaught_exception
    return debug.technical_500_response(request, *exc_info)
           ^^^^^^^^^^^^^^^^^^^^^^^^^^^^^^^^^^^^^^^^^^^^^^^^
  File "/var/www/html/LivingArchiveOfAboriginalLanguages/env/lib/python3.11/site-packages/django/views/debug.py", line 66, in technical_500_response
    html = reporter.get_traceback_html()
           ^^^^^^^^^^^^^^^^^^^^^^^^^^^^^
  File "/var/www/html/LivingArchiveOfAboriginalLanguages/env/lib/python3.11/site-packages/django/views/debug.py", line 396, in get_traceback_html
    c = Context(self.get_traceback_data(), use_l10n=False)
                ^^^^^^^^^^^^^^^^^^^^^^^^^
  File "/var/www/html/LivingArchiveOfAboriginalLanguages/env/lib/python3.11/site-packages/django/views/debug.py", line 381, in get_traceback_data
    c["raising_view_name"] = get_caller(self.request)
                             ^^^^^^^^^^^^^^^^^^^^^^^^
  File "/var/www/html/LivingArchiveOfAboriginalLanguages/env/lib/python3.11/site-packages/django/views/debug.py", line 99, in get_caller
    resolver_match = resolve(request.path)
                     ^^^^^^^^^^^^^^^^^^^^^
  File "/var/www/html/LivingArchiveOfAboriginalLanguages/env/lib/python3.11/site-packages/django/urls/base.py", line 24, in resolve
    return get_resolver(urlconf).resolve(path)
           ^^^^^^^^^^^^^^^^^^^^^^^^^^^^^^^^^^^
  File "/var/www/html/LivingArchiveOfAboriginalLanguages/env/lib/python3.11/site-packages/django/urls/resolvers.py", line 663, in resolve
    for pattern in self.url_patterns:
                   ^^^^^^^^^^^^^^^^^
  File "/var/www/html/LivingArchiveOfAboriginalLanguages/env/lib/python3.11/site-packages/django/utils/functional.py", line 57, in __get__
    res = instance.__dict__[self.name] = self.func(instance)
                                         ^^^^^^^^^^^^^^^^^^^
  File "/var/www/html/LivingArchiveOfAboriginalLanguages/env/lib/python3.11/site-packages/django/urls/resolvers.py", line 715, in url_patterns
    patterns = getattr(self.urlconf_module, "urlpatterns", self.urlconf_module)
                       ^^^^^^^^^^^^^^^^^^^
  File "/var/www/html/LivingArchiveOfAboriginalLanguages/env/lib/python3.11/site-packages/django/utils/functional.py", line 57, in __get__
    res = instance.__dict__[self.name] = self.func(instance)
                                         ^^^^^^^^^^^^^^^^^^^
  File "/var/www/html/LivingArchiveOfAboriginalLanguages/env/lib/python3.11/site-packages/django/urls/resolvers.py", line 708, in urlconf_module
    return import_module(self.urlconf_name)
           ^^^^^^^^^^^^^^^^^^^^^^^^^^^^^^^^
  File "/usr/lib/python3.11/importlib/__init__.py", line 126, in import_module
    return _bootstrap._gcd_import(name[level:], package, level)
           ^^^^^^^^^^^^^^^^^^^^^^^^^^^^^^^^^^^^^^^^^^^^^^^^^^^^
  File "<frozen importlib._bootstrap>", line 1204, in _gcd_import
  File "<frozen importlib._bootstrap>", line 1176, in _find_and_load
  File "<frozen importlib._bootstrap>", line 1147, in _find_and_load_unlocked
  File "<frozen importlib._bootstrap>", line 690, in _load_unlocked
  File "<frozen importlib._bootstrap_external>", line 940, in exec_module
  File "<frozen importlib._bootstrap>", line 241, in _call_with_frames_removed
  File "/var/www/html/LivingArchiveOfAboriginalLanguages/livingarchive/urls.py", line 9, in <module>
    from search import views as search_views
  File "/var/www/html/LivingArchiveOfAboriginalLanguages/search/views.py", line 4, in <module>
    from wagtail.core.models import Page
ModuleNotFoundError: No module named 'wagtail.core'

During handling of the above exception, another exception occurred:

Traceback (most recent call last):
  File "/var/www/html/LivingArchiveOfAboriginalLanguages/env/lib/python3.11/site-packages/django/core/handlers/wsgi.py", line 131, in __call__
    response = self.get_response(request)
               ^^^^^^^^^^^^^^^^^^^^^^^^^^
  File "/var/www/html/LivingArchiveOfAboriginalLanguages/env/lib/python3.11/site-packages/django/core/handlers/base.py", line 140, in get_response
    response = self._middleware_chain(request)
               ^^^^^^^^^^^^^^^^^^^^^^^^^^^^^^^
  File "/var/www/html/LivingArchiveOfAboriginalLanguages/env/lib/python3.11/site-packages/django/core/handlers/exception.py", line 58, in inner
    response = response_for_exception(request, exc)
               ^^^^^^^^^^^^^^^^^^^^^^^^^^^^^^^^^^^^
  File "/var/www/html/LivingArchiveOfAboriginalLanguages/env/lib/python3.11/site-packages/django/core/handlers/exception.py", line 141, in response_for_exception
    response = handle_uncaught_exception(
               ^^^^^^^^^^^^^^^^^^^^^^^^^^
  File "/var/www/html/LivingArchiveOfAboriginalLanguages/env/lib/python3.11/site-packages/django/core/handlers/exception.py", line 182, in handle_uncaught_exception
    return debug.technical_500_response(request, *exc_info)
           ^^^^^^^^^^^^^^^^^^^^^^^^^^^^^^^^^^^^^^^^^^^^^^^^
  File "/var/www/html/LivingArchiveOfAboriginalLanguages/env/lib/python3.11/site-packages/django/views/debug.py", line 66, in technical_500_response
    html = reporter.get_traceback_html()
           ^^^^^^^^^^^^^^^^^^^^^^^^^^^^^
  File "/var/www/html/LivingArchiveOfAboriginalLanguages/env/lib/python3.11/site-packages/django/views/debug.py", line 396, in get_traceback_html
    c = Context(self.get_traceback_data(), use_l10n=False)
                ^^^^^^^^^^^^^^^^^^^^^^^^^
  File "/var/www/html/LivingArchiveOfAboriginalLanguages/env/lib/python3.11/site-packages/django/views/debug.py", line 381, in get_traceback_data
    c["raising_view_name"] = get_caller(self.request)
                             ^^^^^^^^^^^^^^^^^^^^^^^^
  File "/var/www/html/LivingArchiveOfAboriginalLanguages/env/lib/python3.11/site-packages/django/views/debug.py", line 99, in get_caller
    resolver_match = resolve(request.path)
                     ^^^^^^^^^^^^^^^^^^^^^
  File "/var/www/html/LivingArchiveOfAboriginalLanguages/env/lib/python3.11/site-packages/django/urls/base.py", line 24, in resolve
    return get_resolver(urlconf).resolve(path)
           ^^^^^^^^^^^^^^^^^^^^^^^^^^^^^^^^^^^
  File "/var/www/html/LivingArchiveOfAboriginalLanguages/env/lib/python3.11/site-packages/django/urls/resolvers.py", line 663, in resolve
    for pattern in self.url_patterns:
                   ^^^^^^^^^^^^^^^^^
  File "/var/www/html/LivingArchiveOfAboriginalLanguages/env/lib/python3.11/site-packages/django/utils/functional.py", line 57, in __get__
    res = instance.__dict__[self.name] = self.func(instance)
                                         ^^^^^^^^^^^^^^^^^^^
  File "/var/www/html/LivingArchiveOfAboriginalLanguages/env/lib/python3.11/site-packages/django/urls/resolvers.py", line 715, in url_patterns
    patterns = getattr(self.urlconf_module, "urlpatterns", self.urlconf_module)
                       ^^^^^^^^^^^^^^^^^^^
  File "/var/www/html/LivingArchiveOfAboriginalLanguages/env/lib/python3.11/site-packages/django/utils/functional.py", line 57, in __get__
    res = instance.__dict__[self.name] = self.func(instance)
                                         ^^^^^^^^^^^^^^^^^^^
  File "/var/www/html/LivingArchiveOfAboriginalLanguages/env/lib/python3.11/site-packages/django/urls/resolvers.py", line 708, in urlconf_module
    return import_module(self.urlconf_name)
           ^^^^^^^^^^^^^^^^^^^^^^^^^^^^^^^^
  File "/usr/lib/python3.11/importlib/__init__.py", line 126, in import_module
    return _bootstrap._gcd_import(name[level:], package, level)
           ^^^^^^^^^^^^^^^^^^^^^^^^^^^^^^^^^^^^^^^^^^^^^^^^^^^^
  File "<frozen importlib._bootstrap>", line 1204, in _gcd_import
  File "<frozen importlib._bootstrap>", line 1176, in _find_and_load
  File "<frozen importlib._bootstrap>", line 1147, in _find_and_load_unlocked
  File "<frozen importlib._bootstrap>", line 690, in _load_unlocked
  File "<frozen importlib._bootstrap_external>", line 940, in exec_module
  File "<frozen importlib._bootstrap>", line 241, in _call_with_frames_removed
  File "/var/www/html/LivingArchiveOfAboriginalLanguages/livingarchive/urls.py", line 9, in <module>
    from search import views as search_views
  File "/var/www/html/LivingArchiveOfAboriginalLanguages/search/views.py", line 4, in <module>
    from wagtail.core.models import Page
ModuleNotFoundError: No module named 'wagtail.core'
[pid: 2638327|app: 0|req: 1/1] 150.203.2.65 () {60 vars in 1103 bytes} [Tue Nov  7 21:17:53 2023] GET / => generated 0 bytes in 6078 msecs (HTTP/1.1 500) 0 headers in 0 bytes (0 switches on core 0)
Traceback (most recent call last):
  File "/var/www/html/LivingArchiveOfAboriginalLanguages/env/lib/python3.11/site-packages/django/core/handlers/exception.py", line 56, in inner
    response = get_response(request)
               ^^^^^^^^^^^^^^^^^^^^^
  File "/var/www/html/LivingArchiveOfAboriginalLanguages/env/lib/python3.11/site-packages/django/utils/deprecation.py", line 135, in __call__
    response = self.process_request(request)
               ^^^^^^^^^^^^^^^^^^^^^^^^^^^^^
  File "/var/www/html/LivingArchiveOfAboriginalLanguages/env/lib/python3.11/site-packages/django/middleware/common.py", line 53, in process_request
    if self.should_redirect_with_slash(request):
       ^^^^^^^^^^^^^^^^^^^^^^^^^^^^^^^^^^^^^^^^
  File "/var/www/html/LivingArchiveOfAboriginalLanguages/env/lib/python3.11/site-packages/django/middleware/common.py", line 70, in should_redirect_with_slash
    if not is_valid_path(request.path_info, urlconf):
           ^^^^^^^^^^^^^^^^^^^^^^^^^^^^^^^^^^^^^^^^^
  File "/var/www/html/LivingArchiveOfAboriginalLanguages/env/lib/python3.11/site-packages/django/urls/base.py", line 155, in is_valid_path
    return resolve(path, urlconf)
           ^^^^^^^^^^^^^^^^^^^^^^
  File "/var/www/html/LivingArchiveOfAboriginalLanguages/env/lib/python3.11/site-packages/django/urls/base.py", line 24, in resolve
    return get_resolver(urlconf).resolve(path)
           ^^^^^^^^^^^^^^^^^^^^^^^^^^^^^^^^^^^
  File "/var/www/html/LivingArchiveOfAboriginalLanguages/env/lib/python3.11/site-packages/django/urls/resolvers.py", line 663, in resolve
    for pattern in self.url_patterns:
                   ^^^^^^^^^^^^^^^^^
  File "/var/www/html/LivingArchiveOfAboriginalLanguages/env/lib/python3.11/site-packages/django/utils/functional.py", line 57, in __get__
    res = instance.__dict__[self.name] = self.func(instance)
                                         ^^^^^^^^^^^^^^^^^^^
  File "/var/www/html/LivingArchiveOfAboriginalLanguages/env/lib/python3.11/site-packages/django/urls/resolvers.py", line 715, in url_patterns
    patterns = getattr(self.urlconf_module, "urlpatterns", self.urlconf_module)
                       ^^^^^^^^^^^^^^^^^^^
  File "/var/www/html/LivingArchiveOfAboriginalLanguages/env/lib/python3.11/site-packages/django/utils/functional.py", line 57, in __get__
    res = instance.__dict__[self.name] = self.func(instance)
                                         ^^^^^^^^^^^^^^^^^^^
  File "/var/www/html/LivingArchiveOfAboriginalLanguages/env/lib/python3.11/site-packages/django/urls/resolvers.py", line 708, in urlconf_module
    return import_module(self.urlconf_name)
           ^^^^^^^^^^^^^^^^^^^^^^^^^^^^^^^^
  File "/usr/lib/python3.11/importlib/__init__.py", line 126, in import_module
    return _bootstrap._gcd_import(name[level:], package, level)
           ^^^^^^^^^^^^^^^^^^^^^^^^^^^^^^^^^^^^^^^^^^^^^^^^^^^^
  File "<frozen importlib._bootstrap>", line 1204, in _gcd_import
  File "<frozen importlib._bootstrap>", line 1176, in _find_and_load
  File "<frozen importlib._bootstrap>", line 1147, in _find_and_load_unlocked
  File "<frozen importlib._bootstrap>", line 690, in _load_unlocked
  File "<frozen importlib._bootstrap_external>", line 940, in exec_module
  File "<frozen importlib._bootstrap>", line 241, in _call_with_frames_removed
  File "/var/www/html/LivingArchiveOfAboriginalLanguages/livingarchive/urls.py", line 9, in <module>
    from search import views as search_views
  File "/var/www/html/LivingArchiveOfAboriginalLanguages/search/views.py", line 4, in <module>
    from wagtail.core.models import Page
ModuleNotFoundError: No module named 'wagtail.core'

During handling of the above exception, another exception occurred:

Traceback (most recent call last):
  File "/var/www/html/LivingArchiveOfAboriginalLanguages/env/lib/python3.11/site-packages/django/core/handlers/exception.py", line 56, in inner
    response = get_response(request)
               ^^^^^^^^^^^^^^^^^^^^^
  File "/var/www/html/LivingArchiveOfAboriginalLanguages/env/lib/python3.11/site-packages/django/utils/deprecation.py", line 136, in __call__
    response = response or self.get_response(request)
                           ^^^^^^^^^^^^^^^^^^^^^^^^^^
  File "/var/www/html/LivingArchiveOfAboriginalLanguages/env/lib/python3.11/site-packages/django/core/handlers/exception.py", line 58, in inner
    response = response_for_exception(request, exc)
               ^^^^^^^^^^^^^^^^^^^^^^^^^^^^^^^^^^^^
  File "/var/www/html/LivingArchiveOfAboriginalLanguages/env/lib/python3.11/site-packages/django/core/handlers/exception.py", line 141, in response_for_exception
    response = handle_uncaught_exception(
               ^^^^^^^^^^^^^^^^^^^^^^^^^^
  File "/var/www/html/LivingArchiveOfAboriginalLanguages/env/lib/python3.11/site-packages/django/core/handlers/exception.py", line 182, in handle_uncaught_exception
    return debug.technical_500_response(request, *exc_info)
           ^^^^^^^^^^^^^^^^^^^^^^^^^^^^^^^^^^^^^^^^^^^^^^^^
  File "/var/www/html/LivingArchiveOfAboriginalLanguages/env/lib/python3.11/site-packages/django/views/debug.py", line 66, in technical_500_response
    html = reporter.get_traceback_html()
           ^^^^^^^^^^^^^^^^^^^^^^^^^^^^^
  File "/var/www/html/LivingArchiveOfAboriginalLanguages/env/lib/python3.11/site-packages/django/views/debug.py", line 396, in get_traceback_html
    c = Context(self.get_traceback_data(), use_l10n=False)
                ^^^^^^^^^^^^^^^^^^^^^^^^^
  File "/var/www/html/LivingArchiveOfAboriginalLanguages/env/lib/python3.11/site-packages/django/views/debug.py", line 381, in get_traceback_data
    c["raising_view_name"] = get_caller(self.request)
                             ^^^^^^^^^^^^^^^^^^^^^^^^
  File "/var/www/html/LivingArchiveOfAboriginalLanguages/env/lib/python3.11/site-packages/django/views/debug.py", line 99, in get_caller
    resolver_match = resolve(request.path)
                     ^^^^^^^^^^^^^^^^^^^^^
  File "/var/www/html/LivingArchiveOfAboriginalLanguages/env/lib/python3.11/site-packages/django/urls/base.py", line 24, in resolve
    return get_resolver(urlconf).resolve(path)
           ^^^^^^^^^^^^^^^^^^^^^^^^^^^^^^^^^^^
  File "/var/www/html/LivingArchiveOfAboriginalLanguages/env/lib/python3.11/site-packages/django/urls/resolvers.py", line 663, in resolve
    for pattern in self.url_patterns:
                   ^^^^^^^^^^^^^^^^^
  File "/var/www/html/LivingArchiveOfAboriginalLanguages/env/lib/python3.11/site-packages/django/utils/functional.py", line 57, in __get__
    res = instance.__dict__[self.name] = self.func(instance)
                                         ^^^^^^^^^^^^^^^^^^^
  File "/var/www/html/LivingArchiveOfAboriginalLanguages/env/lib/python3.11/site-packages/django/urls/resolvers.py", line 715, in url_patterns
    patterns = getattr(self.urlconf_module, "urlpatterns", self.urlconf_module)
                       ^^^^^^^^^^^^^^^^^^^
  File "/var/www/html/LivingArchiveOfAboriginalLanguages/env/lib/python3.11/site-packages/django/utils/functional.py", line 57, in __get__
    res = instance.__dict__[self.name] = self.func(instance)
                                         ^^^^^^^^^^^^^^^^^^^
  File "/var/www/html/LivingArchiveOfAboriginalLanguages/env/lib/python3.11/site-packages/django/urls/resolvers.py", line 708, in urlconf_module
    return import_module(self.urlconf_name)
           ^^^^^^^^^^^^^^^^^^^^^^^^^^^^^^^^
  File "/usr/lib/python3.11/importlib/__init__.py", line 126, in import_module
    return _bootstrap._gcd_import(name[level:], package, level)
           ^^^^^^^^^^^^^^^^^^^^^^^^^^^^^^^^^^^^^^^^^^^^^^^^^^^^
  File "<frozen importlib._bootstrap>", line 1204, in _gcd_import
  File "<frozen importlib._bootstrap>", line 1176, in _find_and_load
  File "<frozen importlib._bootstrap>", line 1147, in _find_and_load_unlocked
  File "<frozen importlib._bootstrap>", line 690, in _load_unlocked
  File "<frozen importlib._bootstrap_external>", line 940, in exec_module
  File "<frozen importlib._bootstrap>", line 241, in _call_with_frames_removed
  File "/var/www/html/LivingArchiveOfAboriginalLanguages/livingarchive/urls.py", line 9, in <module>
    from search import views as search_views
  File "/var/www/html/LivingArchiveOfAboriginalLanguages/search/views.py", line 4, in <module>
    from wagtail.core.models import Page
ModuleNotFoundError: No module named 'wagtail.core'

During handling of the above exception, another exception occurred:

Traceback (most recent call last):
  File "/var/www/html/LivingArchiveOfAboriginalLanguages/env/lib/python3.11/site-packages/django/core/handlers/wsgi.py", line 131, in __call__
    response = self.get_response(request)
               ^^^^^^^^^^^^^^^^^^^^^^^^^^
  File "/var/www/html/LivingArchiveOfAboriginalLanguages/env/lib/python3.11/site-packages/django/core/handlers/base.py", line 140, in get_response
    response = self._middleware_chain(request)
               ^^^^^^^^^^^^^^^^^^^^^^^^^^^^^^^
  File "/var/www/html/LivingArchiveOfAboriginalLanguages/env/lib/python3.11/site-packages/django/core/handlers/exception.py", line 58, in inner
    response = response_for_exception(request, exc)
               ^^^^^^^^^^^^^^^^^^^^^^^^^^^^^^^^^^^^
  File "/var/www/html/LivingArchiveOfAboriginalLanguages/env/lib/python3.11/site-packages/django/core/handlers/exception.py", line 141, in response_for_exception
    response = handle_uncaught_exception(
               ^^^^^^^^^^^^^^^^^^^^^^^^^^
  File "/var/www/html/LivingArchiveOfAboriginalLanguages/env/lib/python3.11/site-packages/django/core/handlers/exception.py", line 182, in handle_uncaught_exception
    return debug.technical_500_response(request, *exc_info)
           ^^^^^^^^^^^^^^^^^^^^^^^^^^^^^^^^^^^^^^^^^^^^^^^^
  File "/var/www/html/LivingArchiveOfAboriginalLanguages/env/lib/python3.11/site-packages/django/views/debug.py", line 66, in technical_500_response
    html = reporter.get_traceback_html()
           ^^^^^^^^^^^^^^^^^^^^^^^^^^^^^
  File "/var/www/html/LivingArchiveOfAboriginalLanguages/env/lib/python3.11/site-packages/django/views/debug.py", line 396, in get_traceback_html
    c = Context(self.get_traceback_data(), use_l10n=False)
                ^^^^^^^^^^^^^^^^^^^^^^^^^
  File "/var/www/html/LivingArchiveOfAboriginalLanguages/env/lib/python3.11/site-packages/django/views/debug.py", line 381, in get_traceback_data
    c["raising_view_name"] = get_caller(self.request)
                             ^^^^^^^^^^^^^^^^^^^^^^^^
  File "/var/www/html/LivingArchiveOfAboriginalLanguages/env/lib/python3.11/site-packages/django/views/debug.py", line 99, in get_caller
    resolver_match = resolve(request.path)
                     ^^^^^^^^^^^^^^^^^^^^^
  File "/var/www/html/LivingArchiveOfAboriginalLanguages/env/lib/python3.11/site-packages/django/urls/base.py", line 24, in resolve
    return get_resolver(urlconf).resolve(path)
           ^^^^^^^^^^^^^^^^^^^^^^^^^^^^^^^^^^^
  File "/var/www/html/LivingArchiveOfAboriginalLanguages/env/lib/python3.11/site-packages/django/urls/resolvers.py", line 663, in resolve
    for pattern in self.url_patterns:
                   ^^^^^^^^^^^^^^^^^
  File "/var/www/html/LivingArchiveOfAboriginalLanguages/env/lib/python3.11/site-packages/django/utils/functional.py", line 57, in __get__
    res = instance.__dict__[self.name] = self.func(instance)
                                         ^^^^^^^^^^^^^^^^^^^
  File "/var/www/html/LivingArchiveOfAboriginalLanguages/env/lib/python3.11/site-packages/django/urls/resolvers.py", line 715, in url_patterns
    patterns = getattr(self.urlconf_module, "urlpatterns", self.urlconf_module)
                       ^^^^^^^^^^^^^^^^^^^
  File "/var/www/html/LivingArchiveOfAboriginalLanguages/env/lib/python3.11/site-packages/django/utils/functional.py", line 57, in __get__
    res = instance.__dict__[self.name] = self.func(instance)
                                         ^^^^^^^^^^^^^^^^^^^
  File "/var/www/html/LivingArchiveOfAboriginalLanguages/env/lib/python3.11/site-packages/django/urls/resolvers.py", line 708, in urlconf_module
    return import_module(self.urlconf_name)
           ^^^^^^^^^^^^^^^^^^^^^^^^^^^^^^^^
  File "/usr/lib/python3.11/importlib/__init__.py", line 126, in import_module
    return _bootstrap._gcd_import(name[level:], package, level)
           ^^^^^^^^^^^^^^^^^^^^^^^^^^^^^^^^^^^^^^^^^^^^^^^^^^^^
  File "<frozen importlib._bootstrap>", line 1204, in _gcd_import
  File "<frozen importlib._bootstrap>", line 1176, in _find_and_load
  File "<frozen importlib._bootstrap>", line 1147, in _find_and_load_unlocked
  File "<frozen importlib._bootstrap>", line 690, in _load_unlocked
  File "<frozen importlib._bootstrap_external>", line 940, in exec_module
  File "<frozen importlib._bootstrap>", line 241, in _call_with_frames_removed
  File "/var/www/html/LivingArchiveOfAboriginalLanguages/livingarchive/urls.py", line 9, in <module>
    from search import views as search_views
  File "/var/www/html/LivingArchiveOfAboriginalLanguages/search/views.py", line 4, in <module>
    from wagtail.core.models import Page
ModuleNotFoundError: No module named 'wagtail.core'
[pid: 2638327|app: 0|req: 2/2] 150.203.2.65 () {56 vars in 1009 bytes} [Tue Nov  7 21:17:59 2023] GET /favicon.ico => generated 0 bytes in 121 msecs (HTTP/1.1 500) 0 headers in 0 bytes (0 switches on core 0)
SIGINT/SIGTERM received...killing workers...
worker 1 buried after 1 seconds
goodbye to uWSGI.
*** Starting uWSGI 2.0.23 (64bit) on [Tue Nov  7 21:18:39 2023] ***
compiled with version: 9.4.0 on 05 November 2023 01:15:10
os: Linux-5.4.0-136-generic #153-Ubuntu SMP Thu Nov 24 15:56:58 UTC 2022
nodename: studentlearn1
machine: x86_64
clock source: unix
pcre jit disabled
detected number of CPU cores: 4
current working directory: /var/www/html/LivingArchiveOfAboriginalLanguages
detected binary path: /var/www/html/LivingArchiveOfAboriginalLanguages/env/bin/uwsgi
setuid() to 8
chdir() to ./
your processes number limit is 31476
your memory page size is 4096 bytes
detected max file descriptor number: 1024
lock engine: pthread robust mutexes
thunder lock: disabled (you can enable it with --thunder-lock)
uwsgi socket 0 bound to TCP address 127.0.0.1:8006 fd 3
Python version: 3.11.5 (main, Aug 25 2023, 13:19:53) [GCC 9.4.0]
*** Python threads support is disabled. You can enable it with --enable-threads ***
Python main interpreter initialized at 0x7f9f2e0a4478
your server socket listen backlog is limited to 100 connections
your mercy for graceful operations on workers is 60 seconds
mapped 145840 bytes (142 KB) for 1 cores
*** Operational MODE: single process ***
Traceback (most recent call last):
  File "/var/www/html/LivingArchiveOfAboriginalLanguages/env/lib/python3.11/site-packages/django/core/handlers/wsgi.py", line 125, in __init__
    self.load_middleware()
  File "/var/www/html/LivingArchiveOfAboriginalLanguages/env/lib/python3.11/site-packages/django/core/handlers/base.py", line 40, in load_middleware
    middleware = import_string(middleware_path)
                 ^^^^^^^^^^^^^^^^^^^^^^^^^^^^^^
  File "/var/www/html/LivingArchiveOfAboriginalLanguages/env/lib/python3.11/site-packages/django/utils/module_loading.py", line 30, in import_string
    return cached_import(module_path, class_name)
           ^^^^^^^^^^^^^^^^^^^^^^^^^^^^^^^^^^^^^^
  File "/var/www/html/LivingArchiveOfAboriginalLanguages/env/lib/python3.11/site-packages/django/utils/module_loading.py", line 15, in cached_import
    module = import_module(module_path)
             ^^^^^^^^^^^^^^^^^^^^^^^^^^
  File "/usr/lib/python3.11/importlib/__init__.py", line 126, in import_module
    return _bootstrap._gcd_import(name[level:], package, level)
           ^^^^^^^^^^^^^^^^^^^^^^^^^^^^^^^^^^^^^^^^^^^^^^^^^^^^
  File "<frozen importlib._bootstrap>", line 1204, in _gcd_import
  File "<frozen importlib._bootstrap>", line 1176, in _find_and_load
  File "<frozen importlib._bootstrap>", line 1147, in _find_and_load_unlocked
  File "<frozen importlib._bootstrap>", line 690, in _load_unlocked
  File "<frozen importlib._bootstrap_external>", line 940, in exec_module
  File "<frozen importlib._bootstrap>", line 241, in _call_with_frames_removed
  File "/var/www/html/LivingArchiveOfAboriginalLanguages/env/lib/python3.11/site-packages/wagtail/contrib/redirects/middleware.py", line 7, in <module>
    from wagtail.contrib.redirects import models
  File "/var/www/html/LivingArchiveOfAboriginalLanguages/env/lib/python3.11/site-packages/wagtail/contrib/redirects/models.py", line 7, in <module>
    from wagtail.models import Page
  File "/var/www/html/LivingArchiveOfAboriginalLanguages/env/lib/python3.11/site-packages/wagtail/models/__init__.py", line 22, in <module>
    from django.contrib.auth.models import Group, Permission
  File "/var/www/html/LivingArchiveOfAboriginalLanguages/env/lib/python3.11/site-packages/django/contrib/auth/models.py", line 3, in <module>
    from django.contrib.auth.base_user import AbstractBaseUser, BaseUserManager
  File "/var/www/html/LivingArchiveOfAboriginalLanguages/env/lib/python3.11/site-packages/django/contrib/auth/base_user.py", line 50, in <module>
    class AbstractBaseUser(models.Model):
  File "/var/www/html/LivingArchiveOfAboriginalLanguages/env/lib/python3.11/site-packages/django/db/models/base.py", line 127, in __new__
    app_config = apps.get_containing_app_config(module)
                 ^^^^^^^^^^^^^^^^^^^^^^^^^^^^^^^^^^^^^^
  File "/var/www/html/LivingArchiveOfAboriginalLanguages/env/lib/python3.11/site-packages/django/apps/registry.py", line 260, in get_containing_app_config
    self.check_apps_ready()
  File "/var/www/html/LivingArchiveOfAboriginalLanguages/env/lib/python3.11/site-packages/django/apps/registry.py", line 138, in check_apps_ready
    raise AppRegistryNotReady("Apps aren't loaded yet.")
django.core.exceptions.AppRegistryNotReady: Apps aren't loaded yet.
unable to load app 0 (mountpoint='') (callable not found or import error)
Warning: DEFAULT_PDF_VIEW_PROVIDER unspecified.Make sure you have either django-weasyprint or django-tex installed, or provide a default.
/var/www/html/LivingArchiveOfAboriginalLanguages/env/lib/python3.11/site-packages/wagtail/search/index.py:301: RemovedInWagtail60Warning: The partial_match option on SearchField has no effect and will be removed. Use AutocompleteField instead
  warn(
/var/www/html/LivingArchiveOfAboriginalLanguages/env/lib/python3.11/site-packages/wagtail/contrib/modeladmin/apps.py:15: RemovedInWagtail60Warning: wagtail.contrib.modeladmin is deprecated. Use wagtail.snippets or the separate wagtail-modeladmin package instead.
  warn(
WSGI app 0 (mountpoint='') ready in 3 seconds on interpreter 0x7f9f2e0a4478 pid: 2638336 (default app)
*** uWSGI is running in multiple interpreter mode ***
spawned uWSGI master process (pid: 2638336)
spawned uWSGI worker 1 (pid: 2638337, cores: 1)
[pid: 2638337|app: 0|req: 1/1] 150.203.2.65 () {60 vars in 1104 bytes} [Tue Nov  7 21:18:45 2023] GET / => generated 26252 bytes in 1601 msecs (HTTP/1.1 200) 8 headers in 365 bytes (1 switches on core 0)
[pid: 2638337|app: 0|req: 2/2] 150.203.2.65 () {56 vars in 1012 bytes} [Tue Nov  7 21:18:47 2023] GET /livingarchive/static/css/styles.css => generated 221106 bytes in 2 msecs via sendfile() (HTTP/1.1 200) 8 headers in 298 bytes (0 switches on core 0)
[pid: 2638337|app: 0|req: 3/3] 150.203.2.65 () {56 vars in 1017 bytes} [Tue Nov  7 21:18:47 2023] GET /livingarchive/static/css/home_page.css => generated 772 bytes in 1 msecs via sendfile() (HTTP/1.1 200) 8 headers in 298 bytes (0 switches on core 0)
[pid: 2638337|app: 0|req: 4/4] 150.203.2.65 () {56 vars in 1109 bytes} [Tue Nov  7 21:18:48 2023] GET /livingarchive/static/assets/img/banner1.jpg => generated 41265 bytes in 2 msecs via sendfile() (HTTP/1.1 200) 8 headers in 300 bytes (0 switches on core 0)
[pid: 2638337|app: 0|req: 5/5] 150.203.2.65 () {56 vars in 1074 bytes} [Tue Nov  7 21:18:48 2023] GET /livingarchive/static/assets/img/overlay.png => generated 45723 bytes in 2 msecs via sendfile() (HTTP/1.1 200) 8 headers in 299 bytes (0 switches on core 0)
[pid: 2638337|app: 0|req: 6/6] 150.203.2.65 () {56 vars in 996 bytes} [Tue Nov  7 21:18:48 2023] GET /livingarchive/static/js/scripts.js => generated 1860 bytes in 1 msecs via sendfile() (HTTP/1.1 200) 8 headers in 310 bytes (0 switches on core 0)
[pid: 2638337|app: 0|req: 7/7] 150.203.2.65 () {56 vars in 1072 bytes} [Tue Nov  7 21:18:48 2023] GET /livingarchive/static/assets/img/team/1.jpg => generated 41361 bytes in 1 msecs via sendfile() (HTTP/1.1 200) 8 headers in 294 bytes (0 switches on core 0)
[pid: 2638337|app: 0|req: 8/8] 150.203.2.65 () {56 vars in 1078 bytes} [Tue Nov  7 21:18:48 2023] GET /livingarchive/static/assets/img/logos/cdu.png => generated 8575 bytes in 1 msecs via sendfile() (HTTP/1.1 200) 8 headers in 294 bytes (0 switches on core 0)
[pid: 2638337|app: 0|req: 9/9] 150.203.2.65 () {56 vars in 1113 bytes} [Tue Nov  7 21:18:48 2023] GET /livingarchive/static/assets/img/map-image.png => generated 364038 bytes in 1 msecs via sendfile() (HTTP/1.1 200) 8 headers in 302 bytes (0 switches on core 0)
[pid: 2638337|app: 0|req: 10/10] 150.203.2.65 () {56 vars in 1066 bytes} [Tue Nov  7 21:18:49 2023] GET /livingarchive/static/assets/favicon.ico => generated 2238 bytes in 2 msecs via sendfile() (HTTP/1.1 200) 8 headers in 313 bytes (0 switches on core 0)
SIGINT/SIGTERM received...killing workers...
worker 1 buried after 1 seconds
goodbye to uWSGI.
*** Starting uWSGI 2.0.23 (64bit) on [Tue Nov  7 21:36:03 2023] ***
compiled with version: 9.4.0 on 05 November 2023 01:15:10
os: Linux-5.4.0-136-generic #153-Ubuntu SMP Thu Nov 24 15:56:58 UTC 2022
nodename: studentlearn1
machine: x86_64
clock source: unix
pcre jit disabled
detected number of CPU cores: 4
current working directory: /var/www/html/LivingArchiveOfAboriginalLanguages
detected binary path: /var/www/html/LivingArchiveOfAboriginalLanguages/env/bin/uwsgi
setuid() to 8
chdir() to ./
your processes number limit is 31476
your memory page size is 4096 bytes
detected max file descriptor number: 1024
lock engine: pthread robust mutexes
thunder lock: disabled (you can enable it with --thunder-lock)
uwsgi socket 0 bound to TCP address 127.0.0.1:8006 fd 3
Python version: 3.11.5 (main, Aug 25 2023, 13:19:53) [GCC 9.4.0]
*** Python threads support is disabled. You can enable it with --enable-threads ***
Python main interpreter initialized at 0x7fec7dfa6478
your server socket listen backlog is limited to 100 connections
your mercy for graceful operations on workers is 60 seconds
mapped 145840 bytes (142 KB) for 1 cores
*** Operational MODE: single process ***
Traceback (most recent call last):
  File "/var/www/html/LivingArchiveOfAboriginalLanguages/env/lib/python3.11/site-packages/django/core/handlers/wsgi.py", line 125, in __init__
    self.load_middleware()
  File "/var/www/html/LivingArchiveOfAboriginalLanguages/env/lib/python3.11/site-packages/django/core/handlers/base.py", line 40, in load_middleware
    middleware = import_string(middleware_path)
                 ^^^^^^^^^^^^^^^^^^^^^^^^^^^^^^
  File "/var/www/html/LivingArchiveOfAboriginalLanguages/env/lib/python3.11/site-packages/django/utils/module_loading.py", line 30, in import_string
    return cached_import(module_path, class_name)
           ^^^^^^^^^^^^^^^^^^^^^^^^^^^^^^^^^^^^^^
  File "/var/www/html/LivingArchiveOfAboriginalLanguages/env/lib/python3.11/site-packages/django/utils/module_loading.py", line 15, in cached_import
    module = import_module(module_path)
             ^^^^^^^^^^^^^^^^^^^^^^^^^^
  File "/usr/lib/python3.11/importlib/__init__.py", line 126, in import_module
    return _bootstrap._gcd_import(name[level:], package, level)
           ^^^^^^^^^^^^^^^^^^^^^^^^^^^^^^^^^^^^^^^^^^^^^^^^^^^^
  File "<frozen importlib._bootstrap>", line 1204, in _gcd_import
  File "<frozen importlib._bootstrap>", line 1176, in _find_and_load
  File "<frozen importlib._bootstrap>", line 1147, in _find_and_load_unlocked
  File "<frozen importlib._bootstrap>", line 690, in _load_unlocked
  File "<frozen importlib._bootstrap_external>", line 940, in exec_module
  File "<frozen importlib._bootstrap>", line 241, in _call_with_frames_removed
  File "/var/www/html/LivingArchiveOfAboriginalLanguages/env/lib/python3.11/site-packages/wagtail/contrib/redirects/middleware.py", line 7, in <module>
    from wagtail.contrib.redirects import models
  File "/var/www/html/LivingArchiveOfAboriginalLanguages/env/lib/python3.11/site-packages/wagtail/contrib/redirects/models.py", line 7, in <module>
    from wagtail.models import Page
  File "/var/www/html/LivingArchiveOfAboriginalLanguages/env/lib/python3.11/site-packages/wagtail/models/__init__.py", line 22, in <module>
    from django.contrib.auth.models import Group, Permission
  File "/var/www/html/LivingArchiveOfAboriginalLanguages/env/lib/python3.11/site-packages/django/contrib/auth/models.py", line 3, in <module>
    from django.contrib.auth.base_user import AbstractBaseUser, BaseUserManager
  File "/var/www/html/LivingArchiveOfAboriginalLanguages/env/lib/python3.11/site-packages/django/contrib/auth/base_user.py", line 50, in <module>
    class AbstractBaseUser(models.Model):
  File "/var/www/html/LivingArchiveOfAboriginalLanguages/env/lib/python3.11/site-packages/django/db/models/base.py", line 127, in __new__
    app_config = apps.get_containing_app_config(module)
                 ^^^^^^^^^^^^^^^^^^^^^^^^^^^^^^^^^^^^^^
  File "/var/www/html/LivingArchiveOfAboriginalLanguages/env/lib/python3.11/site-packages/django/apps/registry.py", line 260, in get_containing_app_config
    self.check_apps_ready()
  File "/var/www/html/LivingArchiveOfAboriginalLanguages/env/lib/python3.11/site-packages/django/apps/registry.py", line 138, in check_apps_ready
    raise AppRegistryNotReady("Apps aren't loaded yet.")
django.core.exceptions.AppRegistryNotReady: Apps aren't loaded yet.
unable to load app 0 (mountpoint='') (callable not found or import error)
Warning: DEFAULT_PDF_VIEW_PROVIDER unspecified.Make sure you have either django-weasyprint or django-tex installed, or provide a default.
/var/www/html/LivingArchiveOfAboriginalLanguages/env/lib/python3.11/site-packages/wagtail/search/index.py:301: RemovedInWagtail60Warning: The partial_match option on SearchField has no effect and will be removed. Use AutocompleteField instead
  warn(
/var/www/html/LivingArchiveOfAboriginalLanguages/env/lib/python3.11/site-packages/wagtail/contrib/modeladmin/apps.py:15: RemovedInWagtail60Warning: wagtail.contrib.modeladmin is deprecated. Use wagtail.snippets or the separate wagtail-modeladmin package instead.
  warn(
WSGI app 0 (mountpoint='') ready in 2 seconds on interpreter 0x7fec7dfa6478 pid: 2638572 (default app)
*** uWSGI is running in multiple interpreter mode ***
spawned uWSGI master process (pid: 2638572)
spawned uWSGI worker 1 (pid: 2638574, cores: 1)
[pid: 2638574|app: 0|req: 1/1] 150.203.2.65 () {60 vars in 1116 bytes} [Tue Nov  7 21:36:10 2023] GET /login/ => generated 4873 bytes in 1583 msecs (HTTP/1.1 200) 8 headers in 364 bytes (1 switches on core 0)
[pid: 2638574|app: 0|req: 2/2] 150.203.2.65 () {68 vars in 1330 bytes} [Tue Nov  7 21:36:22 2023] POST /login/ => generated 0 bytes in 749 msecs (HTTP/1.1 302) 11 headers in 715 bytes (1 switches on core 0)
[pid: 2638574|app: 0|req: 3/3] 150.203.2.65 () {62 vars in 1352 bytes} [Tue Nov  7 21:36:23 2023] GET / => generated 26387 bytes in 60 msecs (HTTP/1.1 200) 8 headers in 365 bytes (1 switches on core 0)
[pid: 2638574|app: 0|req: 4/4] 150.203.2.65 () {60 vars in 1324 bytes} [Tue Nov  7 21:37:05 2023] GET /admin => generated 0 bytes in 1 msecs (HTTP/1.1 301) 3 headers in 112 bytes (1 switches on core 0)
[pid: 2638574|app: 0|req: 5/5] 150.203.2.65 () {60 vars in 1326 bytes} [Tue Nov  7 21:37:05 2023] GET /admin/ => generated 162944 bytes in 78 msecs (HTTP/1.1 500) 7 headers in 249 bytes (1 switches on core 0)
[pid: 2638574|app: 0|req: 6/6] 150.203.2.65 () {56 vars in 1207 bytes} [Tue Nov  7 21:37:06 2023] GET /favicon.ico => generated 7821 bytes in 21 msecs (HTTP/1.1 404) 6 headers in 221 bytes (1 switches on core 0)
*** Starting uWSGI 2.0.23 (64bit) on [Tue Nov  7 21:42:48 2023] ***
compiled with version: 9.4.0 on 07 November 2023 21:42:00
os: Linux-5.4.0-136-generic #153-Ubuntu SMP Thu Nov 24 15:56:58 UTC 2022
nodename: studentlearn1
machine: x86_64
clock source: unix
pcre jit disabled
detected number of CPU cores: 4
current working directory: /var/www/html/LivingArchiveOfAboriginalLanguages
detected binary path: /var/www/html/LivingArchiveOfAboriginalLanguages/env/bin/uwsgi
setuid() to 8
chdir() to ./
your processes number limit is 31476
your memory page size is 4096 bytes
detected max file descriptor number: 1024
lock engine: pthread robust mutexes
thunder lock: disabled (you can enable it with --thunder-lock)
probably another instance of uWSGI is running on the same address (127.0.0.1:8006).
bind(): Address already in use [core/socket.c line 769]
*** Starting uWSGI 2.0.23 (64bit) on [Tue Nov  7 21:43:11 2023] ***
compiled with version: 9.4.0 on 07 November 2023 21:42:00
os: Linux-5.4.0-136-generic #153-Ubuntu SMP Thu Nov 24 15:56:58 UTC 2022
nodename: studentlearn1
machine: x86_64
clock source: unix
pcre jit disabled
detected number of CPU cores: 4
current working directory: /var/www/html/LivingArchiveOfAboriginalLanguages
detected binary path: /var/www/html/LivingArchiveOfAboriginalLanguages/env/bin/uwsgi
setuid() to 8
chdir() to ./
your processes number limit is 31476
your memory page size is 4096 bytes
detected max file descriptor number: 1024
lock engine: pthread robust mutexes
thunder lock: disabled (you can enable it with --thunder-lock)
probably another instance of uWSGI is running on the same address (127.0.0.1:8006).
bind(): Address already in use [core/socket.c line 769]
[pid: 2638574|app: 0|req: 7/7] 150.203.2.65 () {60 vars in 1308 bytes} [Tue Nov  7 21:43:18 2023] GET /admin/ => generated 162926 bytes in 84 msecs (HTTP/1.1 500) 7 headers in 249 bytes (1 switches on core 0)
[pid: 2638574|app: 0|req: 8/8] 150.203.2.65 () {58 vars in 1265 bytes} [Tue Nov  7 21:43:22 2023] GET / => generated 26387 bytes in 36 msecs (HTTP/1.1 200) 8 headers in 365 bytes (1 switches on core 0)
Tue Nov  7 21:43:48 2023 - uWSGI worker 1 screams: UAAAAAAH my master disconnected: i will kill myself !!!
*** Starting uWSGI 2.0.23 (64bit) on [Tue Nov  7 21:43:51 2023] ***
compiled with version: 9.4.0 on 07 November 2023 21:42:00
os: Linux-5.4.0-136-generic #153-Ubuntu SMP Thu Nov 24 15:56:58 UTC 2022
nodename: studentlearn1
machine: x86_64
clock source: unix
pcre jit disabled
detected number of CPU cores: 4
current working directory: /var/www/html/LivingArchiveOfAboriginalLanguages
detected binary path: /var/www/html/LivingArchiveOfAboriginalLanguages/env/bin/uwsgi
setuid() to 8
chdir() to ./
your processes number limit is 31476
your memory page size is 4096 bytes
detected max file descriptor number: 1024
lock engine: pthread robust mutexes
thunder lock: disabled (you can enable it with --thunder-lock)
uwsgi socket 0 bound to TCP address 127.0.0.1:8006 fd 3
Python version: 3.11.5 (main, Aug 25 2023, 13:19:53) [GCC 9.4.0]
*** Python threads support is disabled. You can enable it with --enable-threads ***
Python main interpreter initialized at 0x7f0a1c29a478
your server socket listen backlog is limited to 100 connections
your mercy for graceful operations on workers is 60 seconds
mapped 145840 bytes (142 KB) for 1 cores
*** Operational MODE: single process ***
Traceback (most recent call last):
  File "/var/www/html/LivingArchiveOfAboriginalLanguages/env/lib/python3.11/site-packages/django/core/handlers/wsgi.py", line 125, in __init__
    self.load_middleware()
  File "/var/www/html/LivingArchiveOfAboriginalLanguages/env/lib/python3.11/site-packages/django/core/handlers/base.py", line 40, in load_middleware
    middleware = import_string(middleware_path)
                 ^^^^^^^^^^^^^^^^^^^^^^^^^^^^^^
  File "/var/www/html/LivingArchiveOfAboriginalLanguages/env/lib/python3.11/site-packages/django/utils/module_loading.py", line 30, in import_string
    return cached_import(module_path, class_name)
           ^^^^^^^^^^^^^^^^^^^^^^^^^^^^^^^^^^^^^^
  File "/var/www/html/LivingArchiveOfAboriginalLanguages/env/lib/python3.11/site-packages/django/utils/module_loading.py", line 15, in cached_import
    module = import_module(module_path)
             ^^^^^^^^^^^^^^^^^^^^^^^^^^
  File "/usr/lib/python3.11/importlib/__init__.py", line 126, in import_module
    return _bootstrap._gcd_import(name[level:], package, level)
           ^^^^^^^^^^^^^^^^^^^^^^^^^^^^^^^^^^^^^^^^^^^^^^^^^^^^
  File "<frozen importlib._bootstrap>", line 1204, in _gcd_import
  File "<frozen importlib._bootstrap>", line 1176, in _find_and_load
  File "<frozen importlib._bootstrap>", line 1147, in _find_and_load_unlocked
  File "<frozen importlib._bootstrap>", line 690, in _load_unlocked
  File "<frozen importlib._bootstrap_external>", line 940, in exec_module
  File "<frozen importlib._bootstrap>", line 241, in _call_with_frames_removed
  File "/var/www/html/LivingArchiveOfAboriginalLanguages/env/lib/python3.11/site-packages/wagtail/contrib/redirects/middleware.py", line 7, in <module>
    from wagtail.contrib.redirects import models
  File "/var/www/html/LivingArchiveOfAboriginalLanguages/env/lib/python3.11/site-packages/wagtail/contrib/redirects/models.py", line 7, in <module>
    from wagtail.models import Page
  File "/var/www/html/LivingArchiveOfAboriginalLanguages/env/lib/python3.11/site-packages/wagtail/models/__init__.py", line 22, in <module>
    from django.contrib.auth.models import Group, Permission
  File "/var/www/html/LivingArchiveOfAboriginalLanguages/env/lib/python3.11/site-packages/django/contrib/auth/models.py", line 3, in <module>
    from django.contrib.auth.base_user import AbstractBaseUser, BaseUserManager
  File "/var/www/html/LivingArchiveOfAboriginalLanguages/env/lib/python3.11/site-packages/django/contrib/auth/base_user.py", line 50, in <module>
    class AbstractBaseUser(models.Model):
  File "/var/www/html/LivingArchiveOfAboriginalLanguages/env/lib/python3.11/site-packages/django/db/models/base.py", line 127, in __new__
    app_config = apps.get_containing_app_config(module)
                 ^^^^^^^^^^^^^^^^^^^^^^^^^^^^^^^^^^^^^^
  File "/var/www/html/LivingArchiveOfAboriginalLanguages/env/lib/python3.11/site-packages/django/apps/registry.py", line 260, in get_containing_app_config
    self.check_apps_ready()
  File "/var/www/html/LivingArchiveOfAboriginalLanguages/env/lib/python3.11/site-packages/django/apps/registry.py", line 138, in check_apps_ready
    raise AppRegistryNotReady("Apps aren't loaded yet.")
django.core.exceptions.AppRegistryNotReady: Apps aren't loaded yet.
unable to load app 0 (mountpoint='') (callable not found or import error)
Traceback (most recent call last):
  File "./livingarchive/wsgi.py", line 16, in <module>
    application = get_wsgi_application()
                  ^^^^^^^^^^^^^^^^^^^^^^
  File "/var/www/html/LivingArchiveOfAboriginalLanguages/env/lib/python3.11/site-packages/django/core/wsgi.py", line 12, in get_wsgi_application
    django.setup(set_prefix=False)
  File "/var/www/html/LivingArchiveOfAboriginalLanguages/env/lib/python3.11/site-packages/django/__init__.py", line 24, in setup
    apps.populate(settings.INSTALLED_APPS)
  File "/var/www/html/LivingArchiveOfAboriginalLanguages/env/lib/python3.11/site-packages/django/apps/registry.py", line 116, in populate
    app_config.import_models()
  File "/var/www/html/LivingArchiveOfAboriginalLanguages/env/lib/python3.11/site-packages/django/apps/config.py", line 269, in import_models
    self.models_module = import_module(models_module_name)
                         ^^^^^^^^^^^^^^^^^^^^^^^^^^^^^^^^^
  File "/usr/lib/python3.11/importlib/__init__.py", line 126, in import_module
    return _bootstrap._gcd_import(name[level:], package, level)
           ^^^^^^^^^^^^^^^^^^^^^^^^^^^^^^^^^^^^^^^^^^^^^^^^^^^^
  File "<frozen importlib._bootstrap>", line 1204, in _gcd_import
  File "<frozen importlib._bootstrap>", line 1176, in _find_and_load
  File "<frozen importlib._bootstrap>", line 1147, in _find_and_load_unlocked
  File "<frozen importlib._bootstrap>", line 690, in _load_unlocked
  File "<frozen importlib._bootstrap_external>", line 940, in exec_module
  File "<frozen importlib._bootstrap>", line 241, in _call_with_frames_removed
  File "/var/www/html/LivingArchiveOfAboriginalLanguages/home/models.py", line 5, in <module>
    from blog.models import BlogDetailPage
  File "/var/www/html/LivingArchiveOfAboriginalLanguages/blog/models.py", line 21, in <module>
    from wagtail_pdf_view.mixins import PdfViewPageMixin
  File "/var/www/html/LivingArchiveOfAboriginalLanguages/env/lib/python3.11/site-packages/wagtail_pdf_view/mixins.py", line 19, in <module>
    from wagtail.core.models import Page
ModuleNotFoundError: No module named 'wagtail.core'
unable to load app 0 (mountpoint='') (callable not found or import error)
*** no app loaded. going in full dynamic mode ***
*** uWSGI is running in multiple interpreter mode ***
spawned uWSGI master process (pid: 2639594)
spawned uWSGI worker 1 (pid: 2639595, cores: 1)
--- no python application found, check your startup logs for errors ---
[pid: 2639595|app: -1|req: -1/1] 150.203.2.65 () {60 vars in 1296 bytes} [Tue Nov  7 21:43:57 2023] GET / => generated 21 bytes in 0 msecs (HTTP/1.1 500) 2 headers in 83 bytes (0 switches on core 0)
SIGINT/SIGTERM received...killing workers...
worker 1 buried after 1 seconds
goodbye to uWSGI.
*** Starting uWSGI 2.0.23 (64bit) on [Tue Nov  7 21:45:02 2023] ***
compiled with version: 9.4.0 on 07 November 2023 21:42:00
os: Linux-5.4.0-136-generic #153-Ubuntu SMP Thu Nov 24 15:56:58 UTC 2022
nodename: studentlearn1
machine: x86_64
clock source: unix
pcre jit disabled
detected number of CPU cores: 4
current working directory: /var/www/html/LivingArchiveOfAboriginalLanguages
detected binary path: /var/www/html/LivingArchiveOfAboriginalLanguages/env/bin/uwsgi
setuid() to 8
chdir() to ./
your processes number limit is 31476
your memory page size is 4096 bytes
detected max file descriptor number: 1024
lock engine: pthread robust mutexes
thunder lock: disabled (you can enable it with --thunder-lock)
uwsgi socket 0 bound to TCP address 127.0.0.1:8006 fd 3
Python version: 3.11.5 (main, Aug 25 2023, 13:19:53) [GCC 9.4.0]
*** Python threads support is disabled. You can enable it with --enable-threads ***
Python main interpreter initialized at 0x7fa251785478
your server socket listen backlog is limited to 100 connections
your mercy for graceful operations on workers is 60 seconds
mapped 145840 bytes (142 KB) for 1 cores
*** Operational MODE: single process ***
Traceback (most recent call last):
  File "/var/www/html/LivingArchiveOfAboriginalLanguages/env/lib/python3.11/site-packages/django/core/handlers/wsgi.py", line 125, in __init__
    self.load_middleware()
  File "/var/www/html/LivingArchiveOfAboriginalLanguages/env/lib/python3.11/site-packages/django/core/handlers/base.py", line 40, in load_middleware
    middleware = import_string(middleware_path)
                 ^^^^^^^^^^^^^^^^^^^^^^^^^^^^^^
  File "/var/www/html/LivingArchiveOfAboriginalLanguages/env/lib/python3.11/site-packages/django/utils/module_loading.py", line 30, in import_string
    return cached_import(module_path, class_name)
           ^^^^^^^^^^^^^^^^^^^^^^^^^^^^^^^^^^^^^^
  File "/var/www/html/LivingArchiveOfAboriginalLanguages/env/lib/python3.11/site-packages/django/utils/module_loading.py", line 15, in cached_import
    module = import_module(module_path)
             ^^^^^^^^^^^^^^^^^^^^^^^^^^
  File "/usr/lib/python3.11/importlib/__init__.py", line 126, in import_module
    return _bootstrap._gcd_import(name[level:], package, level)
           ^^^^^^^^^^^^^^^^^^^^^^^^^^^^^^^^^^^^^^^^^^^^^^^^^^^^
  File "<frozen importlib._bootstrap>", line 1204, in _gcd_import
  File "<frozen importlib._bootstrap>", line 1176, in _find_and_load
  File "<frozen importlib._bootstrap>", line 1147, in _find_and_load_unlocked
  File "<frozen importlib._bootstrap>", line 690, in _load_unlocked
  File "<frozen importlib._bootstrap_external>", line 940, in exec_module
  File "<frozen importlib._bootstrap>", line 241, in _call_with_frames_removed
  File "/var/www/html/LivingArchiveOfAboriginalLanguages/env/lib/python3.11/site-packages/wagtail/contrib/redirects/middleware.py", line 7, in <module>
    from wagtail.contrib.redirects import models
  File "/var/www/html/LivingArchiveOfAboriginalLanguages/env/lib/python3.11/site-packages/wagtail/contrib/redirects/models.py", line 7, in <module>
    from wagtail.models import Page
  File "/var/www/html/LivingArchiveOfAboriginalLanguages/env/lib/python3.11/site-packages/wagtail/models/__init__.py", line 22, in <module>
    from django.contrib.auth.models import Group, Permission
  File "/var/www/html/LivingArchiveOfAboriginalLanguages/env/lib/python3.11/site-packages/django/contrib/auth/models.py", line 3, in <module>
    from django.contrib.auth.base_user import AbstractBaseUser, BaseUserManager
  File "/var/www/html/LivingArchiveOfAboriginalLanguages/env/lib/python3.11/site-packages/django/contrib/auth/base_user.py", line 50, in <module>
    class AbstractBaseUser(models.Model):
  File "/var/www/html/LivingArchiveOfAboriginalLanguages/env/lib/python3.11/site-packages/django/db/models/base.py", line 127, in __new__
    app_config = apps.get_containing_app_config(module)
                 ^^^^^^^^^^^^^^^^^^^^^^^^^^^^^^^^^^^^^^
  File "/var/www/html/LivingArchiveOfAboriginalLanguages/env/lib/python3.11/site-packages/django/apps/registry.py", line 260, in get_containing_app_config
    self.check_apps_ready()
  File "/var/www/html/LivingArchiveOfAboriginalLanguages/env/lib/python3.11/site-packages/django/apps/registry.py", line 138, in check_apps_ready
    raise AppRegistryNotReady("Apps aren't loaded yet.")
django.core.exceptions.AppRegistryNotReady: Apps aren't loaded yet.
unable to load app 0 (mountpoint='') (callable not found or import error)
Warning: DEFAULT_PDF_VIEW_PROVIDER unspecified.Make sure you have either django-weasyprint or django-tex installed, or provide a default.
Traceback (most recent call last):
  File "./livingarchive/wsgi.py", line 16, in <module>
    application = get_wsgi_application()
                  ^^^^^^^^^^^^^^^^^^^^^^
  File "/var/www/html/LivingArchiveOfAboriginalLanguages/env/lib/python3.11/site-packages/django/core/wsgi.py", line 12, in get_wsgi_application
    django.setup(set_prefix=False)
  File "/var/www/html/LivingArchiveOfAboriginalLanguages/env/lib/python3.11/site-packages/django/__init__.py", line 24, in setup
    apps.populate(settings.INSTALLED_APPS)
  File "/var/www/html/LivingArchiveOfAboriginalLanguages/env/lib/python3.11/site-packages/django/apps/registry.py", line 116, in populate
    app_config.import_models()
  File "/var/www/html/LivingArchiveOfAboriginalLanguages/env/lib/python3.11/site-packages/django/apps/config.py", line 269, in import_models
    self.models_module = import_module(models_module_name)
                         ^^^^^^^^^^^^^^^^^^^^^^^^^^^^^^^^^
  File "/usr/lib/python3.11/importlib/__init__.py", line 126, in import_module
    return _bootstrap._gcd_import(name[level:], package, level)
           ^^^^^^^^^^^^^^^^^^^^^^^^^^^^^^^^^^^^^^^^^^^^^^^^^^^^
  File "<frozen importlib._bootstrap>", line 1204, in _gcd_import
  File "<frozen importlib._bootstrap>", line 1176, in _find_and_load
  File "<frozen importlib._bootstrap>", line 1147, in _find_and_load_unlocked
  File "<frozen importlib._bootstrap>", line 690, in _load_unlocked
  File "<frozen importlib._bootstrap_external>", line 940, in exec_module
  File "<frozen importlib._bootstrap>", line 241, in _call_with_frames_removed
  File "/var/www/html/LivingArchiveOfAboriginalLanguages/home/models.py", line 5, in <module>
    from blog.models import BlogDetailPage
  File "/var/www/html/LivingArchiveOfAboriginalLanguages/blog/models.py", line 22, in <module>
    from wagtailgmaps.edit_handlers import MapFieldPanel
  File "/var/www/html/LivingArchiveOfAboriginalLanguages/env/lib/python3.11/site-packages/wagtailgmaps/edit_handlers.py", line 4, in <module>
    from wagtail.admin.edit_handlers import FieldPanel
ModuleNotFoundError: No module named 'wagtail.admin.edit_handlers'
unable to load app 0 (mountpoint='') (callable not found or import error)
*** no app loaded. going in full dynamic mode ***
*** uWSGI is running in multiple interpreter mode ***
spawned uWSGI master process (pid: 2639606)
spawned uWSGI worker 1 (pid: 2639607, cores: 1)
--- no python application found, check your startup logs for errors ---
[pid: 2639607|app: -1|req: -1/1] 150.203.2.65 () {60 vars in 1296 bytes} [Tue Nov  7 21:45:08 2023] GET / => generated 21 bytes in 0 msecs (HTTP/1.1 500) 2 headers in 83 bytes (0 switches on core 0)
SIGINT/SIGTERM received...killing workers...
worker 1 buried after 1 seconds
goodbye to uWSGI.
*** Starting uWSGI 2.0.23 (64bit) on [Tue Nov  7 21:46:24 2023] ***
compiled with version: 9.4.0 on 07 November 2023 21:42:00
os: Linux-5.4.0-136-generic #153-Ubuntu SMP Thu Nov 24 15:56:58 UTC 2022
nodename: studentlearn1
machine: x86_64
clock source: unix
pcre jit disabled
detected number of CPU cores: 4
current working directory: /var/www/html/LivingArchiveOfAboriginalLanguages
detected binary path: /var/www/html/LivingArchiveOfAboriginalLanguages/env/bin/uwsgi
setuid() to 8
chdir() to ./
your processes number limit is 31476
your memory page size is 4096 bytes
detected max file descriptor number: 1024
lock engine: pthread robust mutexes
thunder lock: disabled (you can enable it with --thunder-lock)
uwsgi socket 0 bound to TCP address 127.0.0.1:8006 fd 3
Python version: 3.11.5 (main, Aug 25 2023, 13:19:53) [GCC 9.4.0]
*** Python threads support is disabled. You can enable it with --enable-threads ***
Python main interpreter initialized at 0x7f67b0bba478
your server socket listen backlog is limited to 100 connections
your mercy for graceful operations on workers is 60 seconds
mapped 145840 bytes (142 KB) for 1 cores
*** Operational MODE: single process ***
Traceback (most recent call last):
  File "/var/www/html/LivingArchiveOfAboriginalLanguages/env/lib/python3.11/site-packages/django/core/handlers/wsgi.py", line 125, in __init__
    self.load_middleware()
  File "/var/www/html/LivingArchiveOfAboriginalLanguages/env/lib/python3.11/site-packages/django/core/handlers/base.py", line 40, in load_middleware
    middleware = import_string(middleware_path)
                 ^^^^^^^^^^^^^^^^^^^^^^^^^^^^^^
  File "/var/www/html/LivingArchiveOfAboriginalLanguages/env/lib/python3.11/site-packages/django/utils/module_loading.py", line 30, in import_string
    return cached_import(module_path, class_name)
           ^^^^^^^^^^^^^^^^^^^^^^^^^^^^^^^^^^^^^^
  File "/var/www/html/LivingArchiveOfAboriginalLanguages/env/lib/python3.11/site-packages/django/utils/module_loading.py", line 15, in cached_import
    module = import_module(module_path)
             ^^^^^^^^^^^^^^^^^^^^^^^^^^
  File "/usr/lib/python3.11/importlib/__init__.py", line 126, in import_module
    return _bootstrap._gcd_import(name[level:], package, level)
           ^^^^^^^^^^^^^^^^^^^^^^^^^^^^^^^^^^^^^^^^^^^^^^^^^^^^
  File "<frozen importlib._bootstrap>", line 1204, in _gcd_import
  File "<frozen importlib._bootstrap>", line 1176, in _find_and_load
  File "<frozen importlib._bootstrap>", line 1147, in _find_and_load_unlocked
  File "<frozen importlib._bootstrap>", line 690, in _load_unlocked
  File "<frozen importlib._bootstrap_external>", line 940, in exec_module
  File "<frozen importlib._bootstrap>", line 241, in _call_with_frames_removed
  File "/var/www/html/LivingArchiveOfAboriginalLanguages/env/lib/python3.11/site-packages/wagtail/contrib/redirects/middleware.py", line 7, in <module>
    from wagtail.contrib.redirects import models
  File "/var/www/html/LivingArchiveOfAboriginalLanguages/env/lib/python3.11/site-packages/wagtail/contrib/redirects/models.py", line 7, in <module>
    from wagtail.models import Page
  File "/var/www/html/LivingArchiveOfAboriginalLanguages/env/lib/python3.11/site-packages/wagtail/models/__init__.py", line 22, in <module>
    from django.contrib.auth.models import Group, Permission
  File "/var/www/html/LivingArchiveOfAboriginalLanguages/env/lib/python3.11/site-packages/django/contrib/auth/models.py", line 3, in <module>
    from django.contrib.auth.base_user import AbstractBaseUser, BaseUserManager
  File "/var/www/html/LivingArchiveOfAboriginalLanguages/env/lib/python3.11/site-packages/django/contrib/auth/base_user.py", line 50, in <module>
    class AbstractBaseUser(models.Model):
  File "/var/www/html/LivingArchiveOfAboriginalLanguages/env/lib/python3.11/site-packages/django/db/models/base.py", line 127, in __new__
    app_config = apps.get_containing_app_config(module)
                 ^^^^^^^^^^^^^^^^^^^^^^^^^^^^^^^^^^^^^^
  File "/var/www/html/LivingArchiveOfAboriginalLanguages/env/lib/python3.11/site-packages/django/apps/registry.py", line 260, in get_containing_app_config
    self.check_apps_ready()
  File "/var/www/html/LivingArchiveOfAboriginalLanguages/env/lib/python3.11/site-packages/django/apps/registry.py", line 138, in check_apps_ready
    raise AppRegistryNotReady("Apps aren't loaded yet.")
django.core.exceptions.AppRegistryNotReady: Apps aren't loaded yet.
unable to load app 0 (mountpoint='') (callable not found or import error)
Warning: DEFAULT_PDF_VIEW_PROVIDER unspecified.Make sure you have either django-weasyprint or django-tex installed, or provide a default.
Traceback (most recent call last):
  File "./livingarchive/wsgi.py", line 16, in <module>
    application = get_wsgi_application()
                  ^^^^^^^^^^^^^^^^^^^^^^
  File "/var/www/html/LivingArchiveOfAboriginalLanguages/env/lib/python3.11/site-packages/django/core/wsgi.py", line 12, in get_wsgi_application
    django.setup(set_prefix=False)
  File "/var/www/html/LivingArchiveOfAboriginalLanguages/env/lib/python3.11/site-packages/django/__init__.py", line 24, in setup
    apps.populate(settings.INSTALLED_APPS)
  File "/var/www/html/LivingArchiveOfAboriginalLanguages/env/lib/python3.11/site-packages/django/apps/registry.py", line 116, in populate
    app_config.import_models()
  File "/var/www/html/LivingArchiveOfAboriginalLanguages/env/lib/python3.11/site-packages/django/apps/config.py", line 269, in import_models
    self.models_module = import_module(models_module_name)
                         ^^^^^^^^^^^^^^^^^^^^^^^^^^^^^^^^^
  File "/usr/lib/python3.11/importlib/__init__.py", line 126, in import_module
    return _bootstrap._gcd_import(name[level:], package, level)
           ^^^^^^^^^^^^^^^^^^^^^^^^^^^^^^^^^^^^^^^^^^^^^^^^^^^^
  File "<frozen importlib._bootstrap>", line 1204, in _gcd_import
  File "<frozen importlib._bootstrap>", line 1176, in _find_and_load
  File "<frozen importlib._bootstrap>", line 1147, in _find_and_load_unlocked
  File "<frozen importlib._bootstrap>", line 690, in _load_unlocked
  File "<frozen importlib._bootstrap_external>", line 940, in exec_module
  File "<frozen importlib._bootstrap>", line 241, in _call_with_frames_removed
  File "/var/www/html/LivingArchiveOfAboriginalLanguages/home/models.py", line 5, in <module>
    from blog.models import BlogDetailPage
  File "/var/www/html/LivingArchiveOfAboriginalLanguages/blog/models.py", line 60, in <module>
    class BlogDetailPage(Page, PdfViewPageMixin):
  File "/var/www/html/LivingArchiveOfAboriginalLanguages/env/lib/python3.11/site-packages/django/db/models/base.py", line 192, in __new__
    new_class.add_to_class(obj_name, obj)
  File "/var/www/html/LivingArchiveOfAboriginalLanguages/env/lib/python3.11/site-packages/django/db/models/base.py", line 369, in add_to_class
    value.contribute_to_class(cls, name)
  File "/var/www/html/LivingArchiveOfAboriginalLanguages/env/lib/python3.11/site-packages/wagtail/fields.py", line 260, in contribute_to_class
    self._check_json_field()
  File "/var/www/html/LivingArchiveOfAboriginalLanguages/env/lib/python3.11/site-packages/wagtail/fields.py", line 121, in _check_json_field
    raise ImproperlyConfigured(
django.core.exceptions.ImproperlyConfigured: StreamField must explicitly set use_json_field=True
unable to load app 0 (mountpoint='') (callable not found or import error)
*** no app loaded. going in full dynamic mode ***
*** uWSGI is running in multiple interpreter mode ***
spawned uWSGI master process (pid: 2639613)
spawned uWSGI worker 1 (pid: 2639614, cores: 1)
--- no python application found, check your startup logs for errors ---
[pid: 2639614|app: -1|req: -1/1] 150.203.2.65 () {60 vars in 1296 bytes} [Tue Nov  7 21:46:28 2023] GET / => generated 21 bytes in 0 msecs (HTTP/1.1 500) 2 headers in 83 bytes (0 switches on core 0)
SIGINT/SIGTERM received...killing workers...
worker 1 buried after 1 seconds
goodbye to uWSGI.
*** Starting uWSGI 2.0.23 (64bit) on [Tue Nov  7 21:48:18 2023] ***
compiled with version: 9.4.0 on 07 November 2023 21:42:00
os: Linux-5.4.0-136-generic #153-Ubuntu SMP Thu Nov 24 15:56:58 UTC 2022
nodename: studentlearn1
machine: x86_64
clock source: unix
pcre jit disabled
detected number of CPU cores: 4
current working directory: /var/www/html/LivingArchiveOfAboriginalLanguages
detected binary path: /var/www/html/LivingArchiveOfAboriginalLanguages/env/bin/uwsgi
setuid() to 8
chdir() to ./
your processes number limit is 31476
your memory page size is 4096 bytes
detected max file descriptor number: 1024
lock engine: pthread robust mutexes
thunder lock: disabled (you can enable it with --thunder-lock)
uwsgi socket 0 bound to TCP address 127.0.0.1:8006 fd 3
Python version: 3.11.5 (main, Aug 25 2023, 13:19:53) [GCC 9.4.0]
*** Python threads support is disabled. You can enable it with --enable-threads ***
Python main interpreter initialized at 0x7f96f0876478
your server socket listen backlog is limited to 100 connections
your mercy for graceful operations on workers is 60 seconds
mapped 145840 bytes (142 KB) for 1 cores
*** Operational MODE: single process ***
Traceback (most recent call last):
  File "/var/www/html/LivingArchiveOfAboriginalLanguages/env/lib/python3.11/site-packages/django/core/handlers/wsgi.py", line 125, in __init__
    self.load_middleware()
  File "/var/www/html/LivingArchiveOfAboriginalLanguages/env/lib/python3.11/site-packages/django/core/handlers/base.py", line 40, in load_middleware
    middleware = import_string(middleware_path)
                 ^^^^^^^^^^^^^^^^^^^^^^^^^^^^^^
  File "/var/www/html/LivingArchiveOfAboriginalLanguages/env/lib/python3.11/site-packages/django/utils/module_loading.py", line 30, in import_string
    return cached_import(module_path, class_name)
           ^^^^^^^^^^^^^^^^^^^^^^^^^^^^^^^^^^^^^^
  File "/var/www/html/LivingArchiveOfAboriginalLanguages/env/lib/python3.11/site-packages/django/utils/module_loading.py", line 15, in cached_import
    module = import_module(module_path)
             ^^^^^^^^^^^^^^^^^^^^^^^^^^
  File "/usr/lib/python3.11/importlib/__init__.py", line 126, in import_module
    return _bootstrap._gcd_import(name[level:], package, level)
           ^^^^^^^^^^^^^^^^^^^^^^^^^^^^^^^^^^^^^^^^^^^^^^^^^^^^
  File "<frozen importlib._bootstrap>", line 1204, in _gcd_import
  File "<frozen importlib._bootstrap>", line 1176, in _find_and_load
  File "<frozen importlib._bootstrap>", line 1147, in _find_and_load_unlocked
  File "<frozen importlib._bootstrap>", line 690, in _load_unlocked
  File "<frozen importlib._bootstrap_external>", line 940, in exec_module
  File "<frozen importlib._bootstrap>", line 241, in _call_with_frames_removed
  File "/var/www/html/LivingArchiveOfAboriginalLanguages/env/lib/python3.11/site-packages/wagtail/contrib/redirects/middleware.py", line 7, in <module>
    from wagtail.contrib.redirects import models
  File "/var/www/html/LivingArchiveOfAboriginalLanguages/env/lib/python3.11/site-packages/wagtail/contrib/redirects/models.py", line 7, in <module>
    from wagtail.models import Page
  File "/var/www/html/LivingArchiveOfAboriginalLanguages/env/lib/python3.11/site-packages/wagtail/models/__init__.py", line 22, in <module>
    from django.contrib.auth.models import Group, Permission
  File "/var/www/html/LivingArchiveOfAboriginalLanguages/env/lib/python3.11/site-packages/django/contrib/auth/models.py", line 3, in <module>
    from django.contrib.auth.base_user import AbstractBaseUser, BaseUserManager
  File "/var/www/html/LivingArchiveOfAboriginalLanguages/env/lib/python3.11/site-packages/django/contrib/auth/base_user.py", line 50, in <module>
    class AbstractBaseUser(models.Model):
  File "/var/www/html/LivingArchiveOfAboriginalLanguages/env/lib/python3.11/site-packages/django/db/models/base.py", line 127, in __new__
    app_config = apps.get_containing_app_config(module)
                 ^^^^^^^^^^^^^^^^^^^^^^^^^^^^^^^^^^^^^^
  File "/var/www/html/LivingArchiveOfAboriginalLanguages/env/lib/python3.11/site-packages/django/apps/registry.py", line 260, in get_containing_app_config
    self.check_apps_ready()
  File "/var/www/html/LivingArchiveOfAboriginalLanguages/env/lib/python3.11/site-packages/django/apps/registry.py", line 138, in check_apps_ready
    raise AppRegistryNotReady("Apps aren't loaded yet.")
django.core.exceptions.AppRegistryNotReady: Apps aren't loaded yet.
unable to load app 0 (mountpoint='') (callable not found or import error)
Warning: DEFAULT_PDF_VIEW_PROVIDER unspecified.Make sure you have either django-weasyprint or django-tex installed, or provide a default.
/var/www/html/LivingArchiveOfAboriginalLanguages/env/lib/python3.11/site-packages/wagtail/search/index.py:301: RemovedInWagtail60Warning: The partial_match option on SearchField has no effect and will be removed. Use AutocompleteField instead
  warn(
/var/www/html/LivingArchiveOfAboriginalLanguages/env/lib/python3.11/site-packages/wagtail/contrib/modeladmin/apps.py:15: RemovedInWagtail60Warning: wagtail.contrib.modeladmin is deprecated. Use wagtail.snippets or the separate wagtail-modeladmin package instead.
  warn(
WSGI app 0 (mountpoint='') ready in 1 seconds on interpreter 0x7f96f0876478 pid: 2639622 (default app)
*** uWSGI is running in multiple interpreter mode ***
spawned uWSGI master process (pid: 2639622)
spawned uWSGI worker 1 (pid: 2639623, cores: 1)
[pid: 2639623|app: 0|req: 1/1] 150.203.2.65 () {60 vars in 1296 bytes} [Tue Nov  7 21:48:24 2023] GET / => generated 26387 bytes in 722 msecs (HTTP/1.1 200) 8 headers in 365 bytes (1 switches on core 0)
[pid: 2639623|app: 0|req: 2/2] 150.203.2.65 () {60 vars in 1327 bytes} [Tue Nov  7 21:48:27 2023] GET /admin/ => generated 162945 bytes in 79 msecs (HTTP/1.1 500) 7 headers in 249 bytes (1 switches on core 0)
SIGINT/SIGTERM received...killing workers...
worker 1 buried after 1 seconds
goodbye to uWSGI.
*** Starting uWSGI 2.0.23 (64bit) on [Tue Nov  7 21:54:17 2023] ***
compiled with version: 9.4.0 on 07 November 2023 21:42:00
os: Linux-5.4.0-136-generic #153-Ubuntu SMP Thu Nov 24 15:56:58 UTC 2022
nodename: studentlearn1
machine: x86_64
clock source: unix
pcre jit disabled
detected number of CPU cores: 4
current working directory: /var/www/html/LivingArchiveOfAboriginalLanguages
detected binary path: /var/www/html/LivingArchiveOfAboriginalLanguages/env/bin/uwsgi
setuid() to 8
chdir() to ./
your processes number limit is 31476
your memory page size is 4096 bytes
detected max file descriptor number: 1024
lock engine: pthread robust mutexes
thunder lock: disabled (you can enable it with --thunder-lock)
uwsgi socket 0 bound to TCP address 127.0.0.1:8006 fd 3
Python version: 3.11.5 (main, Aug 25 2023, 13:19:53) [GCC 9.4.0]
*** Python threads support is disabled. You can enable it with --enable-threads ***
Python main interpreter initialized at 0x7fc486b81478
your server socket listen backlog is limited to 100 connections
your mercy for graceful operations on workers is 60 seconds
mapped 145840 bytes (142 KB) for 1 cores
*** Operational MODE: single process ***
Traceback (most recent call last):
  File "/var/www/html/LivingArchiveOfAboriginalLanguages/env/lib/python3.11/site-packages/django/core/handlers/wsgi.py", line 125, in __init__
    self.load_middleware()
  File "/var/www/html/LivingArchiveOfAboriginalLanguages/env/lib/python3.11/site-packages/django/core/handlers/base.py", line 40, in load_middleware
    middleware = import_string(middleware_path)
                 ^^^^^^^^^^^^^^^^^^^^^^^^^^^^^^
  File "/var/www/html/LivingArchiveOfAboriginalLanguages/env/lib/python3.11/site-packages/django/utils/module_loading.py", line 30, in import_string
    return cached_import(module_path, class_name)
           ^^^^^^^^^^^^^^^^^^^^^^^^^^^^^^^^^^^^^^
  File "/var/www/html/LivingArchiveOfAboriginalLanguages/env/lib/python3.11/site-packages/django/utils/module_loading.py", line 15, in cached_import
    module = import_module(module_path)
             ^^^^^^^^^^^^^^^^^^^^^^^^^^
  File "/usr/lib/python3.11/importlib/__init__.py", line 126, in import_module
    return _bootstrap._gcd_import(name[level:], package, level)
           ^^^^^^^^^^^^^^^^^^^^^^^^^^^^^^^^^^^^^^^^^^^^^^^^^^^^
  File "<frozen importlib._bootstrap>", line 1204, in _gcd_import
  File "<frozen importlib._bootstrap>", line 1176, in _find_and_load
  File "<frozen importlib._bootstrap>", line 1147, in _find_and_load_unlocked
  File "<frozen importlib._bootstrap>", line 690, in _load_unlocked
  File "<frozen importlib._bootstrap_external>", line 940, in exec_module
  File "<frozen importlib._bootstrap>", line 241, in _call_with_frames_removed
  File "/var/www/html/LivingArchiveOfAboriginalLanguages/env/lib/python3.11/site-packages/wagtail/contrib/redirects/middleware.py", line 7, in <module>
    from wagtail.contrib.redirects import models
  File "/var/www/html/LivingArchiveOfAboriginalLanguages/env/lib/python3.11/site-packages/wagtail/contrib/redirects/models.py", line 7, in <module>
    from wagtail.models import Page
  File "/var/www/html/LivingArchiveOfAboriginalLanguages/env/lib/python3.11/site-packages/wagtail/models/__init__.py", line 22, in <module>
    from django.contrib.auth.models import Group, Permission
  File "/var/www/html/LivingArchiveOfAboriginalLanguages/env/lib/python3.11/site-packages/django/contrib/auth/models.py", line 3, in <module>
    from django.contrib.auth.base_user import AbstractBaseUser, BaseUserManager
  File "/var/www/html/LivingArchiveOfAboriginalLanguages/env/lib/python3.11/site-packages/django/contrib/auth/base_user.py", line 50, in <module>
    class AbstractBaseUser(models.Model):
  File "/var/www/html/LivingArchiveOfAboriginalLanguages/env/lib/python3.11/site-packages/django/db/models/base.py", line 127, in __new__
    app_config = apps.get_containing_app_config(module)
                 ^^^^^^^^^^^^^^^^^^^^^^^^^^^^^^^^^^^^^^
  File "/var/www/html/LivingArchiveOfAboriginalLanguages/env/lib/python3.11/site-packages/django/apps/registry.py", line 260, in get_containing_app_config
    self.check_apps_ready()
  File "/var/www/html/LivingArchiveOfAboriginalLanguages/env/lib/python3.11/site-packages/django/apps/registry.py", line 138, in check_apps_ready
    raise AppRegistryNotReady("Apps aren't loaded yet.")
django.core.exceptions.AppRegistryNotReady: Apps aren't loaded yet.
unable to load app 0 (mountpoint='') (callable not found or import error)
Warning: DEFAULT_PDF_VIEW_PROVIDER unspecified.Make sure you have either django-weasyprint or django-tex installed, or provide a default.
/var/www/html/LivingArchiveOfAboriginalLanguages/env/lib/python3.11/site-packages/wagtail/search/index.py:301: RemovedInWagtail60Warning: The partial_match option on SearchField has no effect and will be removed. Use AutocompleteField instead
  warn(
/var/www/html/LivingArchiveOfAboriginalLanguages/env/lib/python3.11/site-packages/wagtail/contrib/modeladmin/apps.py:15: RemovedInWagtail60Warning: wagtail.contrib.modeladmin is deprecated. Use wagtail.snippets or the separate wagtail-modeladmin package instead.
  warn(
WSGI app 0 (mountpoint='') ready in 1 seconds on interpreter 0x7fc486b81478 pid: 2639730 (default app)
*** uWSGI is running in multiple interpreter mode ***
spawned uWSGI master process (pid: 2639730)
spawned uWSGI worker 1 (pid: 2639732, cores: 1)
[pid: 2639732|app: 0|req: 1/1] 150.203.2.65 () {60 vars in 1308 bytes} [Tue Nov  7 21:54:20 2023] GET /admin/ => generated 16875 bytes in 891 msecs (HTTP/1.1 200) 11 headers in 575 bytes (1 switches on core 0)
[pid: 2639732|app: 0|req: 2/2] 150.203.2.65 () {56 vars in 1105 bytes} [Tue Nov  7 21:54:21 2023] GET /livingarchive/static/wagtailadmin/css/core.css?v=8281c5ab => generated 244694 bytes in 9 msecs via sendfile() (HTTP/1.1 200) 8 headers in 296 bytes (0 switches on core 0)
[pid: 2639732|app: 0|req: 3/3] 150.203.2.65 () {56 vars in 1110 bytes} [Tue Nov  7 21:54:21 2023] GET /livingarchive/static/wagtailvideos/css/summary-override.css => generated 364 bytes in 1 msecs via sendfile() (HTTP/1.1 200) 8 headers in 305 bytes (0 switches on core 0)
[pid: 2639732|app: 0|req: 4/4] 150.203.2.65 () {56 vars in 1121 bytes} [Tue Nov  7 21:54:21 2023] GET /livingarchive/static/wagtailmedia/css/wagtailmedia.css?v=8281c5ab => generated 57 bytes in 2 msecs via sendfile() (HTTP/1.1 200) 8 headers in 300 bytes (0 switches on core 0)
[pid: 2639732|app: 0|req: 5/5] 150.203.2.65 () {56 vars in 1143 bytes} [Tue Nov  7 21:54:21 2023] GET /livingarchive/static/wagtailmedia/css/wagtailmedia-comparison.css?v=8281c5ab => generated 485 bytes in 2 msecs via sendfile() (HTTP/1.1 200) 8 headers in 312 bytes (0 switches on core 0)
[pid: 2639732|app: 0|req: 6/6] 150.203.2.65 () {56 vars in 1088 bytes} [Tue Nov  7 21:54:21 2023] GET /livingarchive/static/wagtailadmin/js/icons.js?v=8281c5ab => generated 650 bytes in 1 msecs via sendfile() (HTTP/1.1 200) 8 headers in 307 bytes (0 switches on core 0)
[pid: 2639732|app: 0|req: 7/7] 150.203.2.65 () {56 vars in 1125 bytes} [Tue Nov  7 21:54:21 2023] GET /livingarchive/static/wagtailadmin/js/vendor/jquery-3.6.0.min.js?v=8281c5ab => generated 89531 bytes in 1 msecs via sendfile() (HTTP/1.1 200) 8 headers in 320 bytes (0 switches on core 0)
[pid: 2639732|app: 0|req: 8/8] 150.203.2.65 () {56 vars in 1133 bytes} [Tue Nov  7 21:54:21 2023] GET /livingarchive/static/wagtailadmin/js/vendor/jquery-ui-1.13.2.min.js?v=8281c5ab => generated 254377 bytes in 1 msecs via sendfile() (HTTP/1.1 200) 8 headers in 325 bytes (0 switches on core 0)
[pid: 2639732|app: 0|req: 9/9] 150.203.2.65 () {56 vars in 1135 bytes} [Tue Nov  7 21:54:21 2023] GET /livingarchive/static/wagtailadmin/js/vendor/jquery.datetimepicker.js?v=8281c5ab => generated 61449 bytes in 1 msecs via sendfile() (HTTP/1.1 200) 8 headers in 325 bytes (0 switches on core 0)
[pid: 2639732|app: 0|req: 10/10] 150.203.2.65 () {56 vars in 1133 bytes} [Tue Nov  7 21:54:21 2023] GET /livingarchive/static/wagtailadmin/js/vendor/bootstrap-transition.js?v=8281c5ab => generated 876 bytes in 2 msecs via sendfile() (HTTP/1.1 200) 8 headers in 322 bytes (0 switches on core 0)
[pid: 2639732|app: 0|req: 11/11] 150.203.2.65 () {56 vars in 1122 bytes} [Tue Nov  7 21:54:21 2023] GET /livingarchive/static/wagtailadmin/js/vendor/bootstrap-modal.js?v=8281c5ab => generated 3891 bytes in 1 msecs via sendfile() (HTTP/1.1 200) 8 headers in 318 bytes (0 switches on core 0)
[pid: 2639732|app: 0|req: 12/12] 150.203.2.65 () {56 vars in 1105 bytes} [Tue Nov  7 21:54:21 2023] GET /livingarchive/static/wagtailadmin/js/vendor/tag-it.js?v=8281c5ab => generated 8042 bytes in 1 msecs via sendfile() (HTTP/1.1 200) 8 headers in 309 bytes (0 switches on core 0)
[pid: 2639732|app: 0|req: 13/13] 150.203.2.65 () {56 vars in 1003 bytes} [Tue Nov  7 21:54:21 2023] GET /admin/jsi18n/ => generated 3343 bytes in 3 msecs (HTTP/1.1 200) 8 headers in 334 bytes (1 switches on core 0)
[pid: 2639732|app: 0|req: 14/14] 150.203.2.65 () {56 vars in 1087 bytes} [Tue Nov  7 21:54:21 2023] GET /livingarchive/static/wagtailadmin/js/core.js?v=8281c5ab => generated 23665 bytes in 2 msecs via sendfile() (HTTP/1.1 200) 8 headers in 308 bytes (0 switches on core 0)
[pid: 2639732|app: 0|req: 15/15] 150.203.2.65 () {56 vars in 1091 bytes} [Tue Nov  7 21:54:21 2023] GET /livingarchive/static/wagtailadmin/js/vendor.js?v=8281c5ab => generated 309848 bytes in 2 msecs via sendfile() (HTTP/1.1 200) 8 headers in 311 bytes (0 switches on core 0)
[pid: 2639732|app: 0|req: 16/16] 150.203.2.65 () {56 vars in 1103 bytes} [Tue Nov  7 21:54:21 2023] GET /livingarchive/static/wagtailadmin/js/wagtailadmin.js?v=8281c5ab => generated 13350 bytes in 2 msecs via sendfile() (HTTP/1.1 200) 8 headers in 316 bytes (0 switches on core 0)
[pid: 2639732|app: 0|req: 17/17] 150.203.2.65 () {56 vars in 1113 bytes} [Tue Nov  7 21:54:21 2023] GET /livingarchive/static/wagtailadmin/js/telepath/telepath.js?v=8281c5ab => generated 4529 bytes in 1 msecs via sendfile() (HTTP/1.1 200) 8 headers in 311 bytes (0 switches on core 0)
[pid: 2639732|app: 0|req: 18/18] 150.203.2.65 () {56 vars in 1092 bytes} [Tue Nov  7 21:54:21 2023] GET /livingarchive/static/wagtailadmin/js/sidebar.js?v=8281c5ab => generated 46207 bytes in 1 msecs via sendfile() (HTTP/1.1 200) 8 headers in 311 bytes (0 switches on core 0)
[pid: 2639732|app: 0|req: 19/19] 150.203.2.65 () {56 vars in 1018 bytes} [Tue Nov  7 21:54:21 2023] GET /admin/sprite-cc6454db/ => generated 69327 bytes in 3 msecs (HTTP/1.1 200) 8 headers in 327 bytes (1 switches on core 0)
[pid: 2639732|app: 0|req: 20/20] 150.203.2.65 () {58 vars in 1169 bytes} [Tue Nov  7 21:54:22 2023] GET /livingarchive/static/wagtailadmin/fonts/wagtail.woff => generated 24408 bytes in 2 msecs via sendfile() (HTTP/1.1 200) 8 headers in 300 bytes (0 switches on core 0)
[pid: 2639732|app: 0|req: 21/21] 150.203.2.65 () {56 vars in 1163 bytes} [Tue Nov  7 21:54:22 2023] GET /livingarchive/static/wagtailadmin/images/favicon.ico?v=8281c5ab => generated 2666 bytes in 3 msecs via sendfile() (HTTP/1.1 200) 8 headers in 313 bytes (0 switches on core 0)
[pid: 2639732|app: 0|req: 22/22] 150.203.2.65 () {58 vars in 1161 bytes} [Tue Nov  7 21:54:25 2023] GET /admin/api/main/pages/?child_of=1&for_explorer=1&fields=parent => generated 1510 bytes in 28 msecs (HTTP/1.1 200) 10 headers in 367 bytes (1 switches on core 0)
[pid: 2639732|app: 0|req: 23/23] 150.203.2.65 () {60 vars in 1201 bytes} [Tue Nov  7 21:54:27 2023] GET /admin/pages/3/ => generated 51514 bytes in 221 msecs (HTTP/1.1 200) 10 headers in 477 bytes (1 switches on core 0)
[pid: 2639732|app: 0|req: 24/24] 150.203.2.65 () {56 vars in 1012 bytes} [Tue Nov  7 21:54:27 2023] GET /admin/jsi18n/ => generated 3343 bytes in 5 msecs (HTTP/1.1 200) 8 headers in 334 bytes (1 switches on core 0)
[pid: 2639732|app: 0|req: 25/25] 150.203.2.65 () {56 vars in 1115 bytes} [Tue Nov  7 21:54:27 2023] GET /livingarchive/static/wagtailadmin/js/modal-workflow.js?v=8281c5ab => generated 3674 bytes in 1 msecs via sendfile() (HTTP/1.1 200) 8 headers in 317 bytes (0 switches on core 0)
[pid: 2639732|app: 0|req: 26/26] 150.203.2.65 () {56 vars in 1115 bytes} [Tue Nov  7 21:54:27 2023] GET /livingarchive/static/wagtailadmin/js/privacy-switch.js?v=8281c5ab => generated 2842 bytes in 1 msecs via sendfile() (HTTP/1.1 200) 8 headers in 317 bytes (0 switches on core 0)
[pid: 2639732|app: 0|req: 27/27] 150.203.2.65 () {56 vars in 1026 bytes} [Tue Nov  7 21:54:27 2023] GET /admin/sprite-cc6454db/ => generated 69327 bytes in 0 msecs (HTTP/1.1 200) 8 headers in 327 bytes (1 switches on core 0)
[pid: 2639732|app: 0|req: 28/28] 150.203.2.65 () {56 vars in 1110 bytes} [Tue Nov  7 21:54:27 2023] GET /livingarchive/static/wagtailadmin/js/bulk-actions.js?v=8281c5ab => generated 5531 bytes in 1 msecs via sendfile() (HTTP/1.1 200) 8 headers in 315 bytes (0 switches on core 0)
[pid: 2639732|app: 0|req: 29/29] 150.203.2.65 () {58 vars in 1249 bytes} [Tue Nov  7 21:54:27 2023] GET /livingarchive/static/wagtailadmin/images/icons/arrow-down.svg => generated 304 bytes in 1 msecs via sendfile() (HTTP/1.1 200) 8 headers in 304 bytes (0 switches on core 0)
SIGINT/SIGTERM received...killing workers...
worker 1 buried after 1 seconds
goodbye to uWSGI.
*** Starting uWSGI 2.0.23 (64bit) on [Tue Nov  7 21:54:52 2023] ***
compiled with version: 9.4.0 on 07 November 2023 21:42:00
os: Linux-5.4.0-136-generic #153-Ubuntu SMP Thu Nov 24 15:56:58 UTC 2022
nodename: studentlearn1
machine: x86_64
clock source: unix
pcre jit disabled
detected number of CPU cores: 4
current working directory: /var/www/html/LivingArchiveOfAboriginalLanguages
detected binary path: /var/www/html/LivingArchiveOfAboriginalLanguages/env/bin/uwsgi
setuid() to 8
chdir() to ./
your processes number limit is 31476
your memory page size is 4096 bytes
detected max file descriptor number: 1024
lock engine: pthread robust mutexes
thunder lock: disabled (you can enable it with --thunder-lock)
uwsgi socket 0 bound to TCP address 127.0.0.1:8006 fd 3
Python version: 3.11.5 (main, Aug 25 2023, 13:19:53) [GCC 9.4.0]
*** Python threads support is disabled. You can enable it with --enable-threads ***
Python main interpreter initialized at 0x7f6340137478
your server socket listen backlog is limited to 100 connections
your mercy for graceful operations on workers is 60 seconds
mapped 145840 bytes (142 KB) for 1 cores
*** Operational MODE: single process ***
Traceback (most recent call last):
  File "/var/www/html/LivingArchiveOfAboriginalLanguages/env/lib/python3.11/site-packages/django/core/handlers/wsgi.py", line 125, in __init__
    self.load_middleware()
  File "/var/www/html/LivingArchiveOfAboriginalLanguages/env/lib/python3.11/site-packages/django/core/handlers/base.py", line 40, in load_middleware
    middleware = import_string(middleware_path)
                 ^^^^^^^^^^^^^^^^^^^^^^^^^^^^^^
  File "/var/www/html/LivingArchiveOfAboriginalLanguages/env/lib/python3.11/site-packages/django/utils/module_loading.py", line 30, in import_string
    return cached_import(module_path, class_name)
           ^^^^^^^^^^^^^^^^^^^^^^^^^^^^^^^^^^^^^^
  File "/var/www/html/LivingArchiveOfAboriginalLanguages/env/lib/python3.11/site-packages/django/utils/module_loading.py", line 15, in cached_import
    module = import_module(module_path)
             ^^^^^^^^^^^^^^^^^^^^^^^^^^
  File "/usr/lib/python3.11/importlib/__init__.py", line 126, in import_module
    return _bootstrap._gcd_import(name[level:], package, level)
           ^^^^^^^^^^^^^^^^^^^^^^^^^^^^^^^^^^^^^^^^^^^^^^^^^^^^
  File "<frozen importlib._bootstrap>", line 1204, in _gcd_import
  File "<frozen importlib._bootstrap>", line 1176, in _find_and_load
  File "<frozen importlib._bootstrap>", line 1147, in _find_and_load_unlocked
  File "<frozen importlib._bootstrap>", line 690, in _load_unlocked
  File "<frozen importlib._bootstrap_external>", line 940, in exec_module
  File "<frozen importlib._bootstrap>", line 241, in _call_with_frames_removed
  File "/var/www/html/LivingArchiveOfAboriginalLanguages/env/lib/python3.11/site-packages/wagtail/contrib/redirects/middleware.py", line 7, in <module>
    from wagtail.contrib.redirects import models
  File "/var/www/html/LivingArchiveOfAboriginalLanguages/env/lib/python3.11/site-packages/wagtail/contrib/redirects/models.py", line 7, in <module>
    from wagtail.models import Page
  File "/var/www/html/LivingArchiveOfAboriginalLanguages/env/lib/python3.11/site-packages/wagtail/models/__init__.py", line 22, in <module>
    from django.contrib.auth.models import Group, Permission
  File "/var/www/html/LivingArchiveOfAboriginalLanguages/env/lib/python3.11/site-packages/django/contrib/auth/models.py", line 3, in <module>
    from django.contrib.auth.base_user import AbstractBaseUser, BaseUserManager
  File "/var/www/html/LivingArchiveOfAboriginalLanguages/env/lib/python3.11/site-packages/django/contrib/auth/base_user.py", line 50, in <module>
    class AbstractBaseUser(models.Model):
  File "/var/www/html/LivingArchiveOfAboriginalLanguages/env/lib/python3.11/site-packages/django/db/models/base.py", line 127, in __new__
    app_config = apps.get_containing_app_config(module)
                 ^^^^^^^^^^^^^^^^^^^^^^^^^^^^^^^^^^^^^^
  File "/var/www/html/LivingArchiveOfAboriginalLanguages/env/lib/python3.11/site-packages/django/apps/registry.py", line 260, in get_containing_app_config
    self.check_apps_ready()
  File "/var/www/html/LivingArchiveOfAboriginalLanguages/env/lib/python3.11/site-packages/django/apps/registry.py", line 138, in check_apps_ready
    raise AppRegistryNotReady("Apps aren't loaded yet.")
django.core.exceptions.AppRegistryNotReady: Apps aren't loaded yet.
unable to load app 0 (mountpoint='') (callable not found or import error)
Warning: DEFAULT_PDF_VIEW_PROVIDER unspecified.Make sure you have either django-weasyprint or django-tex installed, or provide a default.
/var/www/html/LivingArchiveOfAboriginalLanguages/env/lib/python3.11/site-packages/wagtail/search/index.py:301: RemovedInWagtail60Warning: The partial_match option on SearchField has no effect and will be removed. Use AutocompleteField instead
  warn(
/var/www/html/LivingArchiveOfAboriginalLanguages/env/lib/python3.11/site-packages/wagtail/contrib/modeladmin/apps.py:15: RemovedInWagtail60Warning: wagtail.contrib.modeladmin is deprecated. Use wagtail.snippets or the separate wagtail-modeladmin package instead.
  warn(
WSGI app 0 (mountpoint='') ready in 1 seconds on interpreter 0x7f6340137478 pid: 2639734 (default app)
*** uWSGI is running in multiple interpreter mode ***
spawned uWSGI master process (pid: 2639734)
spawned uWSGI worker 1 (pid: 2639735, cores: 1)
